[1.011s] Invoking command in '/home/camilo/ros2_ws/src/mcqueen': PYTHONPATH=/home/camilo/ros2_ws/build/mcqueen/prefix_override:/home/camilo/ros2_ws/install/mcqueen/lib/python3.10/site-packages:${PYTHONPATH} /usr/bin/python3 setup.py egg_info --egg-base ../../build/mcqueen build --build-base /home/camilo/ros2_ws/build/mcqueen/build install --record /home/camilo/ros2_ws/build/mcqueen/install.log --single-version-externally-managed
[1.196s] running egg_info
[1.196s] writing ../../build/mcqueen/mcqueen.egg-info/PKG-INFO
[1.201s] writing dependency_links to ../../build/mcqueen/mcqueen.egg-info/dependency_links.txt
[1.201s] writing entry points to ../../build/mcqueen/mcqueen.egg-info/entry_points.txt
[1.201s] writing requirements to ../../build/mcqueen/mcqueen.egg-info/requires.txt
[1.201s] writing top-level names to ../../build/mcqueen/mcqueen.egg-info/top_level.txt
[1.203s] reading manifest file '../../build/mcqueen/mcqueen.egg-info/SOURCES.txt'
[1.204s] writing manifest file '../../build/mcqueen/mcqueen.egg-info/SOURCES.txt'
[1.204s] running build
[1.204s] running build_py
[1.204s] running install
[1.205s] running install_lib
[1.206s] running install_data
[1.206s] running install_egg_info
[1.208s] removing '/home/camilo/ros2_ws/install/mcqueen/lib/python3.10/site-packages/mcqueen-0.0.0-py3.10.egg-info' (and everything under it)
[1.208s] Copying ../../build/mcqueen/mcqueen.egg-info to /home/camilo/ros2_ws/install/mcqueen/lib/python3.10/site-packages/mcqueen-0.0.0-py3.10.egg-info
[1.208s] running install_scripts
[1.223s] Installing mcqueen_controller script to /home/camilo/ros2_ws/install/mcqueen/lib/mcqueen
[1.224s] Installing mcqueen_interface script to /home/camilo/ros2_ws/install/mcqueen/lib/mcqueen
[1.224s] Installing mcqueen_player script to /home/camilo/ros2_ws/install/mcqueen/lib/mcqueen
[1.224s] Installing mcqueen_teleop script to /home/camilo/ros2_ws/install/mcqueen/lib/mcqueen
[1.224s] writing list of installed files to '/home/camilo/ros2_ws/build/mcqueen/install.log'
[1.287s] Invoked command in '/home/camilo/ros2_ws/src/mcqueen' returned '0': PYTHONPATH=/home/camilo/ros2_ws/build/mcqueen/prefix_override:/home/camilo/ros2_ws/install/mcqueen/lib/python3.10/site-packages:${PYTHONPATH} /usr/bin/python3 setup.py egg_info --egg-base ../../build/mcqueen build --build-base /home/camilo/ros2_ws/build/mcqueen/build install --record /home/camilo/ros2_ws/build/mcqueen/install.log --single-version-externally-managed
