[2.037s] Invoking command in '/home/robotica/ros2_ws/src/turtle_bot': PYTHONPATH=/home/robotica/ros2_ws/build/turtle_bot/prefix_override:/home/robotica/ros2_ws/install/turtle_bot/lib/python3.10/site-packages:${PYTHONPATH} /usr/bin/python3 setup.py egg_info --egg-base ../../build/turtle_bot build --build-base /home/robotica/ros2_ws/build/turtle_bot/build install --record /home/robotica/ros2_ws/build/turtle_bot/install.log --single-version-externally-managed
[2.712s] running egg_info
[2.714s] writing ../../build/turtle_bot/turtle_bot.egg-info/PKG-INFO
[2.718s] writing dependency_links to ../../build/turtle_bot/turtle_bot.egg-info/dependency_links.txt
[2.723s] writing entry points to ../../build/turtle_bot/turtle_bot.egg-info/entry_points.txt
[2.726s] writing requirements to ../../build/turtle_bot/turtle_bot.egg-info/requires.txt
[2.728s] writing top-level names to ../../build/turtle_bot/turtle_bot.egg-info/top_level.txt
[2.733s] reading manifest file '../../build/turtle_bot/turtle_bot.egg-info/SOURCES.txt'
[2.735s] writing manifest file '../../build/turtle_bot/turtle_bot.egg-info/SOURCES.txt'
[2.736s] running build
[2.739s] running build_py
[2.740s] copying turtle_bot/turtle_bot_interface.py -> /home/robotica/ros2_ws/build/turtle_bot/build/lib/turtle_bot
[2.742s] running install
[2.743s] running install_lib
[2.745s] copying /home/robotica/ros2_ws/build/turtle_bot/build/lib/turtle_bot/turtle_bot_interface.py -> /home/robotica/ros2_ws/install/turtle_bot/lib/python3.10/site-packages/turtle_bot
[2.746s] byte-compiling /home/robotica/ros2_ws/install/turtle_bot/lib/python3.10/site-packages/turtle_bot/turtle_bot_interface.py to turtle_bot_interface.cpython-310.pyc
[2.761s] running install_data
[2.772s] copying package.xml -> /home/robotica/ros2_ws/install/turtle_bot/share/turtle_bot
[2.772s] running install_egg_info
[2.775s] removing '/home/robotica/ros2_ws/install/turtle_bot/lib/python3.10/site-packages/turtle_bot-0.0.0-py3.10.egg-info' (and everything under it)
[2.785s] Copying ../../build/turtle_bot/turtle_bot.egg-info to /home/robotica/ros2_ws/install/turtle_bot/lib/python3.10/site-packages/turtle_bot-0.0.0-py3.10.egg-info
[2.786s] running install_scripts
[2.839s] Installing turtle_bot_interface script to /home/robotica/ros2_ws/install/turtle_bot/lib/turtle_bot
[2.843s] Installing turtle_bot_teleop script to /home/robotica/ros2_ws/install/turtle_bot/lib/turtle_bot
[2.845s] writing list of installed files to '/home/robotica/ros2_ws/build/turtle_bot/install.log'
[2.933s] Invoked command in '/home/robotica/ros2_ws/src/turtle_bot' returned '0': PYTHONPATH=/home/robotica/ros2_ws/build/turtle_bot/prefix_override:/home/robotica/ros2_ws/install/turtle_bot/lib/python3.10/site-packages:${PYTHONPATH} /usr/bin/python3 setup.py egg_info --egg-base ../../build/turtle_bot build --build-base /home/robotica/ros2_ws/build/turtle_bot/build install --record /home/robotica/ros2_ws/build/turtle_bot/install.log --single-version-externally-managed
