[1.561s] DEBUG:colcon:Command line arguments: ['/usr/bin/colcon', 'build']
[1.562s] DEBUG:colcon:Parsed command line arguments: Namespace(log_base=None, log_level=None, verb_name='build', build_base='build', install_base='install', merge_install=False, symlink_install=False, test_result_base=None, continue_on_error=False, executor='parallel', parallel_workers=1, event_handlers=None, ignore_user_meta=False, metas=['./colcon.meta'], base_paths=['.'], packages_ignore=None, packages_ignore_regex=None, paths=None, packages_up_to=None, packages_up_to_regex=None, packages_above=None, packages_above_and_dependencies=None, packages_above_depth=None, packages_select_by_dep=None, packages_skip_by_dep=None, packages_skip_up_to=None, packages_select_build_failed=False, packages_skip_build_finished=False, packages_select_test_failures=False, packages_skip_test_passed=False, packages_select=None, packages_skip=None, packages_select_regex=None, packages_skip_regex=None, packages_start=None, packages_end=None, allow_overriding=[], cmake_args=None, cmake_target=None, cmake_target_skip_unavailable=False, cmake_clean_cache=False, cmake_clean_first=False, cmake_force_configure=False, ament_cmake_args=None, catkin_cmake_args=None, catkin_skip_building_tests=False, verb_parser=<colcon_defaults.argument_parser.defaults.DefaultArgumentsDecorator object at 0x7f31c39b9de0>, verb_extension=<colcon_core.verb.build.BuildVerb object at 0x7f31c39aeb30>, main=<bound method BuildVerb.main of <colcon_core.verb.build.BuildVerb object at 0x7f31c39aeb30>>)
[1.641s] Level 1:colcon.colcon_core.package_discovery:discover_packages(colcon_meta) check parameters
[1.641s] Level 1:colcon.colcon_core.package_discovery:discover_packages(recursive) check parameters
[1.641s] Level 1:colcon.colcon_core.package_discovery:discover_packages(ignore) check parameters
[1.641s] Level 1:colcon.colcon_core.package_discovery:discover_packages(path) check parameters
[1.641s] Level 1:colcon.colcon_core.package_discovery:discover_packages(colcon_meta) discover
[1.641s] Level 1:colcon.colcon_core.package_discovery:discover_packages(recursive) discover
[1.641s] INFO:colcon.colcon_core.package_discovery:Crawling recursively for packages in '/home/robotica/ros2_ws'
[1.641s] Level 1:colcon.colcon_core.package_identification:_identify(.) by extensions ['ignore', 'ignore_ament_install']
[1.641s] Level 1:colcon.colcon_core.package_identification:_identify(.) by extension 'ignore'
[1.641s] Level 1:colcon.colcon_core.package_identification:_identify(.) by extension 'ignore_ament_install'
[1.641s] Level 1:colcon.colcon_core.package_identification:_identify(.) by extensions ['colcon_pkg']
[1.641s] Level 1:colcon.colcon_core.package_identification:_identify(.) by extension 'colcon_pkg'
[1.641s] Level 1:colcon.colcon_core.package_identification:_identify(.) by extensions ['colcon_meta']
[1.641s] Level 1:colcon.colcon_core.package_identification:_identify(.) by extension 'colcon_meta'
[1.641s] Level 1:colcon.colcon_core.package_identification:_identify(.) by extensions ['ros']
[1.641s] Level 1:colcon.colcon_core.package_identification:_identify(.) by extension 'ros'
[1.665s] Level 1:colcon.colcon_core.package_identification:_identify(.) by extensions ['cmake', 'python']
[1.665s] Level 1:colcon.colcon_core.package_identification:_identify(.) by extension 'cmake'
[1.665s] Level 1:colcon.colcon_core.package_identification:_identify(.) by extension 'python'
[1.665s] Level 1:colcon.colcon_core.package_identification:_identify(.) by extensions ['python_setup_py']
[1.665s] Level 1:colcon.colcon_core.package_identification:_identify(.) by extension 'python_setup_py'
[1.665s] Level 1:colcon.colcon_core.package_identification:_identify(build) by extensions ['ignore', 'ignore_ament_install']
[1.665s] Level 1:colcon.colcon_core.package_identification:_identify(build) by extension 'ignore'
[1.665s] Level 1:colcon.colcon_core.package_identification:_identify(build) ignored
[1.666s] Level 1:colcon.colcon_core.package_identification:_identify(install) by extensions ['ignore', 'ignore_ament_install']
[1.666s] Level 1:colcon.colcon_core.package_identification:_identify(install) by extension 'ignore'
[1.666s] Level 1:colcon.colcon_core.package_identification:_identify(install) ignored
[1.666s] Level 1:colcon.colcon_core.package_identification:_identify(log) by extensions ['ignore', 'ignore_ament_install']
[1.666s] Level 1:colcon.colcon_core.package_identification:_identify(log) by extension 'ignore'
[1.666s] Level 1:colcon.colcon_core.package_identification:_identify(log) ignored
[1.666s] Level 1:colcon.colcon_core.package_identification:_identify(src) by extensions ['ignore', 'ignore_ament_install']
[1.666s] Level 1:colcon.colcon_core.package_identification:_identify(src) by extension 'ignore'
[1.666s] Level 1:colcon.colcon_core.package_identification:_identify(src) by extension 'ignore_ament_install'
[1.666s] Level 1:colcon.colcon_core.package_identification:_identify(src) by extensions ['colcon_pkg']
[1.666s] Level 1:colcon.colcon_core.package_identification:_identify(src) by extension 'colcon_pkg'
[1.666s] Level 1:colcon.colcon_core.package_identification:_identify(src) by extensions ['colcon_meta']
[1.666s] Level 1:colcon.colcon_core.package_identification:_identify(src) by extension 'colcon_meta'
[1.666s] Level 1:colcon.colcon_core.package_identification:_identify(src) by extensions ['ros']
[1.666s] Level 1:colcon.colcon_core.package_identification:_identify(src) by extension 'ros'
[1.666s] Level 1:colcon.colcon_core.package_identification:_identify(src) by extensions ['cmake', 'python']
[1.666s] Level 1:colcon.colcon_core.package_identification:_identify(src) by extension 'cmake'
[1.666s] Level 1:colcon.colcon_core.package_identification:_identify(src) by extension 'python'
[1.666s] Level 1:colcon.colcon_core.package_identification:_identify(src) by extensions ['python_setup_py']
[1.666s] Level 1:colcon.colcon_core.package_identification:_identify(src) by extension 'python_setup_py'
[1.666s] Level 1:colcon.colcon_core.package_identification:_identify(src/turtle_bot) by extensions ['ignore', 'ignore_ament_install']
[1.667s] Level 1:colcon.colcon_core.package_identification:_identify(src/turtle_bot) by extension 'ignore'
[1.667s] Level 1:colcon.colcon_core.package_identification:_identify(src/turtle_bot) by extension 'ignore_ament_install'
[1.667s] Level 1:colcon.colcon_core.package_identification:_identify(src/turtle_bot) by extensions ['colcon_pkg']
[1.667s] Level 1:colcon.colcon_core.package_identification:_identify(src/turtle_bot) by extension 'colcon_pkg'
[1.667s] Level 1:colcon.colcon_core.package_identification:_identify(src/turtle_bot) by extensions ['colcon_meta']
[1.667s] Level 1:colcon.colcon_core.package_identification:_identify(src/turtle_bot) by extension 'colcon_meta'
[1.667s] Level 1:colcon.colcon_core.package_identification:_identify(src/turtle_bot) by extensions ['ros']
[1.667s] Level 1:colcon.colcon_core.package_identification:_identify(src/turtle_bot) by extension 'ros'
[1.682s] DEBUG:colcon.colcon_core.package_identification:Package 'src/turtle_bot' with type 'ros.ament_python' and name 'turtle_bot'
[1.682s] Level 1:colcon.colcon_core.package_discovery:discover_packages(recursive) using defaults
[1.682s] Level 1:colcon.colcon_core.package_discovery:discover_packages(ignore) discover
[1.683s] Level 1:colcon.colcon_core.package_discovery:discover_packages(ignore) using defaults
[1.683s] Level 1:colcon.colcon_core.package_discovery:discover_packages(path) discover
[1.683s] Level 1:colcon.colcon_core.package_discovery:discover_packages(path) using defaults
[1.792s] Level 1:colcon.colcon_core.package_discovery:discover_packages(prefix_path) check parameters
[1.792s] Level 1:colcon.colcon_core.package_discovery:discover_packages(prefix_path) discover
[1.846s] DEBUG:colcon.colcon_installed_package_information.package_discovery:Found 1 installed packages in /home/robotica/ros2_ws/install
[1.855s] DEBUG:colcon.colcon_installed_package_information.package_discovery:Found 270 installed packages in /opt/ros/humble
[1.867s] Level 1:colcon.colcon_core.package_discovery:discover_packages(prefix_path) using defaults
[1.995s] Level 5:colcon.colcon_core.verb:set package 'turtle_bot' build argument 'cmake_args' from command line to 'None'
[1.995s] Level 5:colcon.colcon_core.verb:set package 'turtle_bot' build argument 'cmake_target' from command line to 'None'
[1.995s] Level 5:colcon.colcon_core.verb:set package 'turtle_bot' build argument 'cmake_target_skip_unavailable' from command line to 'False'
[1.995s] Level 5:colcon.colcon_core.verb:set package 'turtle_bot' build argument 'cmake_clean_cache' from command line to 'False'
[1.995s] Level 5:colcon.colcon_core.verb:set package 'turtle_bot' build argument 'cmake_clean_first' from command line to 'False'
[1.995s] Level 5:colcon.colcon_core.verb:set package 'turtle_bot' build argument 'cmake_force_configure' from command line to 'False'
[1.995s] Level 5:colcon.colcon_core.verb:set package 'turtle_bot' build argument 'ament_cmake_args' from command line to 'None'
[1.995s] Level 5:colcon.colcon_core.verb:set package 'turtle_bot' build argument 'catkin_cmake_args' from command line to 'None'
[1.995s] Level 5:colcon.colcon_core.verb:set package 'turtle_bot' build argument 'catkin_skip_building_tests' from command line to 'False'
[1.995s] DEBUG:colcon.colcon_core.verb:Building package 'turtle_bot' with the following arguments: {'ament_cmake_args': None, 'build_base': '/home/robotica/ros2_ws/build/turtle_bot', 'catkin_cmake_args': None, 'catkin_skip_building_tests': False, 'cmake_args': None, 'cmake_clean_cache': False, 'cmake_clean_first': False, 'cmake_force_configure': False, 'cmake_target': None, 'cmake_target_skip_unavailable': False, 'install_base': '/home/robotica/ros2_ws/install/turtle_bot', 'merge_install': False, 'path': '/home/robotica/ros2_ws/src/turtle_bot', 'symlink_install': False, 'test_result_base': None}
[2.015s] INFO:colcon.colcon_core.executor:Executing jobs using 'parallel' executor
[2.035s] DEBUG:colcon.colcon_parallel_executor.executor.parallel:run_until_complete
[2.036s] INFO:colcon.colcon_ros.task.ament_python.build:Building ROS package in '/home/robotica/ros2_ws/src/turtle_bot' with build type 'ament_python'
[2.036s] Level 1:colcon.colcon_core.shell:create_environment_hook('turtle_bot', 'ament_prefix_path')
[2.044s] INFO:colcon.colcon_core.plugin_system:Skipping extension 'colcon_core.shell.bat': Not used on non-Windows systems
[2.056s] INFO:colcon.colcon_core.shell:Creating environment hook '/home/robotica/ros2_ws/install/turtle_bot/share/turtle_bot/hook/ament_prefix_path.ps1'
[2.066s] INFO:colcon.colcon_core.shell:Creating environment descriptor '/home/robotica/ros2_ws/install/turtle_bot/share/turtle_bot/hook/ament_prefix_path.dsv'
[2.070s] INFO:colcon.colcon_core.shell:Creating environment hook '/home/robotica/ros2_ws/install/turtle_bot/share/turtle_bot/hook/ament_prefix_path.sh'
[2.107s] INFO:colcon.colcon_core.shell:Skip shell extension 'powershell' for command environment: Not usable outside of PowerShell
[2.107s] DEBUG:colcon.colcon_core.shell:Skip shell extension 'dsv' for command environment
[2.760s] INFO:colcon.colcon_core.task.python.build:Building Python package in '/home/robotica/ros2_ws/src/turtle_bot'
[2.795s] INFO:colcon.colcon_core.shell:Skip shell extension 'powershell' for command environment: Not usable outside of PowerShell
[2.795s] DEBUG:colcon.colcon_core.shell:Skip shell extension 'dsv' for command environment
[3.630s] DEBUG:colcon.colcon_core.event_handler.log_command:Invoking command in '/home/robotica/ros2_ws/src/turtle_bot': PYTHONPATH=/home/robotica/ros2_ws/build/turtle_bot/prefix_override:/home/robotica/ros2_ws/install/turtle_bot/lib/python3.10/site-packages:${PYTHONPATH} /usr/bin/python3 setup.py egg_info --egg-base ../../build/turtle_bot build --build-base /home/robotica/ros2_ws/build/turtle_bot/build install --record /home/robotica/ros2_ws/build/turtle_bot/install.log --single-version-externally-managed
[4.286s] DEBUG:colcon.colcon_core.event_handler.log_command:Invoked command in '/home/robotica/ros2_ws/src/turtle_bot' returned '0': PYTHONPATH=/home/robotica/ros2_ws/build/turtle_bot/prefix_override:/home/robotica/ros2_ws/install/turtle_bot/lib/python3.10/site-packages:${PYTHONPATH} /usr/bin/python3 setup.py egg_info --egg-base ../../build/turtle_bot build --build-base /home/robotica/ros2_ws/build/turtle_bot/build install --record /home/robotica/ros2_ws/build/turtle_bot/install.log --single-version-externally-managed
[4.317s] Level 1:colcon.colcon_core.environment:checking '/home/robotica/ros2_ws/install/turtle_bot' for CMake module files
[4.317s] Level 1:colcon.colcon_core.environment:checking '/home/robotica/ros2_ws/install/turtle_bot' for CMake config files
[4.318s] Level 1:colcon.colcon_core.environment:checking '/home/robotica/ros2_ws/install/turtle_bot/lib'
[4.318s] Level 1:colcon.colcon_core.environment:checking '/home/robotica/ros2_ws/install/turtle_bot/bin'
[4.318s] Level 1:colcon.colcon_core.environment:checking '/home/robotica/ros2_ws/install/turtle_bot/lib/pkgconfig/turtle_bot.pc'
[4.318s] Level 1:colcon.colcon_core.environment:checking '/home/robotica/ros2_ws/install/turtle_bot/lib/python3.10/site-packages'
[4.318s] Level 1:colcon.colcon_core.shell:create_environment_hook('turtle_bot', 'pythonpath')
[4.325s] INFO:colcon.colcon_core.shell:Creating environment hook '/home/robotica/ros2_ws/install/turtle_bot/share/turtle_bot/hook/pythonpath.ps1'
[4.338s] INFO:colcon.colcon_core.shell:Creating environment descriptor '/home/robotica/ros2_ws/install/turtle_bot/share/turtle_bot/hook/pythonpath.dsv'
[4.339s] INFO:colcon.colcon_core.shell:Creating environment hook '/home/robotica/ros2_ws/install/turtle_bot/share/turtle_bot/hook/pythonpath.sh'
[4.347s] Level 1:colcon.colcon_core.environment:checking '/home/robotica/ros2_ws/install/turtle_bot/bin'
[4.347s] Level 1:colcon.colcon_core.environment:create_environment_scripts_only(turtle_bot)
[4.355s] INFO:colcon.colcon_core.shell:Creating package script '/home/robotica/ros2_ws/install/turtle_bot/share/turtle_bot/package.ps1'
[4.359s] INFO:colcon.colcon_core.shell:Creating package descriptor '/home/robotica/ros2_ws/install/turtle_bot/share/turtle_bot/package.dsv'
[4.360s] INFO:colcon.colcon_core.shell:Creating package script '/home/robotica/ros2_ws/install/turtle_bot/share/turtle_bot/package.sh'
[4.370s] INFO:colcon.colcon_core.shell:Creating package script '/home/robotica/ros2_ws/install/turtle_bot/share/turtle_bot/package.bash'
[4.371s] INFO:colcon.colcon_core.shell:Creating package script '/home/robotica/ros2_ws/install/turtle_bot/share/turtle_bot/package.zsh'
[4.372s] Level 1:colcon.colcon_core.environment:create_file_with_runtime_dependencies(/home/robotica/ros2_ws/install/turtle_bot/share/colcon-core/packages/turtle_bot)
[4.373s] DEBUG:colcon.colcon_parallel_executor.executor.parallel:closing loop
[4.373s] DEBUG:colcon.colcon_parallel_executor.executor.parallel:loop closed
[4.374s] DEBUG:colcon.colcon_parallel_executor.executor.parallel:run_until_complete finished with '0'
[4.374s] DEBUG:colcon.colcon_core.event_reactor:joining thread
[4.421s] INFO:colcon.colcon_core.plugin_system:Skipping extension 'colcon_notification.desktop_notification.terminal_notifier': Not used on non-Darwin systems
[4.421s] INFO:colcon.colcon_core.plugin_system:Skipping extension 'colcon_notification.desktop_notification.win32': Not used on non-Windows systems
[4.421s] INFO:colcon.colcon_notification.desktop_notification:Sending desktop notification using 'notify2'
[4.440s] DEBUG:colcon.colcon_core.event_reactor:joined thread
[4.461s] INFO:colcon.colcon_core.shell:Creating prefix script '/home/robotica/ros2_ws/install/local_setup.ps1'
[4.475s] INFO:colcon.colcon_core.shell:Creating prefix util module '/home/robotica/ros2_ws/install/_local_setup_util_ps1.py'
[4.483s] INFO:colcon.colcon_core.shell:Creating prefix chain script '/home/robotica/ros2_ws/install/setup.ps1'
[4.524s] INFO:colcon.colcon_core.shell:Creating prefix script '/home/robotica/ros2_ws/install/local_setup.sh'
[4.526s] INFO:colcon.colcon_core.shell:Creating prefix util module '/home/robotica/ros2_ws/install/_local_setup_util_sh.py'
[4.537s] INFO:colcon.colcon_core.shell:Creating prefix chain script '/home/robotica/ros2_ws/install/setup.sh'
[4.564s] INFO:colcon.colcon_core.shell:Creating prefix script '/home/robotica/ros2_ws/install/local_setup.bash'
[4.566s] INFO:colcon.colcon_core.shell:Creating prefix chain script '/home/robotica/ros2_ws/install/setup.bash'
[4.610s] INFO:colcon.colcon_core.shell:Creating prefix script '/home/robotica/ros2_ws/install/local_setup.zsh'
[4.611s] INFO:colcon.colcon_core.shell:Creating prefix chain script '/home/robotica/ros2_ws/install/setup.zsh'
