[0.108s] Invoking command in '/home/camilo/ros2_ws/build/sim_ros2_interface': CMAKE_PREFIX_PATH=${CMAKE_PREFIX_PATH}:/home/camilo/ros2_ws/install/turtle_bot:/opt/ros/humble /usr/bin/cmake --build /home/camilo/ros2_ws/build/sim_ros2_interface -- -j8 -l8
[0.149s] [  7%] [34m[1mGenerating generated/actcli_del.cpp[0m
[0.149s] [  7%] [34m[1mGenerating generated/actcli_sendGoal.cpp[0m
[0.150s] [  7%] [34m[1mGenerating generated/actcli_new.cpp[0m
[0.150s] [  9%] [34m[1mGenerating generated/actsrv_action_execute.cpp[0m
[0.150s] [ 12%] [34m[1mGenerating generated/actsrv_action_is_active.cpp[0m
[0.150s] [ 14%] [34m[1mGenerating generated/actcli_cancelLastGoal.cpp[0m
[0.155s] [ 17%] [34m[1mGenerating generated/actsrv_action_canceled.cpp[0m
[0.156s] [ 19%] [34m[1mGenerating generated/actsrv_action_abort.cpp[0m
[0.407s] [ 21%] [34m[1mGenerating generated/actsrv_action_is_executing.cpp[0m
[0.429s] [ 24%] [34m[1mGenerating generated/actsrv_action_publish_feedback.cpp[0m
[0.431s] [ 29%] [34m[1mGenerating generated/actsrv_action_succeed.cpp[0m
[0.432s] [ 29%] [34m[1mGenerating generated/actsrv_del.cpp[0m
[0.435s] [ 31%] [34m[1mGenerating generated/actsrv_action_is_canceling.cpp[0m
[0.440s] [ 34%] [34m[1mGenerating generated/actsrv_new.cpp[0m
[0.483s] [ 36%] [34m[1mGenerating generated/callbacks.cpp[0m
[0.495s] [ 39%] [34m[1mGenerating generated/callbacks.h[0m
[0.690s] [ 41%] [34m[1mGenerating generated/cli_del.cpp[0m
[0.705s] [ 43%] [34m[1mGenerating generated/cli_call.cpp[0m
[0.705s] [ 46%] [34m[1mGenerating generated/cli_new.cpp[0m
[0.711s] [ 48%] [34m[1mGenerating generated/cli_wait.cpp[0m
[0.744s] [ 51%] [34m[1mGenerating generated/if_const.cpp[0m
[0.751s] [ 53%] [34m[1mGenerating generated/if_list.cpp[0m
[0.810s] [ 56%] [34m[1mGenerating generated/if_new.cpp[0m
[0.844s] [ 58%] [34m[1mGenerating generated/pub_del.cpp[0m
[0.963s] [ 60%] [34m[1mGenerating generated/pub_publish.cpp[0m
[0.980s] [ 65%] [34m[1mGenerating generated/pub_new.cpp[0m
[0.980s] [ 65%] [34m[1mGenerating generated/srv_del.cpp[0m
[1.006s] [ 68%] [34m[1mGenerating generated/sub_del.cpp[0m
[1.017s] [ 70%] [34m[1mGenerating generated/srv_new.cpp[0m
[1.077s] [ 73%] [34m[1mGenerating generated/sub_new.cpp[0m
[1.289s] [ 73%] Built target generate_ros_code
[1.308s] [35m[1mConsolidate compiler generated dependencies of target simExtROS2[0m
[1.343s] [ 75%] [32mBuilding CXX object CMakeFiles/simExtROS2.dir/src/sim_ros2_interface.cpp.o[0m
[1.344s] [ 78%] [32mBuilding CXX object CMakeFiles/simExtROS2.dir/generated/callbacks.cpp.o[0m
[110.170s] [ 80%] [32m[1mLinking CXX shared library libsimExtROS2.so[0m
[111.454s] [100%] Built target simExtROS2
[111.462s] Invoked command in '/home/camilo/ros2_ws/build/sim_ros2_interface' returned '0': CMAKE_PREFIX_PATH=${CMAKE_PREFIX_PATH}:/home/camilo/ros2_ws/install/turtle_bot:/opt/ros/humble /usr/bin/cmake --build /home/camilo/ros2_ws/build/sim_ros2_interface -- -j8 -l8
[111.496s] Invoking command in '/home/camilo/ros2_ws/build/sim_ros2_interface': CMAKE_PREFIX_PATH=${CMAKE_PREFIX_PATH}:/home/camilo/ros2_ws/install/turtle_bot:/opt/ros/humble /usr/bin/cmake --install /home/camilo/ros2_ws/build/sim_ros2_interface
[111.503s] -- Install configuration: "Release"
[111.504s] -- Execute custom install script
[111.505s] -- Up-to-date symlink: /home/camilo/Downloads/Coppelia/lua/simROS2-typecheck.lua
[111.505s] -- Up-to-date symlink: /home/camilo/Downloads/Coppelia/lua/simROS2.lua
[111.506s] -- Up-to-date symlink: /home/camilo/Downloads/Coppelia/helpFiles/en/simROS2.htm
[111.507s] -- Up-to-date symlink: /home/camilo/Downloads/Coppelia/helpFiles/index/simROS2.json
[111.507s] -- Up-to-date symlink: /home/camilo/Downloads/Coppelia/libsimExtROS2.so
[111.509s] -- Up-to-date symlink: /home/camilo/ros2_ws/install/sim_ros2_interface/share/ament_index/resource_index/package_run_dependencies/sim_ros2_interface
[111.510s] -- Up-to-date symlink: /home/camilo/ros2_ws/install/sim_ros2_interface/share/ament_index/resource_index/parent_prefix_path/sim_ros2_interface
[111.510s] -- Up-to-date symlink: /home/camilo/ros2_ws/install/sim_ros2_interface/share/sim_ros2_interface/environment/ament_prefix_path.sh
[111.510s] -- Up-to-date symlink: /home/camilo/ros2_ws/install/sim_ros2_interface/share/sim_ros2_interface/environment/ament_prefix_path.dsv
[111.510s] -- Up-to-date symlink: /home/camilo/ros2_ws/install/sim_ros2_interface/share/sim_ros2_interface/environment/path.sh
[111.511s] -- Up-to-date symlink: /home/camilo/ros2_ws/install/sim_ros2_interface/share/sim_ros2_interface/environment/path.dsv
[111.511s] -- Up-to-date symlink: /home/camilo/ros2_ws/install/sim_ros2_interface/share/sim_ros2_interface/local_setup.bash
[111.511s] -- Up-to-date symlink: /home/camilo/ros2_ws/install/sim_ros2_interface/share/sim_ros2_interface/local_setup.sh
[111.511s] -- Up-to-date symlink: /home/camilo/ros2_ws/install/sim_ros2_interface/share/sim_ros2_interface/local_setup.zsh
[111.511s] -- Up-to-date symlink: /home/camilo/ros2_ws/install/sim_ros2_interface/share/sim_ros2_interface/local_setup.dsv
[111.511s] -- Symlinking: /home/camilo/ros2_ws/install/sim_ros2_interface/share/sim_ros2_interface/package.dsv
[111.519s] -- Up-to-date symlink: /home/camilo/ros2_ws/install/sim_ros2_interface/share/ament_index/resource_index/packages/sim_ros2_interface
[111.519s] -- Up-to-date symlink: /home/camilo/ros2_ws/install/sim_ros2_interface/share/sim_ros2_interface/cmake/sim_ros2_interfaceConfig.cmake
[111.519s] -- Up-to-date symlink: /home/camilo/ros2_ws/install/sim_ros2_interface/share/sim_ros2_interface/cmake/sim_ros2_interfaceConfig-version.cmake
[111.520s] -- Up-to-date symlink: /home/camilo/ros2_ws/install/sim_ros2_interface/share/sim_ros2_interface/package.xml
[111.522s] Invoked command in '/home/camilo/ros2_ws/build/sim_ros2_interface' returned '0': CMAKE_PREFIX_PATH=${CMAKE_PREFIX_PATH}:/home/camilo/ros2_ws/install/turtle_bot:/opt/ros/humble /usr/bin/cmake --install /home/camilo/ros2_ws/build/sim_ros2_interface
