[0.152s] Invoking command in '/home/camilo/ros2_ws/build/ros2_bubble_rob': CMAKE_PREFIX_PATH=${CMAKE_PREFIX_PATH}:/home/camilo/ros2_ws/install/turtle_bot:/opt/ros/humble /usr/bin/cmake /home/camilo/ros2_ws/src/ros2_bubble_rob -DCMAKE_BUILD_TYPE=Release -DAMENT_CMAKE_SYMLINK_INSTALL=1 -DCMAKE_INSTALL_PREFIX=/home/camilo/ros2_ws/install/ros2_bubble_rob
[0.169s] -- Found ament_cmake: 1.3.7 (/opt/ros/humble/share/ament_cmake/cmake)
[0.297s] -- Override CMake install command with custom implementation using symlinks instead of copying resources
[0.312s] -- Found rclcpp: 16.0.8 (/opt/ros/humble/share/rclcpp/cmake)
[0.353s] -- Found rosidl_generator_c: 3.1.5 (/opt/ros/humble/share/rosidl_generator_c/cmake)
[0.356s] -- Found rosidl_adapter: 3.1.5 (/opt/ros/humble/share/rosidl_adapter/cmake)
[0.363s] -- Found rosidl_generator_cpp: 3.1.5 (/opt/ros/humble/share/rosidl_generator_cpp/cmake)
[0.372s] -- Using all available rosidl_typesupport_c: rosidl_typesupport_fastrtps_c;rosidl_typesupport_introspection_c
[0.388s] -- Using all available rosidl_typesupport_cpp: rosidl_typesupport_fastrtps_cpp;rosidl_typesupport_introspection_cpp
[0.449s] -- Found rmw_implementation_cmake: 6.1.1 (/opt/ros/humble/share/rmw_implementation_cmake/cmake)
[0.451s] -- Found rmw_fastrtps_cpp: 6.2.6 (/opt/ros/humble/share/rmw_fastrtps_cpp/cmake)
[0.556s] -- Using RMW implementation 'rmw_fastrtps_cpp' as default
[0.704s] -- Found ament_lint_auto: 0.12.10 (/opt/ros/humble/share/ament_lint_auto/cmake)
[0.776s] -- Added test 'copyright' to check source files copyright and LICENSE
[0.780s] -- Added test 'cppcheck' to perform static code analysis on C / C++ code
[0.780s] -- Configured cppcheck include dirs: $<BUILD_INTERFACE:/home/camilo/ros2_ws/src/ros2_bubble_rob/include>
[0.780s] -- Configured cppcheck exclude dirs and/or files: 
[0.782s] -- Added test 'cpplint' to check C / C++ code against the Google style
[0.782s] -- Configured cpplint exclude dirs and/or files: 
[0.782s] -- Added test 'lint_cmake' to check CMake code style
[0.784s] -- Added test 'uncrustify' to check C / C++ code style
[0.785s] -- Configured uncrustify additional arguments: 
[0.785s] -- Added test 'xmllint' to check XML markup files
[0.787s] -- Configuring done
[0.797s] -- Generating done
[0.798s] -- Build files have been written to: /home/camilo/ros2_ws/build/ros2_bubble_rob
[0.803s] Invoked command in '/home/camilo/ros2_ws/build/ros2_bubble_rob' returned '0': CMAKE_PREFIX_PATH=${CMAKE_PREFIX_PATH}:/home/camilo/ros2_ws/install/turtle_bot:/opt/ros/humble /usr/bin/cmake /home/camilo/ros2_ws/src/ros2_bubble_rob -DCMAKE_BUILD_TYPE=Release -DAMENT_CMAKE_SYMLINK_INSTALL=1 -DCMAKE_INSTALL_PREFIX=/home/camilo/ros2_ws/install/ros2_bubble_rob
[0.805s] Invoking command in '/home/camilo/ros2_ws/build/ros2_bubble_rob': CMAKE_PREFIX_PATH=${CMAKE_PREFIX_PATH}:/home/camilo/ros2_ws/install/turtle_bot:/opt/ros/humble /usr/bin/cmake --build /home/camilo/ros2_ws/build/ros2_bubble_rob -- -j8 -l8
[0.837s] [35m[1mConsolidate compiler generated dependencies of target ros2BubbleRob[0m
[0.882s] [100%] Built target ros2BubbleRob
[0.891s] Invoked command in '/home/camilo/ros2_ws/build/ros2_bubble_rob' returned '0': CMAKE_PREFIX_PATH=${CMAKE_PREFIX_PATH}:/home/camilo/ros2_ws/install/turtle_bot:/opt/ros/humble /usr/bin/cmake --build /home/camilo/ros2_ws/build/ros2_bubble_rob -- -j8 -l8
[0.917s] Invoking command in '/home/camilo/ros2_ws/build/ros2_bubble_rob': CMAKE_PREFIX_PATH=${CMAKE_PREFIX_PATH}:/home/camilo/ros2_ws/install/turtle_bot:/opt/ros/humble /usr/bin/cmake --install /home/camilo/ros2_ws/build/ros2_bubble_rob
[0.923s] -- Install configuration: "Release"
[0.923s] -- Execute custom install script
[0.923s] -- Up-to-date symlink: /home/camilo/ros2_ws/install/ros2_bubble_rob/share/ament_index/resource_index/package_run_dependencies/ros2_bubble_rob
[0.923s] -- Up-to-date symlink: /home/camilo/ros2_ws/install/ros2_bubble_rob/share/ament_index/resource_index/parent_prefix_path/ros2_bubble_rob
[0.923s] -- Up-to-date symlink: /home/camilo/ros2_ws/install/ros2_bubble_rob/share/ros2_bubble_rob/environment/ament_prefix_path.sh
[0.923s] -- Up-to-date symlink: /home/camilo/ros2_ws/install/ros2_bubble_rob/share/ros2_bubble_rob/environment/ament_prefix_path.dsv
[0.924s] -- Up-to-date symlink: /home/camilo/ros2_ws/install/ros2_bubble_rob/share/ros2_bubble_rob/environment/path.sh
[0.924s] -- Up-to-date symlink: /home/camilo/ros2_ws/install/ros2_bubble_rob/share/ros2_bubble_rob/environment/path.dsv
[0.924s] -- Up-to-date symlink: /home/camilo/ros2_ws/install/ros2_bubble_rob/share/ros2_bubble_rob/local_setup.bash
[0.924s] -- Up-to-date symlink: /home/camilo/ros2_ws/install/ros2_bubble_rob/share/ros2_bubble_rob/local_setup.sh
[0.924s] -- Up-to-date symlink: /home/camilo/ros2_ws/install/ros2_bubble_rob/share/ros2_bubble_rob/local_setup.zsh
[0.924s] -- Up-to-date symlink: /home/camilo/ros2_ws/install/ros2_bubble_rob/share/ros2_bubble_rob/local_setup.dsv
[0.924s] -- Symlinking: /home/camilo/ros2_ws/install/ros2_bubble_rob/share/ros2_bubble_rob/package.dsv
[0.932s] -- Up-to-date symlink: /home/camilo/ros2_ws/install/ros2_bubble_rob/share/ament_index/resource_index/packages/ros2_bubble_rob
[0.932s] -- Up-to-date symlink: /home/camilo/ros2_ws/install/ros2_bubble_rob/share/ros2_bubble_rob/cmake/ros2_bubble_robConfig.cmake
[0.932s] -- Up-to-date symlink: /home/camilo/ros2_ws/install/ros2_bubble_rob/share/ros2_bubble_rob/cmake/ros2_bubble_robConfig-version.cmake
[0.933s] -- Up-to-date symlink: /home/camilo/ros2_ws/install/ros2_bubble_rob/share/ros2_bubble_rob/package.xml
[0.933s] -- Up-to-date: /home/camilo/ros2_ws/install/ros2_bubble_rob/lib/ros2_bubble_rob/ros2BubbleRob
[0.935s] Invoked command in '/home/camilo/ros2_ws/build/ros2_bubble_rob' returned '0': CMAKE_PREFIX_PATH=${CMAKE_PREFIX_PATH}:/home/camilo/ros2_ws/install/turtle_bot:/opt/ros/humble /usr/bin/cmake --install /home/camilo/ros2_ws/build/ros2_bubble_rob
