[0.149s] Invoking command in '/home/camilo/ros2_ws/build/ros2_bubble_rob': CMAKE_PREFIX_PATH=${CMAKE_PREFIX_PATH}:/home/camilo/ros2_ws/install/turtle_bot:/opt/ros/humble /usr/bin/cmake /home/camilo/ros2_ws/src/ros2_bubble_rob -DCMAKE_INSTALL_PREFIX=/home/camilo/ros2_ws/install/ros2_bubble_rob
[0.161s] -- Found ament_cmake: 1.3.7 (/opt/ros/humble/share/ament_cmake/cmake)
[0.287s] -- Override CMake install command with custom implementation using symlinks instead of copying resources
[0.299s] -- Found rclcpp: 16.0.8 (/opt/ros/humble/share/rclcpp/cmake)
[0.337s] -- Found rosidl_generator_c: 3.1.5 (/opt/ros/humble/share/rosidl_generator_c/cmake)
[0.339s] -- Found rosidl_adapter: 3.1.5 (/opt/ros/humble/share/rosidl_adapter/cmake)
[0.344s] -- Found rosidl_generator_cpp: 3.1.5 (/opt/ros/humble/share/rosidl_generator_cpp/cmake)
[0.355s] -- Using all available rosidl_typesupport_c: rosidl_typesupport_fastrtps_c;rosidl_typesupport_introspection_c
[0.371s] -- Using all available rosidl_typesupport_cpp: rosidl_typesupport_fastrtps_cpp;rosidl_typesupport_introspection_cpp
[0.431s] -- Found rmw_implementation_cmake: 6.1.1 (/opt/ros/humble/share/rmw_implementation_cmake/cmake)
[0.433s] -- Found rmw_fastrtps_cpp: 6.2.6 (/opt/ros/humble/share/rmw_fastrtps_cpp/cmake)
[0.536s] -- Using RMW implementation 'rmw_fastrtps_cpp' as default
[0.682s] -- Found ament_lint_auto: 0.12.10 (/opt/ros/humble/share/ament_lint_auto/cmake)
[0.748s] -- Added test 'copyright' to check source files copyright and LICENSE
[0.751s] -- Added test 'cppcheck' to perform static code analysis on C / C++ code
[0.751s] -- Configured cppcheck include dirs: $<BUILD_INTERFACE:/home/camilo/ros2_ws/src/ros2_bubble_rob/include>
[0.751s] -- Configured cppcheck exclude dirs and/or files: 
[0.754s] -- Added test 'cpplint' to check C / C++ code against the Google style
[0.754s] -- Configured cpplint exclude dirs and/or files: 
[0.755s] -- Added test 'lint_cmake' to check CMake code style
[0.758s] -- Added test 'uncrustify' to check C / C++ code style
[0.759s] -- Configured uncrustify additional arguments: 
[0.759s] -- Added test 'xmllint' to check XML markup files
[0.760s] -- Configuring done
[0.768s] -- Generating done
[0.770s] -- Build files have been written to: /home/camilo/ros2_ws/build/ros2_bubble_rob
[0.776s] Invoked command in '/home/camilo/ros2_ws/build/ros2_bubble_rob' returned '0': CMAKE_PREFIX_PATH=${CMAKE_PREFIX_PATH}:/home/camilo/ros2_ws/install/turtle_bot:/opt/ros/humble /usr/bin/cmake /home/camilo/ros2_ws/src/ros2_bubble_rob -DCMAKE_INSTALL_PREFIX=/home/camilo/ros2_ws/install/ros2_bubble_rob
[0.777s] Invoking command in '/home/camilo/ros2_ws/build/ros2_bubble_rob': CMAKE_PREFIX_PATH=${CMAKE_PREFIX_PATH}:/home/camilo/ros2_ws/install/turtle_bot:/opt/ros/humble /usr/bin/cmake --build /home/camilo/ros2_ws/build/ros2_bubble_rob -- -j8 -l8
[0.809s] [35m[1mConsolidate compiler generated dependencies of target ros2BubbleRob[0m
[0.826s] [100%] Built target ros2BubbleRob
[0.835s] Invoked command in '/home/camilo/ros2_ws/build/ros2_bubble_rob' returned '0': CMAKE_PREFIX_PATH=${CMAKE_PREFIX_PATH}:/home/camilo/ros2_ws/install/turtle_bot:/opt/ros/humble /usr/bin/cmake --build /home/camilo/ros2_ws/build/ros2_bubble_rob -- -j8 -l8
[0.861s] Invoking command in '/home/camilo/ros2_ws/build/ros2_bubble_rob': CMAKE_PREFIX_PATH=${CMAKE_PREFIX_PATH}:/home/camilo/ros2_ws/install/turtle_bot:/opt/ros/humble /usr/bin/cmake --install /home/camilo/ros2_ws/build/ros2_bubble_rob
[0.867s] -- Install configuration: "Release"
[0.867s] -- Execute custom install script
[0.867s] -- Up-to-date symlink: /home/camilo/ros2_ws/install/ros2_bubble_rob/share/ament_index/resource_index/package_run_dependencies/ros2_bubble_rob
[0.867s] -- Up-to-date symlink: /home/camilo/ros2_ws/install/ros2_bubble_rob/share/ament_index/resource_index/parent_prefix_path/ros2_bubble_rob
[0.867s] -- Up-to-date symlink: /home/camilo/ros2_ws/install/ros2_bubble_rob/share/ros2_bubble_rob/environment/ament_prefix_path.sh
[0.867s] -- Up-to-date symlink: /home/camilo/ros2_ws/install/ros2_bubble_rob/share/ros2_bubble_rob/environment/ament_prefix_path.dsv
[0.867s] -- Up-to-date symlink: /home/camilo/ros2_ws/install/ros2_bubble_rob/share/ros2_bubble_rob/environment/path.sh
[0.868s] -- Up-to-date symlink: /home/camilo/ros2_ws/install/ros2_bubble_rob/share/ros2_bubble_rob/environment/path.dsv
[0.868s] -- Up-to-date symlink: /home/camilo/ros2_ws/install/ros2_bubble_rob/share/ros2_bubble_rob/local_setup.bash
[0.868s] -- Up-to-date symlink: /home/camilo/ros2_ws/install/ros2_bubble_rob/share/ros2_bubble_rob/local_setup.sh
[0.868s] -- Up-to-date symlink: /home/camilo/ros2_ws/install/ros2_bubble_rob/share/ros2_bubble_rob/local_setup.zsh
[0.868s] -- Up-to-date symlink: /home/camilo/ros2_ws/install/ros2_bubble_rob/share/ros2_bubble_rob/local_setup.dsv
[0.868s] -- Symlinking: /home/camilo/ros2_ws/install/ros2_bubble_rob/share/ros2_bubble_rob/package.dsv
[0.875s] -- Up-to-date symlink: /home/camilo/ros2_ws/install/ros2_bubble_rob/share/ament_index/resource_index/packages/ros2_bubble_rob
[0.875s] -- Up-to-date symlink: /home/camilo/ros2_ws/install/ros2_bubble_rob/share/ros2_bubble_rob/cmake/ros2_bubble_robConfig.cmake
[0.876s] -- Up-to-date symlink: /home/camilo/ros2_ws/install/ros2_bubble_rob/share/ros2_bubble_rob/cmake/ros2_bubble_robConfig-version.cmake
[0.876s] -- Up-to-date symlink: /home/camilo/ros2_ws/install/ros2_bubble_rob/share/ros2_bubble_rob/package.xml
[0.876s] -- Up-to-date: /home/camilo/ros2_ws/install/ros2_bubble_rob/lib/ros2_bubble_rob/ros2BubbleRob
[0.878s] Invoked command in '/home/camilo/ros2_ws/build/ros2_bubble_rob' returned '0': CMAKE_PREFIX_PATH=${CMAKE_PREFIX_PATH}:/home/camilo/ros2_ws/install/turtle_bot:/opt/ros/humble /usr/bin/cmake --install /home/camilo/ros2_ws/build/ros2_bubble_rob
