[  2%] [34m[1mGenerating generated/actcli_cancelLastGoal.cpp[0m
[  7%] [34m[1mGenerating generated/actsrv_action_canceled.cpp[0m
[ 10%] [34m[1mGenerating generated/actcli_del.cpp[0m
[ 10%] [34m[1mGenerating generated/actsrv_action_abort.cpp[0m
[ 12%] [34m[1mGenerating generated/actcli_new.cpp[0m
[ 15%] [34m[1mGenerating generated/actcli_sendGoal.cpp[0m
[ 17%] [34m[1mGenerating generated/actsrv_action_execute.cpp[0m
[ 20%] [34m[1mGenerating generated/actsrv_action_is_active.cpp[0m
[ 22%] [34m[1mGenerating generated/actsrv_action_is_executing.cpp[0m
[ 25%] [34m[1mGenerating generated/actsrv_action_publish_feedback.cpp[0m
[ 27%] [34m[1mGenerating generated/actsrv_action_succeed.cpp[0m
[ 30%] [34m[1mGenerating generated/actsrv_action_is_canceling.cpp[0m
[ 32%] [34m[1mGenerating generated/actsrv_del.cpp[0m
[ 35%] [34m[1mGenerating generated/actsrv_new.cpp[0m
[ 37%] [34m[1mGenerating generated/callbacks.cpp[0m
[ 40%] [34m[1mGenerating generated/callbacks.h[0m
[ 42%] [34m[1mGenerating generated/cli_call.cpp[0m
[ 45%] [34m[1mGenerating generated/cli_new.cpp[0m
[ 47%] [34m[1mGenerating generated/cli_del.cpp[0m
[ 50%] [34m[1mGenerating generated/cli_wait.cpp[0m
[ 52%] [34m[1mGenerating generated/if_const.cpp[0m
[ 55%] [34m[1mGenerating generated/if_list.cpp[0m
[ 57%] [34m[1mGenerating generated/if_new.cpp[0m
[ 60%] [34m[1mGenerating generated/pub_del.cpp[0m
[ 62%] [34m[1mGenerating generated/pub_new.cpp[0m
[ 65%] [34m[1mGenerating generated/pub_publish.cpp[0m
[ 67%] [34m[1mGenerating generated/srv_del.cpp[0m
[ 70%] [34m[1mGenerating generated/srv_new.cpp[0m
[ 72%] [34m[1mGenerating generated/sub_del.cpp[0m
[ 75%] [34m[1mGenerating generated/sub_new.cpp[0m
[ 75%] Built target generate_ros_code
[ 77%] [32mBuilding CXX object CMakeFiles/simExtROS2.dir/src/sim_ros2_interface.cpp.o[0m
[ 80%] [32mBuilding CXX object CMakeFiles/simExtROS2.dir/generated/callbacks.cpp.o[0m
