[0.108s] Invoking command in '/home/camilo/ros2_ws/build/sim_ros2_interface': CMAKE_PREFIX_PATH=${CMAKE_PREFIX_PATH}:/home/camilo/ros2_ws/install/turtle_bot:/opt/ros/humble /usr/bin/cmake /home/camilo/ros2_ws/src/sim_ros2_interface -DCMAKE_INSTALL_PREFIX=/home/camilo/ros2_ws/install/sim_ros2_interface
[0.122s] -- Found ament_cmake: 1.3.7 (/opt/ros/humble/share/ament_cmake/cmake)
[0.237s] -- Override CMake install command with custom implementation using symlinks instead of copying resources
[0.249s] -- Found ament_cmake_ros: 0.10.0 (/opt/ros/humble/share/ament_cmake_ros/cmake)
[0.254s] -- Found diagnostic_msgs: 4.2.3 (/opt/ros/humble/share/diagnostic_msgs/cmake)
[0.284s] -- Found rosidl_generator_c: 3.1.5 (/opt/ros/humble/share/rosidl_generator_c/cmake)
[0.287s] -- Found rosidl_adapter: 3.1.5 (/opt/ros/humble/share/rosidl_adapter/cmake)
[0.295s] -- Found rosidl_generator_cpp: 3.1.5 (/opt/ros/humble/share/rosidl_generator_cpp/cmake)
[0.309s] -- Using all available rosidl_typesupport_c: rosidl_typesupport_fastrtps_c;rosidl_typesupport_introspection_c
[0.325s] -- Using all available rosidl_typesupport_cpp: rosidl_typesupport_fastrtps_cpp;rosidl_typesupport_introspection_cpp
[0.424s] -- Found geometry_msgs: 4.2.3 (/opt/ros/humble/share/geometry_msgs/cmake)
[0.463s] -- Found lifecycle_msgs: 1.2.1 (/opt/ros/humble/share/lifecycle_msgs/cmake)
[0.479s] -- Found map_msgs: 2.1.0 (/opt/ros/humble/share/map_msgs/cmake)
[0.727s] -- Found pendulum_msgs: 0.20.3 (/opt/ros/humble/share/pendulum_msgs/cmake)
[0.753s] -- Found rosgraph_msgs: 1.2.1 (/opt/ros/humble/share/rosgraph_msgs/cmake)
[0.782s] -- Found shape_msgs: 4.2.3 (/opt/ros/humble/share/shape_msgs/cmake)
[0.826s] -- Found stereo_msgs: 4.2.3 (/opt/ros/humble/share/stereo_msgs/cmake)
[0.894s] -- Found tf2_geometry_msgs: 0.25.5 (/opt/ros/humble/share/tf2_geometry_msgs/cmake)
[0.899s] -- Found eigen3_cmake_module: 0.1.1 (/opt/ros/humble/share/eigen3_cmake_module/cmake)
[0.900s] -- Ensuring Eigen3 include directory is part of orocos-kdl CMake target
[1.009s] -- Found rmw_implementation_cmake: 6.1.1 (/opt/ros/humble/share/rmw_implementation_cmake/cmake)
[1.011s] -- Found rmw_fastrtps_cpp: 6.2.6 (/opt/ros/humble/share/rmw_fastrtps_cpp/cmake)
[1.113s] -- Using RMW implementation 'rmw_fastrtps_cpp' as default
[1.444s] -- Found trajectory_msgs: 4.2.3 (/opt/ros/humble/share/trajectory_msgs/cmake)
[1.508s] -- Found visualization_msgs: 4.2.3 (/opt/ros/humble/share/visualization_msgs/cmake)
[1.600s] -- Found std_srvs: 4.2.3 (/opt/ros/humble/share/std_srvs/cmake)
[1.614s] -- Found example_interfaces: 0.9.3 (/opt/ros/humble/share/example_interfaces/cmake)
[1.659s] -- Found image_transport: 3.1.8 (/opt/ros/humble/share/image_transport/cmake)
[1.677s] -- CoppeliaSim: LIBPLUGIN_DIR: /home/camilo/Downloads/Coppelia/programming/libPlugin.
[1.677s] -- CoppeliaSim: COPPELIASIM_ROOT_DIR: /home/camilo/Downloads/Coppelia.
[1.677s] -- Found CoppeliaSim installation at /home/camilo/Downloads/Coppelia.
[1.677s] -- Checking CoppeliaSim header version...
[1.941s] -- CoppeliaSim headers version 4.4.0 rev0
[1.946s] -- Found Boost: /usr/lib/x86_64-linux-gnu/cmake/Boost-1.74.0/BoostConfig.cmake (found version "1.74.0") found components: regex 
[2.000s] -- Found Boost: /usr/lib/x86_64-linux-gnu/cmake/Boost-1.74.0/BoostConfig.cmake (found version "1.74.0")  
[2.000s] -- Adding simStubsGen command...
[2.044s] -- Reading plugin metadata...
[2.684s] -- Plugin: ROS2
[2.747s] -- Configuring done
[2.764s] -- Generating done
[2.765s] -- Build files have been written to: /home/camilo/ros2_ws/build/sim_ros2_interface
[2.774s] Invoked command in '/home/camilo/ros2_ws/build/sim_ros2_interface' returned '0': CMAKE_PREFIX_PATH=${CMAKE_PREFIX_PATH}:/home/camilo/ros2_ws/install/turtle_bot:/opt/ros/humble /usr/bin/cmake /home/camilo/ros2_ws/src/sim_ros2_interface -DCMAKE_INSTALL_PREFIX=/home/camilo/ros2_ws/install/sim_ros2_interface
[2.775s] Invoking command in '/home/camilo/ros2_ws/build/sim_ros2_interface': CMAKE_PREFIX_PATH=${CMAKE_PREFIX_PATH}:/home/camilo/ros2_ws/install/turtle_bot:/opt/ros/humble /usr/bin/cmake --build /home/camilo/ros2_ws/build/sim_ros2_interface -- -j8 -l8
[2.816s] [ 73%] Built target generate_ros_code
[2.835s] [35m[1mConsolidate compiler generated dependencies of target simExtROS2[0m
[2.869s] [100%] Built target simExtROS2
[2.884s] Invoked command in '/home/camilo/ros2_ws/build/sim_ros2_interface' returned '0': CMAKE_PREFIX_PATH=${CMAKE_PREFIX_PATH}:/home/camilo/ros2_ws/install/turtle_bot:/opt/ros/humble /usr/bin/cmake --build /home/camilo/ros2_ws/build/sim_ros2_interface -- -j8 -l8
[2.942s] Invoking command in '/home/camilo/ros2_ws/build/sim_ros2_interface': CMAKE_PREFIX_PATH=${CMAKE_PREFIX_PATH}:/home/camilo/ros2_ws/install/turtle_bot:/opt/ros/humble /usr/bin/cmake --install /home/camilo/ros2_ws/build/sim_ros2_interface
[2.950s] -- Install configuration: "Release"
[2.950s] -- Execute custom install script
[2.951s] -- Up-to-date symlink: /home/camilo/Downloads/Coppelia/lua/simROS2-typecheck.lua
[2.951s] -- Up-to-date symlink: /home/camilo/Downloads/Coppelia/lua/simROS2.lua
[2.951s] -- Up-to-date symlink: /home/camilo/Downloads/Coppelia/helpFiles/en/simROS2.htm
[2.951s] -- Up-to-date symlink: /home/camilo/Downloads/Coppelia/helpFiles/index/simROS2.json
[2.951s] -- Up-to-date symlink: /home/camilo/Downloads/Coppelia/libsimExtROS2.so
[2.951s] -- Up-to-date symlink: /home/camilo/ros2_ws/install/sim_ros2_interface/share/ament_index/resource_index/package_run_dependencies/sim_ros2_interface
[2.951s] -- Up-to-date symlink: /home/camilo/ros2_ws/install/sim_ros2_interface/share/ament_index/resource_index/parent_prefix_path/sim_ros2_interface
[2.951s] -- Up-to-date symlink: /home/camilo/ros2_ws/install/sim_ros2_interface/share/sim_ros2_interface/environment/ament_prefix_path.sh
[2.952s] -- Up-to-date symlink: /home/camilo/ros2_ws/install/sim_ros2_interface/share/sim_ros2_interface/environment/ament_prefix_path.dsv
[2.952s] -- Up-to-date symlink: /home/camilo/ros2_ws/install/sim_ros2_interface/share/sim_ros2_interface/environment/path.sh
[2.952s] -- Up-to-date symlink: /home/camilo/ros2_ws/install/sim_ros2_interface/share/sim_ros2_interface/environment/path.dsv
[2.952s] -- Up-to-date symlink: /home/camilo/ros2_ws/install/sim_ros2_interface/share/sim_ros2_interface/local_setup.bash
[2.952s] -- Up-to-date symlink: /home/camilo/ros2_ws/install/sim_ros2_interface/share/sim_ros2_interface/local_setup.sh
[2.952s] -- Up-to-date symlink: /home/camilo/ros2_ws/install/sim_ros2_interface/share/sim_ros2_interface/local_setup.zsh
[2.952s] -- Up-to-date symlink: /home/camilo/ros2_ws/install/sim_ros2_interface/share/sim_ros2_interface/local_setup.dsv
[2.952s] -- Symlinking: /home/camilo/ros2_ws/install/sim_ros2_interface/share/sim_ros2_interface/package.dsv
[2.959s] -- Up-to-date symlink: /home/camilo/ros2_ws/install/sim_ros2_interface/share/ament_index/resource_index/packages/sim_ros2_interface
[2.959s] -- Up-to-date symlink: /home/camilo/ros2_ws/install/sim_ros2_interface/share/sim_ros2_interface/cmake/sim_ros2_interfaceConfig.cmake
[2.959s] -- Up-to-date symlink: /home/camilo/ros2_ws/install/sim_ros2_interface/share/sim_ros2_interface/cmake/sim_ros2_interfaceConfig-version.cmake
[2.959s] -- Up-to-date symlink: /home/camilo/ros2_ws/install/sim_ros2_interface/share/sim_ros2_interface/package.xml
[2.961s] Invoked command in '/home/camilo/ros2_ws/build/sim_ros2_interface' returned '0': CMAKE_PREFIX_PATH=${CMAKE_PREFIX_PATH}:/home/camilo/ros2_ws/install/turtle_bot:/opt/ros/humble /usr/bin/cmake --install /home/camilo/ros2_ws/build/sim_ros2_interface
