[0.149s] Invoking command in '/home/camilo/ros2_ws/build/ros2_bubble_rob': CMAKE_PREFIX_PATH=${CMAKE_PREFIX_PATH}:/home/camilo/ros2_ws/install/turtle_bot:/opt/ros/humble /usr/bin/cmake --build /home/camilo/ros2_ws/build/ros2_bubble_rob -- -j8 -l8
[0.185s] [35m[1mConsolidate compiler generated dependencies of target ros2BubbleRob[0m
[0.203s] [100%] Built target ros2BubbleRob
[0.394s] Invoked command in '/home/camilo/ros2_ws/build/ros2_bubble_rob' returned '0': CMAKE_PREFIX_PATH=${CMAKE_PREFIX_PATH}:/home/camilo/ros2_ws/install/turtle_bot:/opt/ros/humble /usr/bin/cmake --build /home/camilo/ros2_ws/build/ros2_bubble_rob -- -j8 -l8
[0.419s] Invoking command in '/home/camilo/ros2_ws/build/ros2_bubble_rob': CMAKE_PREFIX_PATH=${CMAKE_PREFIX_PATH}:/home/camilo/ros2_ws/install/turtle_bot:/opt/ros/humble /usr/bin/cmake --install /home/camilo/ros2_ws/build/ros2_bubble_rob
[0.425s] -- Install configuration: "Release"
[0.426s] -- Execute custom install script
[0.426s] -- Up-to-date symlink: /home/camilo/ros2_ws/install/ros2_bubble_rob/share/ament_index/resource_index/package_run_dependencies/ros2_bubble_rob
[0.426s] -- Up-to-date symlink: /home/camilo/ros2_ws/install/ros2_bubble_rob/share/ament_index/resource_index/parent_prefix_path/ros2_bubble_rob
[0.426s] -- Up-to-date symlink: /home/camilo/ros2_ws/install/ros2_bubble_rob/share/ros2_bubble_rob/environment/ament_prefix_path.sh
[0.427s] -- Up-to-date symlink: /home/camilo/ros2_ws/install/ros2_bubble_rob/share/ros2_bubble_rob/environment/ament_prefix_path.dsv
[0.427s] -- Up-to-date symlink: /home/camilo/ros2_ws/install/ros2_bubble_rob/share/ros2_bubble_rob/environment/path.sh
[0.427s] -- Up-to-date symlink: /home/camilo/ros2_ws/install/ros2_bubble_rob/share/ros2_bubble_rob/environment/path.dsv
[0.427s] -- Up-to-date symlink: /home/camilo/ros2_ws/install/ros2_bubble_rob/share/ros2_bubble_rob/local_setup.bash
[0.427s] -- Up-to-date symlink: /home/camilo/ros2_ws/install/ros2_bubble_rob/share/ros2_bubble_rob/local_setup.sh
[0.428s] -- Up-to-date symlink: /home/camilo/ros2_ws/install/ros2_bubble_rob/share/ros2_bubble_rob/local_setup.zsh
[0.428s] -- Up-to-date symlink: /home/camilo/ros2_ws/install/ros2_bubble_rob/share/ros2_bubble_rob/local_setup.dsv
[0.428s] -- Symlinking: /home/camilo/ros2_ws/install/ros2_bubble_rob/share/ros2_bubble_rob/package.dsv
[0.436s] -- Up-to-date symlink: /home/camilo/ros2_ws/install/ros2_bubble_rob/share/ament_index/resource_index/packages/ros2_bubble_rob
[0.436s] -- Up-to-date symlink: /home/camilo/ros2_ws/install/ros2_bubble_rob/share/ros2_bubble_rob/cmake/ros2_bubble_robConfig.cmake
[0.436s] -- Up-to-date symlink: /home/camilo/ros2_ws/install/ros2_bubble_rob/share/ros2_bubble_rob/cmake/ros2_bubble_robConfig-version.cmake
[0.437s] -- Up-to-date symlink: /home/camilo/ros2_ws/install/ros2_bubble_rob/share/ros2_bubble_rob/package.xml
[0.437s] -- Installing: /home/camilo/ros2_ws/install/ros2_bubble_rob/lib/ros2_bubble_rob/ros2BubbleRob
[0.438s] -- Set runtime path of "/home/camilo/ros2_ws/install/ros2_bubble_rob/lib/ros2_bubble_rob/ros2BubbleRob" to ""
[0.440s] Invoked command in '/home/camilo/ros2_ws/build/ros2_bubble_rob' returned '0': CMAKE_PREFIX_PATH=${CMAKE_PREFIX_PATH}:/home/camilo/ros2_ws/install/turtle_bot:/opt/ros/humble /usr/bin/cmake --install /home/camilo/ros2_ws/build/ros2_bubble_rob
