[ 75%] Built target generate_ros_code
[ 77%] [34m[1mGenerating generated/stubs.cpp, generated/stubs.h, generated/plugin.h, generated/stubsPlusPlus.cpp, generated/index.json, generated/reference.html, generated/lua_calltips.cpp, generated/simROS2-typecheck.lua[0m
/home/camilo/Downloads/Coppelia/programming/include/simStubsGen/generate.py --verbose --xml-file /home/camilo/ros2_ws/src/sim_ros2_interface/meta/callbacks.xml --gen-all /home/camilo/ros2_ws/build/sim_ros2_interface/generated --lua-file /home/camilo/ros2_ws/src/sim_ros2_interface/simROS2.lua
/usr/bin/python3 /home/camilo/Downloads/Coppelia/programming/include/simStubsGen/generate_lua_xml.py /home/camilo/ros2_ws/src/sim_ros2_interface/meta/callbacks.xml /home/camilo/ros2_ws/src/sim_ros2_interface/simROS2.lua /home/camilo/ros2_ws/build/sim_ros2_interface/generated/lua.xml
/usr/bin/python3 /home/camilo/Downloads/Coppelia/programming/include/simStubsGen/merge_xml.py /home/camilo/ros2_ws/src/sim_ros2_interface/meta/callbacks.xml /home/camilo/ros2_ws/build/sim_ros2_interface/generated/lua.xml /home/camilo/ros2_ws/build/sim_ros2_interface/generated/reference.xml
xsltproc -o /home/camilo/ros2_ws/build/sim_ros2_interface/generated/reference.html /home/camilo/Downloads/Coppelia/programming/include/simStubsGen/xsl/reference.xsl /home/camilo/ros2_ws/build/sim_ros2_interface/generated/reference.xml
/usr/bin/python3 /home/camilo/Downloads/Coppelia/programming/include/simStubsGen/generate_lua_calltips.py /home/camilo/ros2_ws/build/sim_ros2_interface/generated/lua.xml /home/camilo/ros2_ws/build/sim_ros2_interface/generated/lua_calltips.cpp
/usr/bin/python3 /home/camilo/Downloads/Coppelia/programming/include/simStubsGen/generate_lua_typechecker.py /home/camilo/ros2_ws/src/sim_ros2_interface/simROS2.lua /home/camilo/ros2_ws/build/sim_ros2_interface/generated/lua.xml /home/camilo/ros2_ws/build/sim_ros2_interface/generated/simROS2-typecheck.lua
/usr/bin/python3 /home/camilo/Downloads/Coppelia/programming/include/simStubsGen/generate_api_index.py /home/camilo/ros2_ws/build/sim_ros2_interface/generated/reference.xml /home/camilo/ros2_ws/build/sim_ros2_interface/generated/index.json
/usr/bin/python3 /home/camilo/Downloads/Coppelia/programming/include/simStubsGen/external/pycpp/pycpp.py -p xml_file=/home/camilo/ros2_ws/src/sim_ros2_interface/meta/callbacks.xml -p have_lua_calltips=True -P /home/camilo/Downloads/Coppelia/programming/include/simStubsGen -p lua_require=simROS2-typecheck -i /home/camilo/Downloads/Coppelia/programming/include/simStubsGen/cpp/stubs.cpp -o /home/camilo/ros2_ws/build/sim_ros2_interface/generated/stubs.cpp
/usr/bin/python3 /home/camilo/Downloads/Coppelia/programming/include/simStubsGen/external/pycpp/pycpp.py -p xml_file=/home/camilo/ros2_ws/src/sim_ros2_interface/meta/callbacks.xml -p have_lua_calltips=True -P /home/camilo/Downloads/Coppelia/programming/include/simStubsGen -p lua_require=simROS2-typecheck -i /home/camilo/Downloads/Coppelia/programming/include/simStubsGen/cpp/stubs.h -o /home/camilo/ros2_ws/build/sim_ros2_interface/generated/stubs.h
/usr/bin/python3 /home/camilo/Downloads/Coppelia/programming/include/simStubsGen/external/pycpp/pycpp.py -p xml_file=/home/camilo/ros2_ws/src/sim_ros2_interface/meta/callbacks.xml -p have_lua_calltips=True -P /home/camilo/Downloads/Coppelia/programming/include/simStubsGen -p lua_require=simROS2-typecheck -i /home/camilo/Downloads/Coppelia/programming/include/simStubsGen/cpp/plugin.h -o /home/camilo/ros2_ws/build/sim_ros2_interface/generated/plugin.h
/usr/bin/python3 /home/camilo/Downloads/Coppelia/programming/include/simStubsGen/external/pycpp/pycpp.py -p xml_file=/home/camilo/ros2_ws/src/sim_ros2_interface/meta/callbacks.xml -p have_lua_calltips=True -P /home/camilo/Downloads/Coppelia/programming/include/simStubsGen -p lua_require=simROS2-typecheck -i /home/camilo/Downloads/Coppelia/programming/include/simStubsGen/cpp/stubsPlusPlus.cpp -o /home/camilo/ros2_ws/build/sim_ros2_interface/generated/stubsPlusPlus.cpp
[35m[1mConsolidate compiler generated dependencies of target simExtROS2[0m
[ 80%] [32mBuilding CXX object CMakeFiles/simExtROS2.dir/home/camilo/Downloads/Coppelia/programming/include/simLib/simLib.cpp.o[0m
[ 82%] [32mBuilding CXX object CMakeFiles/simExtROS2.dir/generated/stubs.cpp.o[0m
[ 85%] [32mBuilding CXX object CMakeFiles/simExtROS2.dir/home/camilo/Downloads/Coppelia/programming/include/simPlusPlus/Lib.cpp.o[0m
[ 87%] [32mBuilding CXX object CMakeFiles/simExtROS2.dir/home/camilo/Downloads/Coppelia/programming/include/simPlusPlus/Plugin.cpp.o[0m
[ 92%] [32mBuilding CXX object CMakeFiles/simExtROS2.dir/src/ros_msg_builtin_io.cpp.o[0m
[ 92%] [32mBuilding CXX object CMakeFiles/simExtROS2.dir/src/sim_ros2_interface.cpp.o[0m
[ 95%] [32mBuilding CXX object CMakeFiles/simExtROS2.dir/generated/callbacks.cpp.o[0m
[ 97%] [32m[1mLinking CXX shared library libsimExtROS2.so[0m
[100%] Built target simExtROS2
-- Install configuration: "Release"
-- Execute custom install script
-- Symlinking: /home/camilo/Downloads/Coppelia/lua/simROS2-typecheck.lua
-- Symlinking: /home/camilo/Downloads/Coppelia/lua/simROS2.lua
-- Symlinking: /home/camilo/Downloads/Coppelia/helpFiles/en/simROS2.htm
-- Symlinking: /home/camilo/Downloads/Coppelia/helpFiles/index/simROS2.json
-- Symlinking: /home/camilo/Downloads/Coppelia/libsimExtROS2.so
-- Up-to-date symlink: /home/camilo/ros2_ws/install/sim_ros2_interface/share/ament_index/resource_index/package_run_dependencies/sim_ros2_interface
-- Up-to-date symlink: /home/camilo/ros2_ws/install/sim_ros2_interface/share/ament_index/resource_index/parent_prefix_path/sim_ros2_interface
-- Up-to-date symlink: /home/camilo/ros2_ws/install/sim_ros2_interface/share/sim_ros2_interface/environment/ament_prefix_path.sh
-- Up-to-date symlink: /home/camilo/ros2_ws/install/sim_ros2_interface/share/sim_ros2_interface/environment/ament_prefix_path.dsv
-- Up-to-date symlink: /home/camilo/ros2_ws/install/sim_ros2_interface/share/sim_ros2_interface/environment/path.sh
-- Up-to-date symlink: /home/camilo/ros2_ws/install/sim_ros2_interface/share/sim_ros2_interface/environment/path.dsv
-- Up-to-date symlink: /home/camilo/ros2_ws/install/sim_ros2_interface/share/sim_ros2_interface/local_setup.bash
-- Up-to-date symlink: /home/camilo/ros2_ws/install/sim_ros2_interface/share/sim_ros2_interface/local_setup.sh
-- Up-to-date symlink: /home/camilo/ros2_ws/install/sim_ros2_interface/share/sim_ros2_interface/local_setup.zsh
-- Up-to-date symlink: /home/camilo/ros2_ws/install/sim_ros2_interface/share/sim_ros2_interface/local_setup.dsv
-- Symlinking: /home/camilo/ros2_ws/install/sim_ros2_interface/share/sim_ros2_interface/package.dsv
-- Up-to-date symlink: /home/camilo/ros2_ws/install/sim_ros2_interface/share/ament_index/resource_index/packages/sim_ros2_interface
-- Up-to-date symlink: /home/camilo/ros2_ws/install/sim_ros2_interface/share/sim_ros2_interface/cmake/sim_ros2_interfaceConfig.cmake
-- Up-to-date symlink: /home/camilo/ros2_ws/install/sim_ros2_interface/share/sim_ros2_interface/cmake/sim_ros2_interfaceConfig-version.cmake
-- Up-to-date symlink: /home/camilo/ros2_ws/install/sim_ros2_interface/share/sim_ros2_interface/package.xml
