[0.972s] Invoking command in '/home/camilo/ros2_ws/src/mcqueen': PYTHONPATH=/home/camilo/ros2_ws/build/mcqueen/prefix_override:/home/camilo/ros2_ws/install/mcqueen/lib/python3.10/site-packages:${PYTHONPATH} /usr/bin/python3 setup.py egg_info --egg-base ../../build/mcqueen build --build-base /home/camilo/ros2_ws/build/mcqueen/build install --record /home/camilo/ros2_ws/build/mcqueen/install.log --single-version-externally-managed
[1.157s] running egg_info
[1.158s] writing ../../build/mcqueen/mcqueen.egg-info/PKG-INFO
[1.158s] writing dependency_links to ../../build/mcqueen/mcqueen.egg-info/dependency_links.txt
[1.158s] writing entry points to ../../build/mcqueen/mcqueen.egg-info/entry_points.txt
[1.158s] writing requirements to ../../build/mcqueen/mcqueen.egg-info/requires.txt
[1.158s] writing top-level names to ../../build/mcqueen/mcqueen.egg-info/top_level.txt
[1.160s] reading manifest file '../../build/mcqueen/mcqueen.egg-info/SOURCES.txt'
[1.161s] writing manifest file '../../build/mcqueen/mcqueen.egg-info/SOURCES.txt'
[1.161s] running build
[1.161s] running build_py
[1.161s] copying mcqueen/mcqueen_interface.py -> /home/camilo/ros2_ws/build/mcqueen/build/lib/mcqueen
[1.161s] running install
[1.162s] running install_lib
[1.162s] copying /home/camilo/ros2_ws/build/mcqueen/build/lib/mcqueen/mcqueen_interface.py -> /home/camilo/ros2_ws/install/mcqueen/lib/python3.10/site-packages/mcqueen
[1.163s] byte-compiling /home/camilo/ros2_ws/install/mcqueen/lib/python3.10/site-packages/mcqueen/mcqueen_interface.py to mcqueen_interface.cpython-310.pyc
[1.164s] running install_data
[1.165s] running install_egg_info
[1.166s] removing '/home/camilo/ros2_ws/install/mcqueen/lib/python3.10/site-packages/mcqueen-0.0.0-py3.10.egg-info' (and everything under it)
[1.166s] Copying ../../build/mcqueen/mcqueen.egg-info to /home/camilo/ros2_ws/install/mcqueen/lib/python3.10/site-packages/mcqueen-0.0.0-py3.10.egg-info
[1.167s] running install_scripts
[1.182s] Installing mcqueen_controller script to /home/camilo/ros2_ws/install/mcqueen/lib/mcqueen
[1.182s] Installing mcqueen_interface script to /home/camilo/ros2_ws/install/mcqueen/lib/mcqueen
[1.182s] Installing mcqueen_player script to /home/camilo/ros2_ws/install/mcqueen/lib/mcqueen
[1.182s] Installing mcqueen_teleop script to /home/camilo/ros2_ws/install/mcqueen/lib/mcqueen
[1.182s] writing list of installed files to '/home/camilo/ros2_ws/build/mcqueen/install.log'
[1.244s] Invoked command in '/home/camilo/ros2_ws/src/mcqueen' returned '0': PYTHONPATH=/home/camilo/ros2_ws/build/mcqueen/prefix_override:/home/camilo/ros2_ws/install/mcqueen/lib/python3.10/site-packages:${PYTHONPATH} /usr/bin/python3 setup.py egg_info --egg-base ../../build/mcqueen build --build-base /home/camilo/ros2_ws/build/mcqueen/build install --record /home/camilo/ros2_ws/build/mcqueen/install.log --single-version-externally-managed
