[0.109s] Invoking command in '/home/camilo/ros2_ws/build/sim_ros2_interface': CMAKE_PREFIX_PATH=${CMAKE_PREFIX_PATH}:/home/camilo/ros2_ws/install/turtle_bot:/opt/ros/humble /usr/bin/cmake --build /home/camilo/ros2_ws/build/sim_ros2_interface -- -j8 -l8
[0.150s] [  2%] [34m[1mGenerating generated/actcli_del.cpp[0m
[0.150s] [  7%] [34m[1mGenerating generated/actsrv_action_abort.cpp[0m
[0.150s] [  7%] [34m[1mGenerating generated/actcli_cancelLastGoal.cpp[0m
[0.150s] [ 12%] [34m[1mGenerating generated/actsrv_action_canceled.cpp[0m
[0.151s] [  9%] [34m[1mGenerating generated/actcli_sendGoal.cpp[0m
[0.151s] [ 14%] [34m[1mGenerating generated/actcli_new.cpp[0m
[0.155s] [ 17%] [34m[1mGenerating generated/actsrv_action_execute.cpp[0m
[0.159s] [ 19%] [34m[1mGenerating generated/actsrv_action_is_active.cpp[0m
[0.461s] [ 24%] [34m[1mGenerating generated/actsrv_action_is_executing.cpp[0m
[0.461s] [ 24%] [34m[1mGenerating generated/actsrv_action_is_canceling.cpp[0m
[0.466s] [ 29%] [34m[1mGenerating generated/actsrv_action_publish_feedback.cpp[0m
[0.467s] [ 29%] [34m[1mGenerating generated/actsrv_action_succeed.cpp[0m
[0.468s] [ 31%] [34m[1mGenerating generated/actsrv_del.cpp[0m
[0.471s] [ 34%] [34m[1mGenerating generated/actsrv_new.cpp[0m
[0.495s] [ 36%] [34m[1mGenerating generated/callbacks.cpp[0m
[0.500s] [ 39%] [34m[1mGenerating generated/callbacks.h[0m
[0.728s] [ 41%] [34m[1mGenerating generated/cli_call.cpp[0m
[0.728s] [ 43%] [34m[1mGenerating generated/cli_del.cpp[0m
[0.740s] [ 46%] [34m[1mGenerating generated/cli_new.cpp[0m
[0.757s] [ 48%] [34m[1mGenerating generated/cli_wait.cpp[0m
[0.780s] [ 51%] [34m[1mGenerating generated/if_const.cpp[0m
[0.785s] [ 53%] [34m[1mGenerating generated/if_list.cpp[0m
[0.804s] [ 56%] [34m[1mGenerating generated/if_new.cpp[0m
[0.847s] [ 58%] [34m[1mGenerating generated/pub_del.cpp[0m
[0.980s] [ 60%] [34m[1mGenerating generated/pub_new.cpp[0m
[1.017s] [ 63%] [34m[1mGenerating generated/pub_publish.cpp[0m
[1.030s] [ 65%] [34m[1mGenerating generated/srv_del.cpp[0m
[1.042s] [ 68%] [34m[1mGenerating generated/srv_new.cpp[0m
[1.057s] [ 70%] [34m[1mGenerating generated/sub_del.cpp[0m
[1.096s] [ 73%] [34m[1mGenerating generated/sub_new.cpp[0m
[1.325s] [ 73%] Built target generate_ros_code
[1.342s] [35m[1mConsolidate compiler generated dependencies of target simExtROS2[0m
[1.377s] [ 75%] [32mBuilding CXX object CMakeFiles/simExtROS2.dir/src/sim_ros2_interface.cpp.o[0m
[1.378s] [ 78%] [32mBuilding CXX object CMakeFiles/simExtROS2.dir/generated/callbacks.cpp.o[0m
[105.919s] [ 80%] [32m[1mLinking CXX shared library libsimExtROS2.so[0m
[107.031s] [100%] Built target simExtROS2
[107.040s] Invoked command in '/home/camilo/ros2_ws/build/sim_ros2_interface' returned '0': CMAKE_PREFIX_PATH=${CMAKE_PREFIX_PATH}:/home/camilo/ros2_ws/install/turtle_bot:/opt/ros/humble /usr/bin/cmake --build /home/camilo/ros2_ws/build/sim_ros2_interface -- -j8 -l8
[107.079s] Invoking command in '/home/camilo/ros2_ws/build/sim_ros2_interface': CMAKE_PREFIX_PATH=${CMAKE_PREFIX_PATH}:/home/camilo/ros2_ws/install/turtle_bot:/opt/ros/humble /usr/bin/cmake --install /home/camilo/ros2_ws/build/sim_ros2_interface
[107.088s] -- Install configuration: "Release"
[107.089s] -- Execute custom install script
[107.089s] -- Up-to-date symlink: /home/camilo/Downloads/Coppelia/lua/simROS2-typecheck.lua
[107.089s] -- Up-to-date symlink: /home/camilo/Downloads/Coppelia/lua/simROS2.lua
[107.090s] -- Up-to-date symlink: /home/camilo/Downloads/Coppelia/helpFiles/en/simROS2.htm
[107.091s] -- Up-to-date symlink: /home/camilo/Downloads/Coppelia/helpFiles/index/simROS2.json
[107.091s] -- Symlinking: /home/camilo/Downloads/Coppelia/libsimExtROS2.so
[107.100s] -- Up-to-date symlink: /home/camilo/ros2_ws/install/sim_ros2_interface/share/ament_index/resource_index/package_run_dependencies/sim_ros2_interface
[107.100s] -- Up-to-date symlink: /home/camilo/ros2_ws/install/sim_ros2_interface/share/ament_index/resource_index/parent_prefix_path/sim_ros2_interface
[107.100s] -- Up-to-date symlink: /home/camilo/ros2_ws/install/sim_ros2_interface/share/sim_ros2_interface/environment/ament_prefix_path.sh
[107.100s] -- Up-to-date symlink: /home/camilo/ros2_ws/install/sim_ros2_interface/share/sim_ros2_interface/environment/ament_prefix_path.dsv
[107.100s] -- Up-to-date symlink: /home/camilo/ros2_ws/install/sim_ros2_interface/share/sim_ros2_interface/environment/path.sh
[107.101s] -- Up-to-date symlink: /home/camilo/ros2_ws/install/sim_ros2_interface/share/sim_ros2_interface/environment/path.dsv
[107.101s] -- Up-to-date symlink: /home/camilo/ros2_ws/install/sim_ros2_interface/share/sim_ros2_interface/local_setup.bash
[107.101s] -- Up-to-date symlink: /home/camilo/ros2_ws/install/sim_ros2_interface/share/sim_ros2_interface/local_setup.sh
[107.101s] -- Up-to-date symlink: /home/camilo/ros2_ws/install/sim_ros2_interface/share/sim_ros2_interface/local_setup.zsh
[107.101s] -- Up-to-date symlink: /home/camilo/ros2_ws/install/sim_ros2_interface/share/sim_ros2_interface/local_setup.dsv
[107.101s] -- Symlinking: /home/camilo/ros2_ws/install/sim_ros2_interface/share/sim_ros2_interface/package.dsv
[107.109s] -- Up-to-date symlink: /home/camilo/ros2_ws/install/sim_ros2_interface/share/ament_index/resource_index/packages/sim_ros2_interface
[107.109s] -- Up-to-date symlink: /home/camilo/ros2_ws/install/sim_ros2_interface/share/sim_ros2_interface/cmake/sim_ros2_interfaceConfig.cmake
[107.109s] -- Up-to-date symlink: /home/camilo/ros2_ws/install/sim_ros2_interface/share/sim_ros2_interface/cmake/sim_ros2_interfaceConfig-version.cmake
[107.109s] -- Up-to-date symlink: /home/camilo/ros2_ws/install/sim_ros2_interface/share/sim_ros2_interface/package.xml
[107.111s] Invoked command in '/home/camilo/ros2_ws/build/sim_ros2_interface' returned '0': CMAKE_PREFIX_PATH=${CMAKE_PREFIX_PATH}:/home/camilo/ros2_ws/install/turtle_bot:/opt/ros/humble /usr/bin/cmake --install /home/camilo/ros2_ws/build/sim_ros2_interface
