/home/camilo/ros2_ws/install/mcqueen/lib/python3.10/site-packages/mcqueen/mcqueen_interface.py
/home/camilo/ros2_ws/install/mcqueen/lib/python3.10/site-packages/mcqueen/__init__.py
/home/camilo/ros2_ws/install/mcqueen/lib/python3.10/site-packages/mcqueen/mcqueen_player.py
/home/camilo/ros2_ws/install/mcqueen/lib/python3.10/site-packages/mcqueen/mcqueen_teleop.py
/home/camilo/ros2_ws/install/mcqueen/lib/python3.10/site-packages/mcqueen/__pycache__/mcqueen_interface.cpython-310.pyc
/home/camilo/ros2_ws/install/mcqueen/lib/python3.10/site-packages/mcqueen/__pycache__/__init__.cpython-310.pyc
/home/camilo/ros2_ws/install/mcqueen/lib/python3.10/site-packages/mcqueen/__pycache__/mcqueen_player.cpython-310.pyc
/home/camilo/ros2_ws/install/mcqueen/lib/python3.10/site-packages/mcqueen/__pycache__/mcqueen_teleop.cpython-310.pyc
/home/camilo/ros2_ws/install/mcqueen/share/ament_index/resource_index/packages/mcqueen
/home/camilo/ros2_ws/install/mcqueen/share/mcqueen/package.xml
/home/camilo/ros2_ws/install/mcqueen/lib/python3.10/site-packages/mcqueen-0.0.0-py3.10.egg-info/top_level.txt
/home/camilo/ros2_ws/install/mcqueen/lib/python3.10/site-packages/mcqueen-0.0.0-py3.10.egg-info/requires.txt
/home/camilo/ros2_ws/install/mcqueen/lib/python3.10/site-packages/mcqueen-0.0.0-py3.10.egg-info/zip-safe
/home/camilo/ros2_ws/install/mcqueen/lib/python3.10/site-packages/mcqueen-0.0.0-py3.10.egg-info/dependency_links.txt
/home/camilo/ros2_ws/install/mcqueen/lib/python3.10/site-packages/mcqueen-0.0.0-py3.10.egg-info/entry_points.txt
/home/camilo/ros2_ws/install/mcqueen/lib/python3.10/site-packages/mcqueen-0.0.0-py3.10.egg-info/PKG-INFO
/home/camilo/ros2_ws/install/mcqueen/lib/python3.10/site-packages/mcqueen-0.0.0-py3.10.egg-info/SOURCES.txt
/home/camilo/ros2_ws/install/mcqueen/lib/mcqueen/mcqueen_interface
/home/camilo/ros2_ws/install/mcqueen/lib/mcqueen/mcqueen_player
/home/camilo/ros2_ws/install/mcqueen/lib/mcqueen/mcqueen_teleop
