[0.568s] Invoking command in '/home/camilo/ros2_ws/src/mcqueen': PYTHONPATH=/home/camilo/ros2_ws/src/mcqueen/build/mcqueen/prefix_override:/home/camilo/ros2_ws/src/mcqueen/install/mcqueen/lib/python3.10/site-packages:${PYTHONPATH} /usr/bin/python3 setup.py egg_info --egg-base build/mcqueen build --build-base /home/camilo/ros2_ws/src/mcqueen/build/mcqueen/build install --record /home/camilo/ros2_ws/src/mcqueen/build/mcqueen/install.log --single-version-externally-managed
[0.745s] running egg_info
[0.745s] writing build/mcqueen/mcqueen.egg-info/PKG-INFO
[0.745s] writing dependency_links to build/mcqueen/mcqueen.egg-info/dependency_links.txt
[0.745s] writing entry points to build/mcqueen/mcqueen.egg-info/entry_points.txt
[0.745s] writing requirements to build/mcqueen/mcqueen.egg-info/requires.txt
[0.746s] writing top-level names to build/mcqueen/mcqueen.egg-info/top_level.txt
[0.747s] reading manifest file 'build/mcqueen/mcqueen.egg-info/SOURCES.txt'
[0.748s] writing manifest file 'build/mcqueen/mcqueen.egg-info/SOURCES.txt'
[0.748s] running build
[0.748s] running build_py
[0.748s] running install
[0.748s] running install_lib
[0.749s] running install_data
[0.750s] copying package.xml -> /home/camilo/ros2_ws/src/mcqueen/install/mcqueen/share/mcqueen
[0.750s] running install_egg_info
[0.751s] removing '/home/camilo/ros2_ws/src/mcqueen/install/mcqueen/lib/python3.10/site-packages/mcqueen-0.0.0-py3.10.egg-info' (and everything under it)
[0.751s] Copying build/mcqueen/mcqueen.egg-info to /home/camilo/ros2_ws/src/mcqueen/install/mcqueen/lib/python3.10/site-packages/mcqueen-0.0.0-py3.10.egg-info
[0.752s] running install_scripts
[0.766s] Installing mcqueen_controller script to /home/camilo/ros2_ws/src/mcqueen/install/mcqueen/lib/mcqueen
[0.766s] Installing mcqueen_interface script to /home/camilo/ros2_ws/src/mcqueen/install/mcqueen/lib/mcqueen
[0.766s] Installing mcqueen_player script to /home/camilo/ros2_ws/src/mcqueen/install/mcqueen/lib/mcqueen
[0.767s] Installing mcqueen_teleop script to /home/camilo/ros2_ws/src/mcqueen/install/mcqueen/lib/mcqueen
[0.767s] writing list of installed files to '/home/camilo/ros2_ws/src/mcqueen/build/mcqueen/install.log'
[0.786s] Invoked command in '/home/camilo/ros2_ws/src/mcqueen' returned '0': PYTHONPATH=/home/camilo/ros2_ws/src/mcqueen/build/mcqueen/prefix_override:/home/camilo/ros2_ws/src/mcqueen/install/mcqueen/lib/python3.10/site-packages:${PYTHONPATH} /usr/bin/python3 setup.py egg_info --egg-base build/mcqueen build --build-base /home/camilo/ros2_ws/src/mcqueen/build/mcqueen/build install --record /home/camilo/ros2_ws/src/mcqueen/build/mcqueen/install.log --single-version-externally-managed
