[1.586s] Invoking command in '/home/robotica/ros2_ws/src/turtle_bot': PYTHONPATH=/home/robotica/ros2_ws/build/turtle_bot/prefix_override:/home/robotica/ros2_ws/install/turtle_bot/lib/python3.10/site-packages:${PYTHONPATH} /usr/bin/python3 setup.py egg_info --egg-base ../../build/turtle_bot build --build-base /home/robotica/ros2_ws/build/turtle_bot/build install --record /home/robotica/ros2_ws/build/turtle_bot/install.log --single-version-externally-managed
[2.174s] running egg_info
[2.177s] writing ../../build/turtle_bot/turtle_bot.egg-info/PKG-INFO
[2.178s] writing dependency_links to ../../build/turtle_bot/turtle_bot.egg-info/dependency_links.txt
[2.183s] writing entry points to ../../build/turtle_bot/turtle_bot.egg-info/entry_points.txt
[2.184s] writing requirements to ../../build/turtle_bot/turtle_bot.egg-info/requires.txt
[2.185s] writing top-level names to ../../build/turtle_bot/turtle_bot.egg-info/top_level.txt
[2.193s] reading manifest file '../../build/turtle_bot/turtle_bot.egg-info/SOURCES.txt'
[2.194s] writing manifest file '../../build/turtle_bot/turtle_bot.egg-info/SOURCES.txt'
[2.196s] running build
[2.197s] running build_py
[2.197s] copying turtle_bot/turtle_bot_teleop.py -> /home/robotica/ros2_ws/build/turtle_bot/build/lib/turtle_bot
[2.200s] running install
[2.201s] running install_lib
[2.203s] copying /home/robotica/ros2_ws/build/turtle_bot/build/lib/turtle_bot/turtle_bot_teleop.py -> /home/robotica/ros2_ws/install/turtle_bot/lib/python3.10/site-packages/turtle_bot
[2.208s] byte-compiling /home/robotica/ros2_ws/install/turtle_bot/lib/python3.10/site-packages/turtle_bot/turtle_bot_teleop.py to turtle_bot_teleop.cpython-310.pyc
[2.211s] running install_data
[2.216s] running install_egg_info
[2.218s] removing '/home/robotica/ros2_ws/install/turtle_bot/lib/python3.10/site-packages/turtle_bot-0.0.0-py3.10.egg-info' (and everything under it)
[2.228s] Copying ../../build/turtle_bot/turtle_bot.egg-info to /home/robotica/ros2_ws/install/turtle_bot/lib/python3.10/site-packages/turtle_bot-0.0.0-py3.10.egg-info
[2.234s] running install_scripts
[2.290s] Installing turtle_bot_teleop script to /home/robotica/ros2_ws/install/turtle_bot/lib/turtle_bot
[2.291s] writing list of installed files to '/home/robotica/ros2_ws/build/turtle_bot/install.log'
[2.355s] Invoked command in '/home/robotica/ros2_ws/src/turtle_bot' returned '0': PYTHONPATH=/home/robotica/ros2_ws/build/turtle_bot/prefix_override:/home/robotica/ros2_ws/install/turtle_bot/lib/python3.10/site-packages:${PYTHONPATH} /usr/bin/python3 setup.py egg_info --egg-base ../../build/turtle_bot build --build-base /home/robotica/ros2_ws/build/turtle_bot/build install --record /home/robotica/ros2_ws/build/turtle_bot/install.log --single-version-externally-managed
