[0.977s] Invoking command in '/home/camilo/ros2_ws/src/mcqueen': PYTHONPATH=/home/camilo/ros2_ws/build/mcqueen/prefix_override:/home/camilo/ros2_ws/install/mcqueen/lib/python3.10/site-packages:${PYTHONPATH} /usr/bin/python3 setup.py egg_info --egg-base ../../build/mcqueen build --build-base /home/camilo/ros2_ws/build/mcqueen/build install --record /home/camilo/ros2_ws/build/mcqueen/install.log --single-version-externally-managed
[1.162s] running egg_info
[1.162s] writing ../../build/mcqueen/mcqueen.egg-info/PKG-INFO
[1.162s] writing dependency_links to ../../build/mcqueen/mcqueen.egg-info/dependency_links.txt
[1.162s] writing entry points to ../../build/mcqueen/mcqueen.egg-info/entry_points.txt
[1.163s] writing requirements to ../../build/mcqueen/mcqueen.egg-info/requires.txt
[1.163s] writing top-level names to ../../build/mcqueen/mcqueen.egg-info/top_level.txt
[1.164s] reading manifest file '../../build/mcqueen/mcqueen.egg-info/SOURCES.txt'
[1.165s] writing manifest file '../../build/mcqueen/mcqueen.egg-info/SOURCES.txt'
[1.165s] running build
[1.165s] running build_py
[1.165s] copying mcqueen/mcqueen_interface.py -> /home/camilo/ros2_ws/build/mcqueen/build/lib/mcqueen
[1.165s] copying mcqueen/mcqueen_player.py -> /home/camilo/ros2_ws/build/mcqueen/build/lib/mcqueen
[1.165s] copying mcqueen/mcqueen_teleop.py -> /home/camilo/ros2_ws/build/mcqueen/build/lib/mcqueen
[1.165s] copying mcqueen/mcqueen_controller.py -> /home/camilo/ros2_ws/build/mcqueen/build/lib/mcqueen
[1.166s] running install
[1.166s] running install_lib
[1.166s] copying /home/camilo/ros2_ws/build/mcqueen/build/lib/mcqueen/mcqueen_interface.py -> /home/camilo/ros2_ws/install/mcqueen/lib/python3.10/site-packages/mcqueen
[1.166s] copying /home/camilo/ros2_ws/build/mcqueen/build/lib/mcqueen/mcqueen_player.py -> /home/camilo/ros2_ws/install/mcqueen/lib/python3.10/site-packages/mcqueen
[1.166s] copying /home/camilo/ros2_ws/build/mcqueen/build/lib/mcqueen/mcqueen_teleop.py -> /home/camilo/ros2_ws/install/mcqueen/lib/python3.10/site-packages/mcqueen
[1.166s] copying /home/camilo/ros2_ws/build/mcqueen/build/lib/mcqueen/mcqueen_controller.py -> /home/camilo/ros2_ws/install/mcqueen/lib/python3.10/site-packages/mcqueen
[1.167s] byte-compiling /home/camilo/ros2_ws/install/mcqueen/lib/python3.10/site-packages/mcqueen/mcqueen_interface.py to mcqueen_interface.cpython-310.pyc
[1.168s] byte-compiling /home/camilo/ros2_ws/install/mcqueen/lib/python3.10/site-packages/mcqueen/mcqueen_player.py to mcqueen_player.cpython-310.pyc
[1.169s] byte-compiling /home/camilo/ros2_ws/install/mcqueen/lib/python3.10/site-packages/mcqueen/mcqueen_teleop.py to mcqueen_teleop.cpython-310.pyc
[1.169s] byte-compiling /home/camilo/ros2_ws/install/mcqueen/lib/python3.10/site-packages/mcqueen/mcqueen_controller.py to mcqueen_controller.cpython-310.pyc
[1.170s] running install_data
[1.170s] copying package.xml -> /home/camilo/ros2_ws/install/mcqueen/share/mcqueen
[1.170s] running install_egg_info
[1.171s] removing '/home/camilo/ros2_ws/install/mcqueen/lib/python3.10/site-packages/mcqueen-0.0.0-py3.10.egg-info' (and everything under it)
[1.172s] Copying ../../build/mcqueen/mcqueen.egg-info to /home/camilo/ros2_ws/install/mcqueen/lib/python3.10/site-packages/mcqueen-0.0.0-py3.10.egg-info
[1.172s] running install_scripts
[1.188s] Installing mcqueen_controller script to /home/camilo/ros2_ws/install/mcqueen/lib/mcqueen
[1.188s] Installing mcqueen_interface script to /home/camilo/ros2_ws/install/mcqueen/lib/mcqueen
[1.188s] Installing mcqueen_player script to /home/camilo/ros2_ws/install/mcqueen/lib/mcqueen
[1.188s] Installing mcqueen_teleop script to /home/camilo/ros2_ws/install/mcqueen/lib/mcqueen
[1.188s] writing list of installed files to '/home/camilo/ros2_ws/build/mcqueen/install.log'
[1.211s] Invoked command in '/home/camilo/ros2_ws/src/mcqueen' returned '0': PYTHONPATH=/home/camilo/ros2_ws/build/mcqueen/prefix_override:/home/camilo/ros2_ws/install/mcqueen/lib/python3.10/site-packages:${PYTHONPATH} /usr/bin/python3 setup.py egg_info --egg-base ../../build/mcqueen build --build-base /home/camilo/ros2_ws/build/mcqueen/build install --record /home/camilo/ros2_ws/build/mcqueen/install.log --single-version-externally-managed
