[0.566s] Invoking command in '/home/camilo/ros2_ws/src/mcqueen': PYTHONPATH=/home/camilo/ros2_ws/src/mcqueen/build/mcqueen/prefix_override:/home/camilo/ros2_ws/src/mcqueen/install/mcqueen/lib/python3.10/site-packages:${PYTHONPATH} /usr/bin/python3 setup.py egg_info --egg-base build/mcqueen build --build-base /home/camilo/ros2_ws/src/mcqueen/build/mcqueen/build install --record /home/camilo/ros2_ws/src/mcqueen/build/mcqueen/install.log --single-version-externally-managed
[0.743s] running egg_info
[0.744s] writing build/mcqueen/mcqueen.egg-info/PKG-INFO
[0.744s] writing dependency_links to build/mcqueen/mcqueen.egg-info/dependency_links.txt
[0.744s] writing entry points to build/mcqueen/mcqueen.egg-info/entry_points.txt
[0.744s] writing requirements to build/mcqueen/mcqueen.egg-info/requires.txt
[0.744s] writing top-level names to build/mcqueen/mcqueen.egg-info/top_level.txt
[0.746s] reading manifest file 'build/mcqueen/mcqueen.egg-info/SOURCES.txt'
[0.748s] writing manifest file 'build/mcqueen/mcqueen.egg-info/SOURCES.txt'
[0.748s] running build
[0.748s] running build_py
[0.748s] copying mcqueen/mcqueen_controller.py -> /home/camilo/ros2_ws/src/mcqueen/build/mcqueen/build/lib/mcqueen
[0.748s] running install
[0.749s] running install_lib
[0.750s] copying /home/camilo/ros2_ws/src/mcqueen/build/mcqueen/build/lib/mcqueen/mcqueen_controller.py -> /home/camilo/ros2_ws/src/mcqueen/install/mcqueen/lib/python3.10/site-packages/mcqueen
[0.750s] byte-compiling /home/camilo/ros2_ws/src/mcqueen/install/mcqueen/lib/python3.10/site-packages/mcqueen/mcqueen_controller.py to mcqueen_controller.cpython-310.pyc
[0.751s] running install_data
[0.751s] running install_egg_info
[0.753s] removing '/home/camilo/ros2_ws/src/mcqueen/install/mcqueen/lib/python3.10/site-packages/mcqueen-0.0.0-py3.10.egg-info' (and everything under it)
[0.753s] Copying build/mcqueen/mcqueen.egg-info to /home/camilo/ros2_ws/src/mcqueen/install/mcqueen/lib/python3.10/site-packages/mcqueen-0.0.0-py3.10.egg-info
[0.754s] running install_scripts
[0.768s] Installing mcqueen_controller script to /home/camilo/ros2_ws/src/mcqueen/install/mcqueen/lib/mcqueen
[0.769s] Installing mcqueen_interface script to /home/camilo/ros2_ws/src/mcqueen/install/mcqueen/lib/mcqueen
[0.769s] Installing mcqueen_player script to /home/camilo/ros2_ws/src/mcqueen/install/mcqueen/lib/mcqueen
[0.769s] Installing mcqueen_teleop script to /home/camilo/ros2_ws/src/mcqueen/install/mcqueen/lib/mcqueen
[0.769s] writing list of installed files to '/home/camilo/ros2_ws/src/mcqueen/build/mcqueen/install.log'
[0.789s] Invoked command in '/home/camilo/ros2_ws/src/mcqueen' returned '0': PYTHONPATH=/home/camilo/ros2_ws/src/mcqueen/build/mcqueen/prefix_override:/home/camilo/ros2_ws/src/mcqueen/install/mcqueen/lib/python3.10/site-packages:${PYTHONPATH} /usr/bin/python3 setup.py egg_info --egg-base build/mcqueen build --build-base /home/camilo/ros2_ws/src/mcqueen/build/mcqueen/build install --record /home/camilo/ros2_ws/src/mcqueen/build/mcqueen/install.log --single-version-externally-managed
