[0.609s] Invoking command in '/home/camilo/ros2_ws/src/mcqueen': PYTHONPATH=/home/camilo/ros2_ws/src/mcqueen/build/mcqueen/prefix_override:/home/camilo/ros2_ws/src/mcqueen/install/mcqueen/lib/python3.10/site-packages:${PYTHONPATH} /usr/bin/python3 setup.py egg_info --egg-base build/mcqueen build --build-base /home/camilo/ros2_ws/src/mcqueen/build/mcqueen/build install --record /home/camilo/ros2_ws/src/mcqueen/build/mcqueen/install.log --single-version-externally-managed
[0.801s] running egg_info
[0.801s] writing build/mcqueen/mcqueen.egg-info/PKG-INFO
[0.802s] writing dependency_links to build/mcqueen/mcqueen.egg-info/dependency_links.txt
[0.802s] writing entry points to build/mcqueen/mcqueen.egg-info/entry_points.txt
[0.802s] writing requirements to build/mcqueen/mcqueen.egg-info/requires.txt
[0.802s] writing top-level names to build/mcqueen/mcqueen.egg-info/top_level.txt
[0.803s] reading manifest file 'build/mcqueen/mcqueen.egg-info/SOURCES.txt'
[0.804s] writing manifest file 'build/mcqueen/mcqueen.egg-info/SOURCES.txt'
[0.804s] running build
[0.804s] running build_py
[0.805s] running install
[0.805s] running install_lib
[0.806s] running install_data
[0.806s] running install_egg_info
[0.808s] removing '/home/camilo/ros2_ws/src/mcqueen/install/mcqueen/lib/python3.10/site-packages/mcqueen-0.0.0-py3.10.egg-info' (and everything under it)
[0.808s] Copying build/mcqueen/mcqueen.egg-info to /home/camilo/ros2_ws/src/mcqueen/install/mcqueen/lib/python3.10/site-packages/mcqueen-0.0.0-py3.10.egg-info
[0.808s] running install_scripts
[0.823s] Installing mcqueen_controller script to /home/camilo/ros2_ws/src/mcqueen/install/mcqueen/lib/mcqueen
[0.823s] Installing mcqueen_interface script to /home/camilo/ros2_ws/src/mcqueen/install/mcqueen/lib/mcqueen
[0.823s] Installing mcqueen_player script to /home/camilo/ros2_ws/src/mcqueen/install/mcqueen/lib/mcqueen
[0.823s] Installing mcqueen_teleop script to /home/camilo/ros2_ws/src/mcqueen/install/mcqueen/lib/mcqueen
[0.823s] writing list of installed files to '/home/camilo/ros2_ws/src/mcqueen/build/mcqueen/install.log'
[0.845s] Invoked command in '/home/camilo/ros2_ws/src/mcqueen' returned '0': PYTHONPATH=/home/camilo/ros2_ws/src/mcqueen/build/mcqueen/prefix_override:/home/camilo/ros2_ws/src/mcqueen/install/mcqueen/lib/python3.10/site-packages:${PYTHONPATH} /usr/bin/python3 setup.py egg_info --egg-base build/mcqueen build --build-base /home/camilo/ros2_ws/src/mcqueen/build/mcqueen/build install --record /home/camilo/ros2_ws/src/mcqueen/build/mcqueen/install.log --single-version-externally-managed
