[0.752s] Invoking command in '/home/robotica/ros2_ws/src/turtle_bot': PYTHONPATH=/home/robotica/ros2_ws/build/turtle_bot/prefix_override:/home/robotica/ros2_ws/install/turtle_bot/lib/python3.10/site-packages:${PYTHONPATH} /usr/bin/python3 setup.py egg_info --egg-base ../../build/turtle_bot build --build-base /home/robotica/ros2_ws/build/turtle_bot/build install --record /home/robotica/ros2_ws/build/turtle_bot/install.log --single-version-externally-managed
[0.987s] running egg_info
[0.988s] writing ../../build/turtle_bot/turtle_bot.egg-info/PKG-INFO
[0.990s] writing dependency_links to ../../build/turtle_bot/turtle_bot.egg-info/dependency_links.txt
[0.991s] writing entry points to ../../build/turtle_bot/turtle_bot.egg-info/entry_points.txt
[0.992s] writing requirements to ../../build/turtle_bot/turtle_bot.egg-info/requires.txt
[0.993s] writing top-level names to ../../build/turtle_bot/turtle_bot.egg-info/top_level.txt
[0.995s] reading manifest file '../../build/turtle_bot/turtle_bot.egg-info/SOURCES.txt'
[0.996s] writing manifest file '../../build/turtle_bot/turtle_bot.egg-info/SOURCES.txt'
[0.998s] running build
[0.998s] running build_py
[0.998s] copying turtle_bot/turtle_bot_teleop.py -> /home/robotica/ros2_ws/build/turtle_bot/build/lib/turtle_bot
[0.999s] running install
[0.999s] running install_lib
[1.000s] copying /home/robotica/ros2_ws/build/turtle_bot/build/lib/turtle_bot/turtle_bot_teleop.py -> /home/robotica/ros2_ws/install/turtle_bot/lib/python3.10/site-packages/turtle_bot
[1.001s] byte-compiling /home/robotica/ros2_ws/install/turtle_bot/lib/python3.10/site-packages/turtle_bot/turtle_bot_teleop.py to turtle_bot_teleop.cpython-310.pyc
[1.001s]   File "/home/robotica/ros2_ws/install/turtle_bot/lib/python3.10/site-packages/turtle_bot/turtle_bot_teleop.py", line 33
[1.001s]     global pressed
[1.002s]     ^^^^^^^^^^^^^^
[1.002s] SyntaxError: name 'pressed' is used prior to global declaration
[1.002s] 
[1.002s] running install_data
[1.003s] running install_egg_info
[1.004s] removing '/home/robotica/ros2_ws/install/turtle_bot/lib/python3.10/site-packages/turtle_bot-0.0.0-py3.10.egg-info' (and everything under it)
[1.010s] Copying ../../build/turtle_bot/turtle_bot.egg-info to /home/robotica/ros2_ws/install/turtle_bot/lib/python3.10/site-packages/turtle_bot-0.0.0-py3.10.egg-info
[1.014s] running install_scripts
[1.034s] Installing turtle_bot_teleop script to /home/robotica/ros2_ws/install/turtle_bot/lib/turtle_bot
[1.035s] writing list of installed files to '/home/robotica/ros2_ws/build/turtle_bot/install.log'
[1.080s] Invoked command in '/home/robotica/ros2_ws/src/turtle_bot' returned '0': PYTHONPATH=/home/robotica/ros2_ws/build/turtle_bot/prefix_override:/home/robotica/ros2_ws/install/turtle_bot/lib/python3.10/site-packages:${PYTHONPATH} /usr/bin/python3 setup.py egg_info --egg-base ../../build/turtle_bot build --build-base /home/robotica/ros2_ws/build/turtle_bot/build install --record /home/robotica/ros2_ws/build/turtle_bot/install.log --single-version-externally-managed
