[2.795s] Invoking command in '/home/robotica/ros2_ws/src/turtle_bot': PYTHONPATH=/home/robotica/ros2_ws/build/turtle_bot/prefix_override:/home/robotica/ros2_ws/install/turtle_bot/lib/python3.10/site-packages:${PYTHONPATH} /usr/bin/python3 setup.py egg_info --egg-base ../../build/turtle_bot build --build-base /home/robotica/ros2_ws/build/turtle_bot/build install --record /home/robotica/ros2_ws/build/turtle_bot/install.log --single-version-externally-managed
[3.232s] running egg_info
[3.233s] writing ../../build/turtle_bot/turtle_bot.egg-info/PKG-INFO
[3.252s] writing dependency_links to ../../build/turtle_bot/turtle_bot.egg-info/dependency_links.txt
[3.254s] writing entry points to ../../build/turtle_bot/turtle_bot.egg-info/entry_points.txt
[3.255s] writing requirements to ../../build/turtle_bot/turtle_bot.egg-info/requires.txt
[3.256s] writing top-level names to ../../build/turtle_bot/turtle_bot.egg-info/top_level.txt
[3.259s] reading manifest file '../../build/turtle_bot/turtle_bot.egg-info/SOURCES.txt'
[3.260s] writing manifest file '../../build/turtle_bot/turtle_bot.egg-info/SOURCES.txt'
[3.261s] running build
[3.262s] running build_py
[3.262s] copying turtle_bot/turtle_bot_interface.py -> /home/robotica/ros2_ws/build/turtle_bot/build/lib/turtle_bot
[3.263s] running install
[3.264s] running install_lib
[3.265s] copying /home/robotica/ros2_ws/build/turtle_bot/build/lib/turtle_bot/turtle_bot_interface.py -> /home/robotica/ros2_ws/install/turtle_bot/lib/python3.10/site-packages/turtle_bot
[3.273s] byte-compiling /home/robotica/ros2_ws/install/turtle_bot/lib/python3.10/site-packages/turtle_bot/turtle_bot_interface.py to turtle_bot_interface.cpython-310.pyc
[3.276s] running install_data
[3.277s] running install_egg_info
[3.279s] removing '/home/robotica/ros2_ws/install/turtle_bot/lib/python3.10/site-packages/turtle_bot-0.0.0-py3.10.egg-info' (and everything under it)
[3.323s] Copying ../../build/turtle_bot/turtle_bot.egg-info to /home/robotica/ros2_ws/install/turtle_bot/lib/python3.10/site-packages/turtle_bot-0.0.0-py3.10.egg-info
[3.324s] running install_scripts
[3.356s] Installing turtle_bot_interface script to /home/robotica/ros2_ws/install/turtle_bot/lib/turtle_bot
[3.358s] Installing turtle_bot_teleop script to /home/robotica/ros2_ws/install/turtle_bot/lib/turtle_bot
[3.360s] writing list of installed files to '/home/robotica/ros2_ws/build/turtle_bot/install.log'
[3.457s] Invoked command in '/home/robotica/ros2_ws/src/turtle_bot' returned '0': PYTHONPATH=/home/robotica/ros2_ws/build/turtle_bot/prefix_override:/home/robotica/ros2_ws/install/turtle_bot/lib/python3.10/site-packages:${PYTHONPATH} /usr/bin/python3 setup.py egg_info --egg-base ../../build/turtle_bot build --build-base /home/robotica/ros2_ws/build/turtle_bot/build install --record /home/robotica/ros2_ws/build/turtle_bot/install.log --single-version-externally-managed
