[0.678s] DEBUG:colcon:Command line arguments: ['/usr/bin/colcon', 'build']
[0.679s] DEBUG:colcon:Parsed command line arguments: Namespace(log_base=None, log_level=None, verb_name='build', build_base='build', install_base='install', merge_install=False, symlink_install=False, test_result_base=None, continue_on_error=False, executor='parallel', parallel_workers=8, event_handlers=None, ignore_user_meta=False, metas=['./colcon.meta'], base_paths=['.'], packages_ignore=None, packages_ignore_regex=None, paths=None, packages_up_to=None, packages_up_to_regex=None, packages_above=None, packages_above_and_dependencies=None, packages_above_depth=None, packages_select_by_dep=None, packages_skip_by_dep=None, packages_skip_up_to=None, packages_select_build_failed=False, packages_skip_build_finished=False, packages_select_test_failures=False, packages_skip_test_passed=False, packages_select=None, packages_skip=None, packages_select_regex=None, packages_skip_regex=None, packages_start=None, packages_end=None, allow_overriding=[], cmake_args=None, cmake_target=None, cmake_target_skip_unavailable=False, cmake_clean_cache=False, cmake_clean_first=False, cmake_force_configure=False, ament_cmake_args=None, catkin_cmake_args=None, catkin_skip_building_tests=False, verb_parser=<colcon_defaults.argument_parser.defaults.DefaultArgumentsDecorator object at 0x7f8d39d77550>, verb_extension=<colcon_core.verb.build.BuildVerb object at 0x7f8d39d75540>, main=<bound method BuildVerb.main of <colcon_core.verb.build.BuildVerb object at 0x7f8d39d75540>>)
[0.710s] Level 1:colcon.colcon_core.package_discovery:discover_packages(colcon_meta) check parameters
[0.711s] Level 1:colcon.colcon_core.package_discovery:discover_packages(recursive) check parameters
[0.711s] Level 1:colcon.colcon_core.package_discovery:discover_packages(ignore) check parameters
[0.711s] Level 1:colcon.colcon_core.package_discovery:discover_packages(path) check parameters
[0.711s] Level 1:colcon.colcon_core.package_discovery:discover_packages(colcon_meta) discover
[0.711s] Level 1:colcon.colcon_core.package_discovery:discover_packages(recursive) discover
[0.711s] INFO:colcon.colcon_core.package_discovery:Crawling recursively for packages in '/home/camilo/ros2_ws'
[0.711s] Level 1:colcon.colcon_core.package_identification:_identify(.) by extensions ['ignore', 'ignore_ament_install']
[0.711s] Level 1:colcon.colcon_core.package_identification:_identify(.) by extension 'ignore'
[0.711s] Level 1:colcon.colcon_core.package_identification:_identify(.) by extension 'ignore_ament_install'
[0.711s] Level 1:colcon.colcon_core.package_identification:_identify(.) by extensions ['colcon_pkg']
[0.711s] Level 1:colcon.colcon_core.package_identification:_identify(.) by extension 'colcon_pkg'
[0.711s] Level 1:colcon.colcon_core.package_identification:_identify(.) by extensions ['colcon_meta']
[0.711s] Level 1:colcon.colcon_core.package_identification:_identify(.) by extension 'colcon_meta'
[0.711s] Level 1:colcon.colcon_core.package_identification:_identify(.) by extensions ['ros']
[0.711s] Level 1:colcon.colcon_core.package_identification:_identify(.) by extension 'ros'
[0.720s] Level 1:colcon.colcon_core.package_identification:_identify(.) by extensions ['cmake', 'python']
[0.720s] Level 1:colcon.colcon_core.package_identification:_identify(.) by extension 'cmake'
[0.720s] Level 1:colcon.colcon_core.package_identification:_identify(.) by extension 'python'
[0.720s] Level 1:colcon.colcon_core.package_identification:_identify(.) by extensions ['python_setup_py']
[0.720s] Level 1:colcon.colcon_core.package_identification:_identify(.) by extension 'python_setup_py'
[0.720s] Level 1:colcon.colcon_core.package_identification:_identify(build) by extensions ['ignore', 'ignore_ament_install']
[0.721s] Level 1:colcon.colcon_core.package_identification:_identify(build) by extension 'ignore'
[0.721s] Level 1:colcon.colcon_core.package_identification:_identify(build) ignored
[0.721s] Level 1:colcon.colcon_core.package_identification:_identify(install) by extensions ['ignore', 'ignore_ament_install']
[0.721s] Level 1:colcon.colcon_core.package_identification:_identify(install) by extension 'ignore'
[0.721s] Level 1:colcon.colcon_core.package_identification:_identify(install) ignored
[0.721s] Level 1:colcon.colcon_core.package_identification:_identify(log) by extensions ['ignore', 'ignore_ament_install']
[0.721s] Level 1:colcon.colcon_core.package_identification:_identify(log) by extension 'ignore'
[0.721s] Level 1:colcon.colcon_core.package_identification:_identify(log) ignored
[0.721s] Level 1:colcon.colcon_core.package_identification:_identify(src) by extensions ['ignore', 'ignore_ament_install']
[0.722s] Level 1:colcon.colcon_core.package_identification:_identify(src) by extension 'ignore'
[0.722s] Level 1:colcon.colcon_core.package_identification:_identify(src) by extension 'ignore_ament_install'
[0.722s] Level 1:colcon.colcon_core.package_identification:_identify(src) by extensions ['colcon_pkg']
[0.722s] Level 1:colcon.colcon_core.package_identification:_identify(src) by extension 'colcon_pkg'
[0.722s] Level 1:colcon.colcon_core.package_identification:_identify(src) by extensions ['colcon_meta']
[0.722s] Level 1:colcon.colcon_core.package_identification:_identify(src) by extension 'colcon_meta'
[0.722s] Level 1:colcon.colcon_core.package_identification:_identify(src) by extensions ['ros']
[0.722s] Level 1:colcon.colcon_core.package_identification:_identify(src) by extension 'ros'
[0.722s] Level 1:colcon.colcon_core.package_identification:_identify(src) by extensions ['cmake', 'python']
[0.722s] Level 1:colcon.colcon_core.package_identification:_identify(src) by extension 'cmake'
[0.722s] Level 1:colcon.colcon_core.package_identification:_identify(src) by extension 'python'
[0.722s] Level 1:colcon.colcon_core.package_identification:_identify(src) by extensions ['python_setup_py']
[0.722s] Level 1:colcon.colcon_core.package_identification:_identify(src) by extension 'python_setup_py'
[0.722s] Level 1:colcon.colcon_core.package_identification:_identify(src/ros2_bubble_rob) by extensions ['ignore', 'ignore_ament_install']
[0.722s] Level 1:colcon.colcon_core.package_identification:_identify(src/ros2_bubble_rob) by extension 'ignore'
[0.722s] Level 1:colcon.colcon_core.package_identification:_identify(src/ros2_bubble_rob) by extension 'ignore_ament_install'
[0.722s] Level 1:colcon.colcon_core.package_identification:_identify(src/ros2_bubble_rob) by extensions ['colcon_pkg']
[0.722s] Level 1:colcon.colcon_core.package_identification:_identify(src/ros2_bubble_rob) by extension 'colcon_pkg'
[0.722s] Level 1:colcon.colcon_core.package_identification:_identify(src/ros2_bubble_rob) by extensions ['colcon_meta']
[0.723s] Level 1:colcon.colcon_core.package_identification:_identify(src/ros2_bubble_rob) by extension 'colcon_meta'
[0.723s] Level 1:colcon.colcon_core.package_identification:_identify(src/ros2_bubble_rob) by extensions ['ros']
[0.723s] Level 1:colcon.colcon_core.package_identification:_identify(src/ros2_bubble_rob) by extension 'ros'
[0.725s] DEBUG:colcon.colcon_core.package_identification:Package 'src/ros2_bubble_rob' with type 'ros.ament_cmake' and name 'ros2_bubble_rob'
[0.725s] Level 1:colcon.colcon_core.package_identification:_identify(src/sim_ros2_interface) by extensions ['ignore', 'ignore_ament_install']
[0.725s] Level 1:colcon.colcon_core.package_identification:_identify(src/sim_ros2_interface) by extension 'ignore'
[0.725s] Level 1:colcon.colcon_core.package_identification:_identify(src/sim_ros2_interface) by extension 'ignore_ament_install'
[0.725s] Level 1:colcon.colcon_core.package_identification:_identify(src/sim_ros2_interface) by extensions ['colcon_pkg']
[0.725s] Level 1:colcon.colcon_core.package_identification:_identify(src/sim_ros2_interface) by extension 'colcon_pkg'
[0.725s] Level 1:colcon.colcon_core.package_identification:_identify(src/sim_ros2_interface) by extensions ['colcon_meta']
[0.725s] Level 1:colcon.colcon_core.package_identification:_identify(src/sim_ros2_interface) by extension 'colcon_meta'
[0.725s] Level 1:colcon.colcon_core.package_identification:_identify(src/sim_ros2_interface) by extensions ['ros']
[0.725s] Level 1:colcon.colcon_core.package_identification:_identify(src/sim_ros2_interface) by extension 'ros'
[0.727s] DEBUG:colcon.colcon_core.package_identification:Package 'src/sim_ros2_interface' with type 'ros.ament_cmake' and name 'sim_ros2_interface'
[0.727s] Level 1:colcon.colcon_core.package_identification:_identify(src/turtle_bot) by extensions ['ignore', 'ignore_ament_install']
[0.727s] Level 1:colcon.colcon_core.package_identification:_identify(src/turtle_bot) by extension 'ignore'
[0.727s] Level 1:colcon.colcon_core.package_identification:_identify(src/turtle_bot) by extension 'ignore_ament_install'
[0.727s] Level 1:colcon.colcon_core.package_identification:_identify(src/turtle_bot) by extensions ['colcon_pkg']
[0.727s] Level 1:colcon.colcon_core.package_identification:_identify(src/turtle_bot) by extension 'colcon_pkg'
[0.727s] Level 1:colcon.colcon_core.package_identification:_identify(src/turtle_bot) by extensions ['colcon_meta']
[0.727s] Level 1:colcon.colcon_core.package_identification:_identify(src/turtle_bot) by extension 'colcon_meta'
[0.727s] Level 1:colcon.colcon_core.package_identification:_identify(src/turtle_bot) by extensions ['ros']
[0.727s] Level 1:colcon.colcon_core.package_identification:_identify(src/turtle_bot) by extension 'ros'
[0.728s] DEBUG:colcon.colcon_core.package_identification:Package 'src/turtle_bot' with type 'ros.ament_python' and name 'turtle_bot'
[0.728s] Level 1:colcon.colcon_core.package_discovery:discover_packages(recursive) using defaults
[0.728s] Level 1:colcon.colcon_core.package_discovery:discover_packages(ignore) discover
[0.728s] Level 1:colcon.colcon_core.package_discovery:discover_packages(ignore) using defaults
[0.728s] Level 1:colcon.colcon_core.package_discovery:discover_packages(path) discover
[0.728s] Level 1:colcon.colcon_core.package_discovery:discover_packages(path) using defaults
[0.792s] Level 1:colcon.colcon_core.package_discovery:discover_packages(prefix_path) check parameters
[0.792s] Level 1:colcon.colcon_core.package_discovery:discover_packages(prefix_path) discover
[0.812s] DEBUG:colcon.colcon_installed_package_information.package_discovery:Found 3 installed packages in /home/camilo/ros2_ws/install
[0.822s] DEBUG:colcon.colcon_installed_package_information.package_discovery:Found 270 installed packages in /opt/ros/humble
[0.823s] Level 1:colcon.colcon_core.package_discovery:discover_packages(prefix_path) using defaults
[0.896s] Level 5:colcon.colcon_core.verb:set package 'ros2_bubble_rob' build argument 'cmake_args' from command line to 'None'
[0.896s] Level 5:colcon.colcon_core.verb:set package 'ros2_bubble_rob' build argument 'cmake_target' from command line to 'None'
[0.896s] Level 5:colcon.colcon_core.verb:set package 'ros2_bubble_rob' build argument 'cmake_target_skip_unavailable' from command line to 'False'
[0.896s] Level 5:colcon.colcon_core.verb:set package 'ros2_bubble_rob' build argument 'cmake_clean_cache' from command line to 'False'
[0.896s] Level 5:colcon.colcon_core.verb:set package 'ros2_bubble_rob' build argument 'cmake_clean_first' from command line to 'False'
[0.896s] Level 5:colcon.colcon_core.verb:set package 'ros2_bubble_rob' build argument 'cmake_force_configure' from command line to 'False'
[0.896s] Level 5:colcon.colcon_core.verb:set package 'ros2_bubble_rob' build argument 'ament_cmake_args' from command line to 'None'
[0.896s] Level 5:colcon.colcon_core.verb:set package 'ros2_bubble_rob' build argument 'catkin_cmake_args' from command line to 'None'
[0.896s] Level 5:colcon.colcon_core.verb:set package 'ros2_bubble_rob' build argument 'catkin_skip_building_tests' from command line to 'False'
[0.896s] DEBUG:colcon.colcon_core.verb:Building package 'ros2_bubble_rob' with the following arguments: {'ament_cmake_args': None, 'build_base': '/home/camilo/ros2_ws/build/ros2_bubble_rob', 'catkin_cmake_args': None, 'catkin_skip_building_tests': False, 'cmake_args': None, 'cmake_clean_cache': False, 'cmake_clean_first': False, 'cmake_force_configure': False, 'cmake_target': None, 'cmake_target_skip_unavailable': False, 'install_base': '/home/camilo/ros2_ws/install/ros2_bubble_rob', 'merge_install': False, 'path': '/home/camilo/ros2_ws/src/ros2_bubble_rob', 'symlink_install': False, 'test_result_base': None}
[0.906s] Level 5:colcon.colcon_core.verb:set package 'sim_ros2_interface' build argument 'cmake_args' from command line to 'None'
[0.906s] Level 5:colcon.colcon_core.verb:set package 'sim_ros2_interface' build argument 'cmake_target' from command line to 'None'
[0.906s] Level 5:colcon.colcon_core.verb:set package 'sim_ros2_interface' build argument 'cmake_target_skip_unavailable' from command line to 'False'
[0.906s] Level 5:colcon.colcon_core.verb:set package 'sim_ros2_interface' build argument 'cmake_clean_cache' from command line to 'False'
[0.906s] Level 5:colcon.colcon_core.verb:set package 'sim_ros2_interface' build argument 'cmake_clean_first' from command line to 'False'
[0.906s] Level 5:colcon.colcon_core.verb:set package 'sim_ros2_interface' build argument 'cmake_force_configure' from command line to 'False'
[0.906s] Level 5:colcon.colcon_core.verb:set package 'sim_ros2_interface' build argument 'ament_cmake_args' from command line to 'None'
[0.906s] Level 5:colcon.colcon_core.verb:set package 'sim_ros2_interface' build argument 'catkin_cmake_args' from command line to 'None'
[0.906s] Level 5:colcon.colcon_core.verb:set package 'sim_ros2_interface' build argument 'catkin_skip_building_tests' from command line to 'False'
[0.906s] DEBUG:colcon.colcon_core.verb:Building package 'sim_ros2_interface' with the following arguments: {'ament_cmake_args': None, 'build_base': '/home/camilo/ros2_ws/build/sim_ros2_interface', 'catkin_cmake_args': None, 'catkin_skip_building_tests': False, 'cmake_args': None, 'cmake_clean_cache': False, 'cmake_clean_first': False, 'cmake_force_configure': False, 'cmake_target': None, 'cmake_target_skip_unavailable': False, 'install_base': '/home/camilo/ros2_ws/install/sim_ros2_interface', 'merge_install': False, 'path': '/home/camilo/ros2_ws/src/sim_ros2_interface', 'symlink_install': False, 'test_result_base': None}
[0.916s] Level 5:colcon.colcon_core.verb:set package 'turtle_bot' build argument 'cmake_args' from command line to 'None'
[0.916s] Level 5:colcon.colcon_core.verb:set package 'turtle_bot' build argument 'cmake_target' from command line to 'None'
[0.916s] Level 5:colcon.colcon_core.verb:set package 'turtle_bot' build argument 'cmake_target_skip_unavailable' from command line to 'False'
[0.916s] Level 5:colcon.colcon_core.verb:set package 'turtle_bot' build argument 'cmake_clean_cache' from command line to 'False'
[0.916s] Level 5:colcon.colcon_core.verb:set package 'turtle_bot' build argument 'cmake_clean_first' from command line to 'False'
[0.916s] Level 5:colcon.colcon_core.verb:set package 'turtle_bot' build argument 'cmake_force_configure' from command line to 'False'
[0.916s] Level 5:colcon.colcon_core.verb:set package 'turtle_bot' build argument 'ament_cmake_args' from command line to 'None'
[0.916s] Level 5:colcon.colcon_core.verb:set package 'turtle_bot' build argument 'catkin_cmake_args' from command line to 'None'
[0.917s] Level 5:colcon.colcon_core.verb:set package 'turtle_bot' build argument 'catkin_skip_building_tests' from command line to 'False'
[0.917s] DEBUG:colcon.colcon_core.verb:Building package 'turtle_bot' with the following arguments: {'ament_cmake_args': None, 'build_base': '/home/camilo/ros2_ws/build/turtle_bot', 'catkin_cmake_args': None, 'catkin_skip_building_tests': False, 'cmake_args': None, 'cmake_clean_cache': False, 'cmake_clean_first': False, 'cmake_force_configure': False, 'cmake_target': None, 'cmake_target_skip_unavailable': False, 'install_base': '/home/camilo/ros2_ws/install/turtle_bot', 'merge_install': False, 'path': '/home/camilo/ros2_ws/src/turtle_bot', 'symlink_install': False, 'test_result_base': None}
[0.926s] INFO:colcon.colcon_core.executor:Executing jobs using 'parallel' executor
[0.937s] DEBUG:colcon.colcon_parallel_executor.executor.parallel:run_until_complete
[0.937s] INFO:colcon.colcon_ros.task.ament_cmake.build:Building ROS package in '/home/camilo/ros2_ws/src/ros2_bubble_rob' with build type 'ament_cmake'
[0.937s] INFO:colcon.colcon_cmake.task.cmake.build:Building CMake package in '/home/camilo/ros2_ws/src/ros2_bubble_rob'
[0.948s] INFO:colcon.colcon_core.plugin_system:Skipping extension 'colcon_core.shell.bat': Not used on non-Windows systems
[0.948s] INFO:colcon.colcon_core.shell:Skip shell extension 'powershell' for command environment: Not usable outside of PowerShell
[0.949s] DEBUG:colcon.colcon_core.shell:Skip shell extension 'dsv' for command environment
[0.982s] INFO:colcon.colcon_ros.task.ament_cmake.build:Building ROS package in '/home/camilo/ros2_ws/src/sim_ros2_interface' with build type 'ament_cmake'
[0.982s] INFO:colcon.colcon_cmake.task.cmake.build:Building CMake package in '/home/camilo/ros2_ws/src/sim_ros2_interface'
[0.993s] INFO:colcon.colcon_core.shell:Skip shell extension 'powershell' for command environment: Not usable outside of PowerShell
[0.993s] DEBUG:colcon.colcon_core.shell:Skip shell extension 'dsv' for command environment
[1.024s] INFO:colcon.colcon_ros.task.ament_python.build:Building ROS package in '/home/camilo/ros2_ws/src/turtle_bot' with build type 'ament_python'
[1.024s] Level 1:colcon.colcon_core.shell:create_environment_hook('turtle_bot', 'ament_prefix_path')
[1.035s] INFO:colcon.colcon_core.shell:Creating environment hook '/home/camilo/ros2_ws/install/turtle_bot/share/turtle_bot/hook/ament_prefix_path.ps1'
[1.035s] INFO:colcon.colcon_core.shell:Creating environment descriptor '/home/camilo/ros2_ws/install/turtle_bot/share/turtle_bot/hook/ament_prefix_path.dsv'
[1.036s] INFO:colcon.colcon_core.shell:Creating environment hook '/home/camilo/ros2_ws/install/turtle_bot/share/turtle_bot/hook/ament_prefix_path.sh'
[1.046s] INFO:colcon.colcon_core.shell:Skip shell extension 'powershell' for command environment: Not usable outside of PowerShell
[1.046s] DEBUG:colcon.colcon_core.shell:Skip shell extension 'dsv' for command environment
[1.081s] DEBUG:colcon.colcon_core.event_handler.log_command:Invoking command in '/home/camilo/ros2_ws/build/ros2_bubble_rob': CMAKE_PREFIX_PATH=${CMAKE_PREFIX_PATH}:/home/camilo/ros2_ws/install/turtle_bot:/opt/ros/humble /usr/bin/cmake --build /home/camilo/ros2_ws/build/ros2_bubble_rob -- -j8 -l8
[1.084s] DEBUG:colcon.colcon_core.event_handler.log_command:Invoking command in '/home/camilo/ros2_ws/build/sim_ros2_interface': CMAKE_PREFIX_PATH=${CMAKE_PREFIX_PATH}:/home/camilo/ros2_ws/install/turtle_bot:/opt/ros/humble /usr/bin/cmake --build /home/camilo/ros2_ws/build/sim_ros2_interface -- -j8 -l8
[1.298s] INFO:colcon.colcon_core.task.python.build:Building Python package in '/home/camilo/ros2_ws/src/turtle_bot'
[1.311s] INFO:colcon.colcon_core.shell:Skip shell extension 'powershell' for command environment: Not usable outside of PowerShell
[1.311s] DEBUG:colcon.colcon_core.shell:Skip shell extension 'dsv' for command environment
[1.346s] DEBUG:colcon.colcon_core.event_handler.log_command:Invoked command in '/home/camilo/ros2_ws/build/sim_ros2_interface' returned '0': CMAKE_PREFIX_PATH=${CMAKE_PREFIX_PATH}:/home/camilo/ros2_ws/install/turtle_bot:/opt/ros/humble /usr/bin/cmake --build /home/camilo/ros2_ws/build/sim_ros2_interface -- -j8 -l8
[1.347s] DEBUG:colcon.colcon_core.event_handler.log_command:Invoked command in '/home/camilo/ros2_ws/build/ros2_bubble_rob' returned '0': CMAKE_PREFIX_PATH=${CMAKE_PREFIX_PATH}:/home/camilo/ros2_ws/install/turtle_bot:/opt/ros/humble /usr/bin/cmake --build /home/camilo/ros2_ws/build/ros2_bubble_rob -- -j8 -l8
[1.374s] DEBUG:colcon.colcon_core.event_handler.log_command:Invoking command in '/home/camilo/ros2_ws/build/ros2_bubble_rob': CMAKE_PREFIX_PATH=${CMAKE_PREFIX_PATH}:/home/camilo/ros2_ws/install/turtle_bot:/opt/ros/humble /usr/bin/cmake --install /home/camilo/ros2_ws/build/ros2_bubble_rob
[1.379s] DEBUG:colcon.colcon_core.event_handler.log_command:Invoking command in '/home/camilo/ros2_ws/build/sim_ros2_interface': CMAKE_PREFIX_PATH=${CMAKE_PREFIX_PATH}:/home/camilo/ros2_ws/install/turtle_bot:/opt/ros/humble /usr/bin/cmake --install /home/camilo/ros2_ws/build/sim_ros2_interface
[1.393s] Level 1:colcon.colcon_core.environment:create_environment_scripts_only(ros2_bubble_rob)
[1.394s] DEBUG:colcon.colcon_core.event_handler.log_command:Invoked command in '/home/camilo/ros2_ws/build/ros2_bubble_rob' returned '0': CMAKE_PREFIX_PATH=${CMAKE_PREFIX_PATH}:/home/camilo/ros2_ws/install/turtle_bot:/opt/ros/humble /usr/bin/cmake --install /home/camilo/ros2_ws/build/ros2_bubble_rob
[1.408s] Level 1:colcon.colcon_core.environment:checking '/home/camilo/ros2_ws/install/ros2_bubble_rob' for CMake module files
[1.409s] Level 1:colcon.colcon_core.environment:checking '/home/camilo/ros2_ws/install/ros2_bubble_rob' for CMake config files
[1.409s] Level 1:colcon.colcon_core.shell:create_environment_hook('ros2_bubble_rob', 'cmake_prefix_path')
[1.421s] INFO:colcon.colcon_core.shell:Creating environment hook '/home/camilo/ros2_ws/install/ros2_bubble_rob/share/ros2_bubble_rob/hook/cmake_prefix_path.ps1'
[1.421s] INFO:colcon.colcon_core.shell:Creating environment descriptor '/home/camilo/ros2_ws/install/ros2_bubble_rob/share/ros2_bubble_rob/hook/cmake_prefix_path.dsv'
[1.422s] INFO:colcon.colcon_core.shell:Creating environment hook '/home/camilo/ros2_ws/install/ros2_bubble_rob/share/ros2_bubble_rob/hook/cmake_prefix_path.sh'
[1.422s] Level 1:colcon.colcon_core.environment:checking '/home/camilo/ros2_ws/install/ros2_bubble_rob/lib'
[1.422s] Level 1:colcon.colcon_core.environment:checking '/home/camilo/ros2_ws/install/ros2_bubble_rob/bin'
[1.422s] Level 1:colcon.colcon_core.environment:checking '/home/camilo/ros2_ws/install/ros2_bubble_rob/lib/pkgconfig/ros2_bubble_rob.pc'
[1.423s] Level 1:colcon.colcon_core.environment:checking '/home/camilo/ros2_ws/install/ros2_bubble_rob/lib/python3.10/site-packages'
[1.423s] Level 1:colcon.colcon_core.environment:checking '/home/camilo/ros2_ws/install/ros2_bubble_rob/bin'
[1.434s] INFO:colcon.colcon_core.shell:Creating package script '/home/camilo/ros2_ws/install/ros2_bubble_rob/share/ros2_bubble_rob/package.ps1'
[1.435s] INFO:colcon.colcon_core.shell:Creating package descriptor '/home/camilo/ros2_ws/install/ros2_bubble_rob/share/ros2_bubble_rob/package.dsv'
[1.435s] INFO:colcon.colcon_core.shell:Creating package script '/home/camilo/ros2_ws/install/ros2_bubble_rob/share/ros2_bubble_rob/package.sh'
[1.436s] INFO:colcon.colcon_core.shell:Creating package script '/home/camilo/ros2_ws/install/ros2_bubble_rob/share/ros2_bubble_rob/package.bash'
[1.436s] INFO:colcon.colcon_core.shell:Creating package script '/home/camilo/ros2_ws/install/ros2_bubble_rob/share/ros2_bubble_rob/package.zsh'
[1.437s] Level 1:colcon.colcon_core.environment:create_file_with_runtime_dependencies(/home/camilo/ros2_ws/install/ros2_bubble_rob/share/colcon-core/packages/ros2_bubble_rob)
[1.438s] Level 1:colcon.colcon_core.environment:create_environment_scripts_only(sim_ros2_interface)
[1.439s] DEBUG:colcon.colcon_core.event_handler.log_command:Invoked command in '/home/camilo/ros2_ws/build/sim_ros2_interface' returned '0': CMAKE_PREFIX_PATH=${CMAKE_PREFIX_PATH}:/home/camilo/ros2_ws/install/turtle_bot:/opt/ros/humble /usr/bin/cmake --install /home/camilo/ros2_ws/build/sim_ros2_interface
[1.450s] Level 1:colcon.colcon_core.environment:checking '/home/camilo/ros2_ws/install/sim_ros2_interface' for CMake module files
[1.450s] Level 1:colcon.colcon_core.environment:checking '/home/camilo/ros2_ws/install/sim_ros2_interface' for CMake config files
[1.450s] Level 1:colcon.colcon_core.shell:create_environment_hook('sim_ros2_interface', 'cmake_prefix_path')
[1.461s] INFO:colcon.colcon_core.shell:Creating environment hook '/home/camilo/ros2_ws/install/sim_ros2_interface/share/sim_ros2_interface/hook/cmake_prefix_path.ps1'
[1.462s] INFO:colcon.colcon_core.shell:Creating environment descriptor '/home/camilo/ros2_ws/install/sim_ros2_interface/share/sim_ros2_interface/hook/cmake_prefix_path.dsv'
[1.462s] INFO:colcon.colcon_core.shell:Creating environment hook '/home/camilo/ros2_ws/install/sim_ros2_interface/share/sim_ros2_interface/hook/cmake_prefix_path.sh'
[1.462s] Level 1:colcon.colcon_core.environment:checking '/home/camilo/ros2_ws/install/sim_ros2_interface/bin'
[1.463s] Level 1:colcon.colcon_core.environment:checking '/home/camilo/ros2_ws/install/sim_ros2_interface/lib/pkgconfig/sim_ros2_interface.pc'
[1.463s] Level 1:colcon.colcon_core.environment:checking '/home/camilo/ros2_ws/install/sim_ros2_interface/lib/python3.10/site-packages'
[1.463s] Level 1:colcon.colcon_core.environment:checking '/home/camilo/ros2_ws/install/sim_ros2_interface/bin'
[1.474s] INFO:colcon.colcon_core.shell:Creating package script '/home/camilo/ros2_ws/install/sim_ros2_interface/share/sim_ros2_interface/package.ps1'
[1.474s] INFO:colcon.colcon_core.shell:Creating package descriptor '/home/camilo/ros2_ws/install/sim_ros2_interface/share/sim_ros2_interface/package.dsv'
[1.475s] INFO:colcon.colcon_core.shell:Creating package script '/home/camilo/ros2_ws/install/sim_ros2_interface/share/sim_ros2_interface/package.sh'
[1.475s] INFO:colcon.colcon_core.shell:Creating package script '/home/camilo/ros2_ws/install/sim_ros2_interface/share/sim_ros2_interface/package.bash'
[1.475s] INFO:colcon.colcon_core.shell:Creating package script '/home/camilo/ros2_ws/install/sim_ros2_interface/share/sim_ros2_interface/package.zsh'
[1.475s] Level 1:colcon.colcon_core.environment:create_file_with_runtime_dependencies(/home/camilo/ros2_ws/install/sim_ros2_interface/share/colcon-core/packages/sim_ros2_interface)
[1.487s] Level 1:colcon.colcon_core.environment:create_environment_scripts_only(ros2_bubble_rob)
[1.498s] Level 1:colcon.colcon_core.environment:checking '/home/camilo/ros2_ws/install/ros2_bubble_rob' for CMake module files
[1.499s] Level 1:colcon.colcon_core.environment:checking '/home/camilo/ros2_ws/install/ros2_bubble_rob' for CMake config files
[1.499s] Level 1:colcon.colcon_core.shell:create_environment_hook('ros2_bubble_rob', 'cmake_prefix_path')
[1.510s] INFO:colcon.colcon_core.shell:Creating environment hook '/home/camilo/ros2_ws/install/ros2_bubble_rob/share/ros2_bubble_rob/hook/cmake_prefix_path.ps1'
[1.510s] INFO:colcon.colcon_core.shell:Creating environment descriptor '/home/camilo/ros2_ws/install/ros2_bubble_rob/share/ros2_bubble_rob/hook/cmake_prefix_path.dsv'
[1.511s] INFO:colcon.colcon_core.shell:Creating environment hook '/home/camilo/ros2_ws/install/ros2_bubble_rob/share/ros2_bubble_rob/hook/cmake_prefix_path.sh'
[1.511s] Level 1:colcon.colcon_core.environment:checking '/home/camilo/ros2_ws/install/ros2_bubble_rob/lib'
[1.511s] Level 1:colcon.colcon_core.environment:checking '/home/camilo/ros2_ws/install/ros2_bubble_rob/bin'
[1.511s] Level 1:colcon.colcon_core.environment:checking '/home/camilo/ros2_ws/install/ros2_bubble_rob/lib/pkgconfig/ros2_bubble_rob.pc'
[1.511s] Level 1:colcon.colcon_core.environment:checking '/home/camilo/ros2_ws/install/ros2_bubble_rob/lib/python3.10/site-packages'
[1.511s] Level 1:colcon.colcon_core.environment:checking '/home/camilo/ros2_ws/install/ros2_bubble_rob/bin'
[1.523s] INFO:colcon.colcon_core.shell:Creating package script '/home/camilo/ros2_ws/install/ros2_bubble_rob/share/ros2_bubble_rob/package.ps1'
[1.523s] INFO:colcon.colcon_core.shell:Creating package descriptor '/home/camilo/ros2_ws/install/ros2_bubble_rob/share/ros2_bubble_rob/package.dsv'
[1.523s] INFO:colcon.colcon_core.shell:Creating package script '/home/camilo/ros2_ws/install/ros2_bubble_rob/share/ros2_bubble_rob/package.sh'
[1.524s] INFO:colcon.colcon_core.shell:Creating package script '/home/camilo/ros2_ws/install/ros2_bubble_rob/share/ros2_bubble_rob/package.bash'
[1.524s] INFO:colcon.colcon_core.shell:Creating package script '/home/camilo/ros2_ws/install/ros2_bubble_rob/share/ros2_bubble_rob/package.zsh'
[1.524s] Level 1:colcon.colcon_core.environment:create_file_with_runtime_dependencies(/home/camilo/ros2_ws/install/ros2_bubble_rob/share/colcon-core/packages/ros2_bubble_rob)
[1.537s] Level 1:colcon.colcon_core.environment:create_environment_scripts_only(sim_ros2_interface)
[1.548s] Level 1:colcon.colcon_core.environment:checking '/home/camilo/ros2_ws/install/sim_ros2_interface' for CMake module files
[1.549s] Level 1:colcon.colcon_core.environment:checking '/home/camilo/ros2_ws/install/sim_ros2_interface' for CMake config files
[1.549s] Level 1:colcon.colcon_core.shell:create_environment_hook('sim_ros2_interface', 'cmake_prefix_path')
[1.560s] INFO:colcon.colcon_core.shell:Creating environment hook '/home/camilo/ros2_ws/install/sim_ros2_interface/share/sim_ros2_interface/hook/cmake_prefix_path.ps1'
[1.561s] INFO:colcon.colcon_core.shell:Creating environment descriptor '/home/camilo/ros2_ws/install/sim_ros2_interface/share/sim_ros2_interface/hook/cmake_prefix_path.dsv'
[1.561s] INFO:colcon.colcon_core.shell:Creating environment hook '/home/camilo/ros2_ws/install/sim_ros2_interface/share/sim_ros2_interface/hook/cmake_prefix_path.sh'
[1.562s] Level 1:colcon.colcon_core.environment:checking '/home/camilo/ros2_ws/install/sim_ros2_interface/bin'
[1.562s] Level 1:colcon.colcon_core.environment:checking '/home/camilo/ros2_ws/install/sim_ros2_interface/lib/pkgconfig/sim_ros2_interface.pc'
[1.562s] Level 1:colcon.colcon_core.environment:checking '/home/camilo/ros2_ws/install/sim_ros2_interface/lib/python3.10/site-packages'
[1.562s] Level 1:colcon.colcon_core.environment:checking '/home/camilo/ros2_ws/install/sim_ros2_interface/bin'
[1.573s] INFO:colcon.colcon_core.shell:Creating package script '/home/camilo/ros2_ws/install/sim_ros2_interface/share/sim_ros2_interface/package.ps1'
[1.573s] INFO:colcon.colcon_core.shell:Creating package descriptor '/home/camilo/ros2_ws/install/sim_ros2_interface/share/sim_ros2_interface/package.dsv'
[1.574s] INFO:colcon.colcon_core.shell:Creating package script '/home/camilo/ros2_ws/install/sim_ros2_interface/share/sim_ros2_interface/package.sh'
[1.574s] INFO:colcon.colcon_core.shell:Creating package script '/home/camilo/ros2_ws/install/sim_ros2_interface/share/sim_ros2_interface/package.bash'
[1.574s] INFO:colcon.colcon_core.shell:Creating package script '/home/camilo/ros2_ws/install/sim_ros2_interface/share/sim_ros2_interface/package.zsh'
[1.575s] Level 1:colcon.colcon_core.environment:create_file_with_runtime_dependencies(/home/camilo/ros2_ws/install/sim_ros2_interface/share/colcon-core/packages/sim_ros2_interface)
[1.625s] DEBUG:colcon.colcon_core.event_handler.log_command:Invoking command in '/home/camilo/ros2_ws/src/turtle_bot': PYTHONPATH=/home/camilo/ros2_ws/build/turtle_bot/prefix_override:/home/camilo/ros2_ws/install/turtle_bot/lib/python3.10/site-packages:${PYTHONPATH} /usr/bin/python3 setup.py egg_info --egg-base ../../build/turtle_bot build --build-base /home/camilo/ros2_ws/build/turtle_bot/build install --record /home/camilo/ros2_ws/build/turtle_bot/install.log --single-version-externally-managed
[1.856s] DEBUG:colcon.colcon_core.event_handler.log_command:Invoked command in '/home/camilo/ros2_ws/src/turtle_bot' returned '0': PYTHONPATH=/home/camilo/ros2_ws/build/turtle_bot/prefix_override:/home/camilo/ros2_ws/install/turtle_bot/lib/python3.10/site-packages:${PYTHONPATH} /usr/bin/python3 setup.py egg_info --egg-base ../../build/turtle_bot build --build-base /home/camilo/ros2_ws/build/turtle_bot/build install --record /home/camilo/ros2_ws/build/turtle_bot/install.log --single-version-externally-managed
[1.867s] Level 1:colcon.colcon_core.environment:checking '/home/camilo/ros2_ws/install/turtle_bot' for CMake module files
[1.867s] Level 1:colcon.colcon_core.environment:checking '/home/camilo/ros2_ws/install/turtle_bot' for CMake config files
[1.868s] Level 1:colcon.colcon_core.environment:checking '/home/camilo/ros2_ws/install/turtle_bot/lib'
[1.868s] Level 1:colcon.colcon_core.environment:checking '/home/camilo/ros2_ws/install/turtle_bot/bin'
[1.868s] Level 1:colcon.colcon_core.environment:checking '/home/camilo/ros2_ws/install/turtle_bot/lib/pkgconfig/turtle_bot.pc'
[1.868s] Level 1:colcon.colcon_core.environment:checking '/home/camilo/ros2_ws/install/turtle_bot/lib/python3.10/site-packages'
[1.868s] Level 1:colcon.colcon_core.shell:create_environment_hook('turtle_bot', 'pythonpath')
[1.879s] INFO:colcon.colcon_core.shell:Creating environment hook '/home/camilo/ros2_ws/install/turtle_bot/share/turtle_bot/hook/pythonpath.ps1'
[1.879s] INFO:colcon.colcon_core.shell:Creating environment descriptor '/home/camilo/ros2_ws/install/turtle_bot/share/turtle_bot/hook/pythonpath.dsv'
[1.879s] INFO:colcon.colcon_core.shell:Creating environment hook '/home/camilo/ros2_ws/install/turtle_bot/share/turtle_bot/hook/pythonpath.sh'
[1.880s] Level 1:colcon.colcon_core.environment:checking '/home/camilo/ros2_ws/install/turtle_bot/bin'
[1.880s] Level 1:colcon.colcon_core.environment:create_environment_scripts_only(turtle_bot)
[1.890s] INFO:colcon.colcon_core.shell:Creating package script '/home/camilo/ros2_ws/install/turtle_bot/share/turtle_bot/package.ps1'
[1.890s] INFO:colcon.colcon_core.shell:Creating package descriptor '/home/camilo/ros2_ws/install/turtle_bot/share/turtle_bot/package.dsv'
[1.891s] INFO:colcon.colcon_core.shell:Creating package script '/home/camilo/ros2_ws/install/turtle_bot/share/turtle_bot/package.sh'
[1.891s] INFO:colcon.colcon_core.shell:Creating package script '/home/camilo/ros2_ws/install/turtle_bot/share/turtle_bot/package.bash'
[1.891s] INFO:colcon.colcon_core.shell:Creating package script '/home/camilo/ros2_ws/install/turtle_bot/share/turtle_bot/package.zsh'
[1.891s] Level 1:colcon.colcon_core.environment:create_file_with_runtime_dependencies(/home/camilo/ros2_ws/install/turtle_bot/share/colcon-core/packages/turtle_bot)
[1.892s] DEBUG:colcon.colcon_parallel_executor.executor.parallel:closing loop
[1.892s] DEBUG:colcon.colcon_parallel_executor.executor.parallel:loop closed
[1.892s] DEBUG:colcon.colcon_parallel_executor.executor.parallel:run_until_complete finished with '0'
[1.892s] DEBUG:colcon.colcon_core.event_reactor:joining thread
[1.906s] INFO:colcon.colcon_core.plugin_system:Skipping extension 'colcon_notification.desktop_notification.terminal_notifier': Not used on non-Darwin systems
[1.906s] INFO:colcon.colcon_core.plugin_system:Skipping extension 'colcon_notification.desktop_notification.win32': Not used on non-Windows systems
[1.907s] INFO:colcon.colcon_notification.desktop_notification:Sending desktop notification using 'notify2'
[1.915s] DEBUG:colcon.colcon_core.event_reactor:joined thread
[1.926s] INFO:colcon.colcon_core.shell:Creating prefix script '/home/camilo/ros2_ws/install/local_setup.ps1'
[1.927s] INFO:colcon.colcon_core.shell:Creating prefix util module '/home/camilo/ros2_ws/install/_local_setup_util_ps1.py'
[1.928s] INFO:colcon.colcon_core.shell:Creating prefix chain script '/home/camilo/ros2_ws/install/setup.ps1'
[1.939s] INFO:colcon.colcon_core.shell:Creating prefix script '/home/camilo/ros2_ws/install/local_setup.sh'
[1.939s] INFO:colcon.colcon_core.shell:Creating prefix util module '/home/camilo/ros2_ws/install/_local_setup_util_sh.py'
[1.940s] INFO:colcon.colcon_core.shell:Creating prefix chain script '/home/camilo/ros2_ws/install/setup.sh'
[1.951s] INFO:colcon.colcon_core.shell:Creating prefix script '/home/camilo/ros2_ws/install/local_setup.bash'
[1.951s] INFO:colcon.colcon_core.shell:Creating prefix chain script '/home/camilo/ros2_ws/install/setup.bash'
[1.962s] INFO:colcon.colcon_core.shell:Creating prefix script '/home/camilo/ros2_ws/install/local_setup.zsh'
[1.962s] INFO:colcon.colcon_core.shell:Creating prefix chain script '/home/camilo/ros2_ws/install/setup.zsh'
