[1.727s] Invoking command in '/home/robotica/ros2_ws/src/turtle_bot': PYTHONPATH=/home/robotica/ros2_ws/build/turtle_bot/prefix_override:/home/robotica/ros2_ws/install/turtle_bot/lib/python3.10/site-packages:${PYTHONPATH} /usr/bin/python3 setup.py egg_info --egg-base ../../build/turtle_bot build --build-base /home/robotica/ros2_ws/build/turtle_bot/build install --record /home/robotica/ros2_ws/build/turtle_bot/install.log --single-version-externally-managed
[2.284s] running egg_info
[2.286s] writing ../../build/turtle_bot/turtle_bot.egg-info/PKG-INFO
[2.288s] writing dependency_links to ../../build/turtle_bot/turtle_bot.egg-info/dependency_links.txt
[2.289s] writing entry points to ../../build/turtle_bot/turtle_bot.egg-info/entry_points.txt
[2.294s] writing requirements to ../../build/turtle_bot/turtle_bot.egg-info/requires.txt
[2.296s] writing top-level names to ../../build/turtle_bot/turtle_bot.egg-info/top_level.txt
[2.306s] reading manifest file '../../build/turtle_bot/turtle_bot.egg-info/SOURCES.txt'
[2.314s] writing manifest file '../../build/turtle_bot/turtle_bot.egg-info/SOURCES.txt'
[2.316s] running build
[2.316s] running build_py
[2.316s] copying turtle_bot/turtle_bot_teleop.py -> /home/robotica/ros2_ws/build/turtle_bot/build/lib/turtle_bot
[2.320s] running install
[2.321s] running install_lib
[2.324s] copying /home/robotica/ros2_ws/build/turtle_bot/build/lib/turtle_bot/turtle_bot_teleop.py -> /home/robotica/ros2_ws/install/turtle_bot/lib/python3.10/site-packages/turtle_bot
[2.326s] byte-compiling /home/robotica/ros2_ws/install/turtle_bot/lib/python3.10/site-packages/turtle_bot/turtle_bot_teleop.py to turtle_bot_teleop.cpython-310.pyc
[2.330s] running install_data
[2.338s] running install_egg_info
[2.340s] removing '/home/robotica/ros2_ws/install/turtle_bot/lib/python3.10/site-packages/turtle_bot-0.0.0-py3.10.egg-info' (and everything under it)
[2.353s] Copying ../../build/turtle_bot/turtle_bot.egg-info to /home/robotica/ros2_ws/install/turtle_bot/lib/python3.10/site-packages/turtle_bot-0.0.0-py3.10.egg-info
[2.361s] running install_scripts
[2.420s] Installing turtle_bot_teleop script to /home/robotica/ros2_ws/install/turtle_bot/lib/turtle_bot
[2.421s] writing list of installed files to '/home/robotica/ros2_ws/build/turtle_bot/install.log'
[2.526s] Invoked command in '/home/robotica/ros2_ws/src/turtle_bot' returned '0': PYTHONPATH=/home/robotica/ros2_ws/build/turtle_bot/prefix_override:/home/robotica/ros2_ws/install/turtle_bot/lib/python3.10/site-packages:${PYTHONPATH} /usr/bin/python3 setup.py egg_info --egg-base ../../build/turtle_bot build --build-base /home/robotica/ros2_ws/build/turtle_bot/build install --record /home/robotica/ros2_ws/build/turtle_bot/install.log --single-version-externally-managed
