[0.575s] Invoking command in '/home/camilo/ros2_ws/src/turtle_bot': PYTHONPATH=/home/camilo/ros2_ws/build/turtle_bot/prefix_override:/home/camilo/ros2_ws/install/turtle_bot/lib/python3.10/site-packages:${PYTHONPATH} /usr/bin/python3 setup.py egg_info --egg-base ../../build/turtle_bot build --build-base /home/camilo/ros2_ws/build/turtle_bot/build install --record /home/camilo/ros2_ws/build/turtle_bot/install.log --single-version-externally-managed
[0.755s] running egg_info
[0.755s] writing ../../build/turtle_bot/turtle_bot.egg-info/PKG-INFO
[0.756s] writing dependency_links to ../../build/turtle_bot/turtle_bot.egg-info/dependency_links.txt
[0.756s] writing entry points to ../../build/turtle_bot/turtle_bot.egg-info/entry_points.txt
[0.756s] writing requirements to ../../build/turtle_bot/turtle_bot.egg-info/requires.txt
[0.756s] writing top-level names to ../../build/turtle_bot/turtle_bot.egg-info/top_level.txt
[0.758s] reading manifest file '../../build/turtle_bot/turtle_bot.egg-info/SOURCES.txt'
[0.758s] writing manifest file '../../build/turtle_bot/turtle_bot.egg-info/SOURCES.txt'
[0.758s] running build
[0.759s] running build_py
[0.759s] copying turtle_bot/turtle_bot_interface.py -> /home/camilo/ros2_ws/build/turtle_bot/build/lib/turtle_bot
[0.759s] running install
[0.759s] running install_lib
[0.760s] copying /home/camilo/ros2_ws/build/turtle_bot/build/lib/turtle_bot/turtle_bot_interface.py -> /home/camilo/ros2_ws/install/turtle_bot/lib/python3.10/site-packages/turtle_bot
[0.760s] byte-compiling /home/camilo/ros2_ws/install/turtle_bot/lib/python3.10/site-packages/turtle_bot/turtle_bot_interface.py to turtle_bot_interface.cpython-310.pyc
[0.762s] running install_data
[0.762s] running install_egg_info
[0.764s] removing '/home/camilo/ros2_ws/install/turtle_bot/lib/python3.10/site-packages/turtle_bot-0.0.0-py3.10.egg-info' (and everything under it)
[0.764s] Copying ../../build/turtle_bot/turtle_bot.egg-info to /home/camilo/ros2_ws/install/turtle_bot/lib/python3.10/site-packages/turtle_bot-0.0.0-py3.10.egg-info
[0.764s] running install_scripts
[0.779s] Installing turtle_bot_interface script to /home/camilo/ros2_ws/install/turtle_bot/lib/turtle_bot
[0.779s] Installing turtle_bot_player script to /home/camilo/ros2_ws/install/turtle_bot/lib/turtle_bot
[0.779s] Installing turtle_bot_teleop script to /home/camilo/ros2_ws/install/turtle_bot/lib/turtle_bot
[0.779s] writing list of installed files to '/home/camilo/ros2_ws/build/turtle_bot/install.log'
[0.799s] Invoked command in '/home/camilo/ros2_ws/src/turtle_bot' returned '0': PYTHONPATH=/home/camilo/ros2_ws/build/turtle_bot/prefix_override:/home/camilo/ros2_ws/install/turtle_bot/lib/python3.10/site-packages:${PYTHONPATH} /usr/bin/python3 setup.py egg_info --egg-base ../../build/turtle_bot build --build-base /home/camilo/ros2_ws/build/turtle_bot/build install --record /home/camilo/ros2_ws/build/turtle_bot/install.log --single-version-externally-managed
