[0.095s] Invoking command in '/home/camilo/ros2_ws/build/sim_ros2_interface': CMAKE_PREFIX_PATH=/home/camilo/ros2_ws/install/turtle_bot:/opt/ros/humble /usr/bin/cmake /home/camilo/ros2_ws/src/sim_ros2_interface -DCMAKE_BUILD_TYPE=Release -DAMENT_CMAKE_SYMLINK_INSTALL=1 -DCMAKE_INSTALL_PREFIX=/home/camilo/ros2_ws/install/sim_ros2_interface
[0.105s] -- Found ament_cmake: 1.3.7 (/opt/ros/humble/share/ament_cmake/cmake)
[0.209s] -- Override CMake install command with custom implementation using symlinks instead of copying resources
[0.214s] -- Found ament_cmake_ros: 0.10.0 (/opt/ros/humble/share/ament_cmake_ros/cmake)
[0.216s] -- Found diagnostic_msgs: 4.2.3 (/opt/ros/humble/share/diagnostic_msgs/cmake)
[0.234s] -- Found rosidl_generator_c: 3.1.5 (/opt/ros/humble/share/rosidl_generator_c/cmake)
[0.236s] -- Found rosidl_adapter: 3.1.5 (/opt/ros/humble/share/rosidl_adapter/cmake)
[0.241s] -- Found rosidl_generator_cpp: 3.1.5 (/opt/ros/humble/share/rosidl_generator_cpp/cmake)
[0.249s] -- Using all available rosidl_typesupport_c: rosidl_typesupport_fastrtps_c;rosidl_typesupport_introspection_c
[0.260s] -- Using all available rosidl_typesupport_cpp: rosidl_typesupport_fastrtps_cpp;rosidl_typesupport_introspection_cpp
[0.348s] -- Found geometry_msgs: 4.2.3 (/opt/ros/humble/share/geometry_msgs/cmake)
[0.382s] -- Found lifecycle_msgs: 1.2.1 (/opt/ros/humble/share/lifecycle_msgs/cmake)
[0.393s] -- Found map_msgs: 2.1.0 (/opt/ros/humble/share/map_msgs/cmake)
[0.619s] -- Found pendulum_msgs: 0.20.3 (/opt/ros/humble/share/pendulum_msgs/cmake)
[0.641s] -- Found rosgraph_msgs: 1.2.1 (/opt/ros/humble/share/rosgraph_msgs/cmake)
[0.665s] -- Found shape_msgs: 4.2.3 (/opt/ros/humble/share/shape_msgs/cmake)
[0.704s] -- Found stereo_msgs: 4.2.3 (/opt/ros/humble/share/stereo_msgs/cmake)
[0.766s] -- Found tf2_geometry_msgs: 0.25.5 (/opt/ros/humble/share/tf2_geometry_msgs/cmake)
[0.769s] -- Found eigen3_cmake_module: 0.1.1 (/opt/ros/humble/share/eigen3_cmake_module/cmake)
[0.770s] -- Ensuring Eigen3 include directory is part of orocos-kdl CMake target
[0.856s] -- Found rmw_implementation_cmake: 6.1.1 (/opt/ros/humble/share/rmw_implementation_cmake/cmake)
[0.857s] -- Found rmw_fastrtps_cpp: 6.2.6 (/opt/ros/humble/share/rmw_fastrtps_cpp/cmake)
[0.945s] -- Using RMW implementation 'rmw_fastrtps_cpp' as default
[1.240s] -- Found trajectory_msgs: 4.2.3 (/opt/ros/humble/share/trajectory_msgs/cmake)
[1.300s] -- Found visualization_msgs: 4.2.3 (/opt/ros/humble/share/visualization_msgs/cmake)
[1.388s] -- Found std_srvs: 4.2.3 (/opt/ros/humble/share/std_srvs/cmake)
[1.400s] -- Found example_interfaces: 0.9.3 (/opt/ros/humble/share/example_interfaces/cmake)
[1.440s] -- Found image_transport: 3.1.8 (/opt/ros/humble/share/image_transport/cmake)
[1.461s] -- CoppeliaSim: LIBPLUGIN_DIR: /home/camilo/Downloads/Coppelia/programming/libPlugin.
[1.461s] -- CoppeliaSim: COPPELIASIM_ROOT_DIR: /home/camilo/Downloads/Coppelia.
[1.461s] -- Found CoppeliaSim installation at /home/camilo/Downloads/Coppelia.
[1.461s] -- Checking CoppeliaSim header version...
[1.712s] -- CoppeliaSim headers version 4.4.0 rev0
[1.720s] -- Found Boost: /usr/lib/x86_64-linux-gnu/cmake/Boost-1.74.0/BoostConfig.cmake (found version "1.74.0") found components: regex 
[1.724s] -- Found Git: /usr/bin/git (found version "2.34.1") 
[1.775s] -- Found Boost: /usr/lib/x86_64-linux-gnu/cmake/Boost-1.74.0/BoostConfig.cmake (found version "1.74.0")  
[1.776s] -- Adding simStubsGen command...
[1.819s] -- Reading plugin metadata...
[2.454s] -- Plugin: ROS2
[2.519s] -- Configuring done
[2.534s] -- Generating done
[2.536s] -- Build files have been written to: /home/camilo/ros2_ws/build/sim_ros2_interface
[2.544s] Invoked command in '/home/camilo/ros2_ws/build/sim_ros2_interface' returned '0': CMAKE_PREFIX_PATH=/home/camilo/ros2_ws/install/turtle_bot:/opt/ros/humble /usr/bin/cmake /home/camilo/ros2_ws/src/sim_ros2_interface -DCMAKE_BUILD_TYPE=Release -DAMENT_CMAKE_SYMLINK_INSTALL=1 -DCMAKE_INSTALL_PREFIX=/home/camilo/ros2_ws/install/sim_ros2_interface
[2.545s] Invoking command in '/home/camilo/ros2_ws/build/sim_ros2_interface': CMAKE_PREFIX_PATH=/home/camilo/ros2_ws/install/turtle_bot:/opt/ros/humble /usr/bin/cmake --build /home/camilo/ros2_ws/build/sim_ros2_interface -- -j8 -l8
[2.590s] [  7%] [34m[1mGenerating generated/actcli_cancelLastGoal.cpp[0m
[2.590s] [  9%] [34m[1mGenerating generated/actcli_del.cpp[0m
[2.590s] [  9%] [34m[1mGenerating generated/actcli_sendGoal.cpp[0m
[2.590s] [  7%] [34m[1mGenerating generated/actcli_new.cpp[0m
[2.590s] [ 12%] [34m[1mGenerating generated/actsrv_action_abort.cpp[0m
[2.590s] [ 14%] [34m[1mGenerating generated/actsrv_action_canceled.cpp[0m
[2.590s] [ 17%] [34m[1mGenerating generated/actsrv_action_execute.cpp[0m
[2.590s] [ 19%] [34m[1mGenerating generated/actsrv_action_is_active.cpp[0m
[2.871s] [ 29%] [34m[1mGenerating generated/actsrv_action_publish_feedback.cpp[0m
[2.871s] [ 29%] [34m[1mGenerating generated/actsrv_action_succeed.cpp[0m
[2.871s] [ 29%] [34m[1mGenerating generated/actsrv_action_is_executing.cpp[0m
[2.872s] [ 31%] [34m[1mGenerating generated/actsrv_del.cpp[0m
[2.872s] [ 34%] [34m[1mGenerating generated/actsrv_new.cpp[0m
[2.872s] [ 36%] [34m[1mGenerating generated/callbacks.cpp[0m
[2.872s] [ 31%] [34m[1mGenerating generated/actsrv_action_is_canceling.cpp[0m
[2.872s] [ 39%] [34m[1mGenerating generated/callbacks.h[0m
[3.139s] [ 43%] [34m[1mGenerating generated/cli_call.cpp[0m
[3.139s] [ 43%] [34m[1mGenerating generated/cli_del.cpp[0m
[3.139s] [ 48%] [34m[1mGenerating generated/cli_new.cpp[0m
[3.139s] [ 48%] [34m[1mGenerating generated/cli_wait.cpp[0m
[3.140s] [ 51%] [34m[1mGenerating generated/if_const.cpp[0m
[3.145s] [ 56%] [34m[1mGenerating generated/if_list.cpp[0m
[3.146s] [ 56%] [34m[1mGenerating generated/if_new.cpp[0m
[3.151s] [ 58%] [34m[1mGenerating generated/pub_del.cpp[0m
[3.408s] [ 68%] [34m[1mGenerating generated/pub_publish.cpp[0m
[3.409s] [ 68%] [34m[1mGenerating generated/srv_del.cpp[0m
[3.409s] [ 68%] [34m[1mGenerating generated/pub_new.cpp[0m
[3.409s] [ 68%] [34m[1mGenerating generated/srv_new.cpp[0m
[3.411s] [ 70%] [34m[1mGenerating generated/sub_del.cpp[0m
[3.413s] [ 73%] [34m[1mGenerating generated/sub_new.cpp[0m
[3.640s] [ 73%] Built target generate_ros_code
[3.647s] [ 75%] [34m[1mGenerating generated/stubs.cpp, generated/stubs.h, generated/plugin.h, generated/stubsPlusPlus.cpp, generated/index.json, generated/reference.html, generated/lua_calltips.cpp, generated/simROS2-typecheck.lua[0m
[3.688s] /home/camilo/Downloads/Coppelia/programming/libPlugin/simStubsGen/generate.py --verbose --xml-file /home/camilo/ros2_ws/src/sim_ros2_interface/meta/callbacks.xml --gen-all /home/camilo/ros2_ws/build/sim_ros2_interface/generated --lua-file /home/camilo/ros2_ws/src/sim_ros2_interface/simROS2.lua
[3.945s] /usr/bin/python3.10 /home/camilo/Downloads/Coppelia/programming/libPlugin/simStubsGen/generate_lua_xml.py /home/camilo/ros2_ws/src/sim_ros2_interface/meta/callbacks.xml /home/camilo/ros2_ws/src/sim_ros2_interface/simROS2.lua /home/camilo/ros2_ws/build/sim_ros2_interface/generated/lua.xml
[4.248s] /usr/bin/python3.10 /home/camilo/Downloads/Coppelia/programming/libPlugin/simStubsGen/merge_xml.py /home/camilo/ros2_ws/src/sim_ros2_interface/meta/callbacks.xml /home/camilo/ros2_ws/build/sim_ros2_interface/generated/lua.xml /home/camilo/ros2_ws/build/sim_ros2_interface/generated/reference.xml
[4.273s] xsltproc -o /home/camilo/ros2_ws/build/sim_ros2_interface/generated/reference.html /home/camilo/Downloads/Coppelia/programming/libPlugin/simStubsGen/xsl/reference.xsl /home/camilo/ros2_ws/build/sim_ros2_interface/generated/reference.xml
[4.295s] /usr/bin/python3.10 /home/camilo/Downloads/Coppelia/programming/libPlugin/simStubsGen/generate_lua_calltips.py /home/camilo/ros2_ws/build/sim_ros2_interface/generated/lua.xml /home/camilo/ros2_ws/build/sim_ros2_interface/generated/lua_calltips.cpp
[4.555s] /usr/bin/python3.10 /home/camilo/Downloads/Coppelia/programming/libPlugin/simStubsGen/generate_lua_typechecker.py /home/camilo/ros2_ws/src/sim_ros2_interface/simROS2.lua /home/camilo/ros2_ws/build/sim_ros2_interface/generated/lua.xml /home/camilo/ros2_ws/build/sim_ros2_interface/generated/simROS2-typecheck.lua
[4.809s] /usr/bin/python3.10 /home/camilo/Downloads/Coppelia/programming/libPlugin/simStubsGen/generate_api_index.py /home/camilo/ros2_ws/build/sim_ros2_interface/generated/reference.xml /home/camilo/ros2_ws/build/sim_ros2_interface/generated/index.json
[5.115s] /usr/bin/python3.10 /home/camilo/Downloads/Coppelia/programming/libPlugin/simStubsGen/external/pycpp/pycpp.py -p xml_file=/home/camilo/ros2_ws/src/sim_ros2_interface/meta/callbacks.xml -p have_lua_calltips=True -P /home/camilo/Downloads/Coppelia/programming/libPlugin/simStubsGen -p lua_require=simROS2-typecheck -i /home/camilo/Downloads/Coppelia/programming/libPlugin/simStubsGen/cpp/stubs.cpp -o /home/camilo/ros2_ws/build/sim_ros2_interface/generated/stubs.cpp
[5.432s] /usr/bin/python3.10 /home/camilo/Downloads/Coppelia/programming/libPlugin/simStubsGen/external/pycpp/pycpp.py -p xml_file=/home/camilo/ros2_ws/src/sim_ros2_interface/meta/callbacks.xml -p have_lua_calltips=True -P /home/camilo/Downloads/Coppelia/programming/libPlugin/simStubsGen -p lua_require=simROS2-typecheck -i /home/camilo/Downloads/Coppelia/programming/libPlugin/simStubsGen/cpp/stubs.h -o /home/camilo/ros2_ws/build/sim_ros2_interface/generated/stubs.h
[5.740s] /usr/bin/python3.10 /home/camilo/Downloads/Coppelia/programming/libPlugin/simStubsGen/external/pycpp/pycpp.py -p xml_file=/home/camilo/ros2_ws/src/sim_ros2_interface/meta/callbacks.xml -p have_lua_calltips=True -P /home/camilo/Downloads/Coppelia/programming/libPlugin/simStubsGen -p lua_require=simROS2-typecheck -i /home/camilo/Downloads/Coppelia/programming/libPlugin/simStubsGen/cpp/plugin.h -o /home/camilo/ros2_ws/build/sim_ros2_interface/generated/plugin.h
[6.041s] /usr/bin/python3.10 /home/camilo/Downloads/Coppelia/programming/libPlugin/simStubsGen/external/pycpp/pycpp.py -p xml_file=/home/camilo/ros2_ws/src/sim_ros2_interface/meta/callbacks.xml -p have_lua_calltips=True -P /home/camilo/Downloads/Coppelia/programming/libPlugin/simStubsGen -p lua_require=simROS2-typecheck -i /home/camilo/Downloads/Coppelia/programming/libPlugin/simStubsGen/cpp/stubsPlusPlus.cpp -o /home/camilo/ros2_ws/build/sim_ros2_interface/generated/stubsPlusPlus.cpp
[6.403s] [ 85%] [32mBuilding CXX object CMakeFiles/simExtROS2.dir/home/camilo/Downloads/Coppelia/programming/libPlugin/simPlusPlus/Plugin.cpp.o[0m
[6.403s] [ 85%] [32mBuilding CXX object CMakeFiles/simExtROS2.dir/home/camilo/Downloads/Coppelia/programming/libPlugin/simPlusPlus/Lib.cpp.o[0m
[6.404s] [ 85%] [32mBuilding CXX object CMakeFiles/simExtROS2.dir/generated/stubs.cpp.o[0m
[6.404s] [ 85%] [32mBuilding CXX object CMakeFiles/simExtROS2.dir/home/camilo/Downloads/Coppelia/programming/common/simLib.cpp.o[0m
[6.404s] [ 87%] [32mBuilding CXX object CMakeFiles/simExtROS2.dir/home/camilo/Downloads/Coppelia/programming/libPlugin/simPlusPlus/Handle.cpp.o[0m
[6.404s] [ 90%] [32mBuilding CXX object CMakeFiles/simExtROS2.dir/src/ros_msg_builtin_io.cpp.o[0m
[6.404s] [ 95%] [32mBuilding CXX object CMakeFiles/simExtROS2.dir/src/sim_ros2_interface.cpp.o[0m
[6.404s] [ 95%] [32mBuilding CXX object CMakeFiles/simExtROS2.dir/generated/callbacks.cpp.o[0m
[7.449s] [01m[K/home/camilo/Downloads/Coppelia/programming/libPlugin/simPlusPlus/Plugin.cpp:[m[K In member function ‘[01m[Kvirtual void* sim::Plugin::loadSimLibrary()[m[K’:
[7.450s] [01m[K/home/camilo/Downloads/Coppelia/programming/libPlugin/simPlusPlus/Plugin.cpp:615:15:[m[K [01;35m[Kwarning: [m[Kignoring return value of ‘[01m[Kchar* getcwd(char*, size_t)[m[K’ declared with attribute ‘[01m[Kwarn_unused_result[m[K’ [[01;35m[K]8;;https://gcc.gnu.org/onlinedocs/gcc/Warning-Options.html#index-Wunused-result-Wunused-result]8;;[m[K]
[7.450s]   615 |         [01;35m[Kgetcwd(curDirAndFile, sizeof(curDirAndFile))[m[K;
[7.450s]       |         [01;35m[K~~~~~~^~~~~~~~~~~~~~~~~~~~~~~~~~~~~~~~~~~~~~[m[K
[107.440s] [ 97%] [32m[1mLinking CXX shared library libsimExtROS2.so[0m
[108.599s] [100%] Built target simExtROS2
[108.609s] Invoked command in '/home/camilo/ros2_ws/build/sim_ros2_interface' returned '0': CMAKE_PREFIX_PATH=/home/camilo/ros2_ws/install/turtle_bot:/opt/ros/humble /usr/bin/cmake --build /home/camilo/ros2_ws/build/sim_ros2_interface -- -j8 -l8
[108.654s] Invoking command in '/home/camilo/ros2_ws/build/sim_ros2_interface': CMAKE_PREFIX_PATH=/home/camilo/ros2_ws/install/turtle_bot:/opt/ros/humble /usr/bin/cmake --install /home/camilo/ros2_ws/build/sim_ros2_interface
[108.662s] -- Install configuration: "Release"
[108.663s] -- Execute custom install script
[108.663s] -- Symlinking: /home/camilo/Downloads/Coppelia/lua/simROS2-typecheck.lua
[108.674s] -- Symlinking: /home/camilo/Downloads/Coppelia/lua/simROS2.lua
[108.686s] -- Symlinking: /home/camilo/Downloads/Coppelia/helpFiles/en/simROS2.htm
[108.698s] -- Symlinking: /home/camilo/Downloads/Coppelia/helpFiles/index/simROS2.json
[108.709s] -- Symlinking: /home/camilo/Downloads/Coppelia/libsimExtROS2.so
[108.720s] -- Symlinking: /home/camilo/ros2_ws/install/sim_ros2_interface/share/ament_index/resource_index/package_run_dependencies/sim_ros2_interface
[108.727s] -- Symlinking: /home/camilo/ros2_ws/install/sim_ros2_interface/share/ament_index/resource_index/parent_prefix_path/sim_ros2_interface
[108.735s] -- Symlinking: /home/camilo/ros2_ws/install/sim_ros2_interface/share/sim_ros2_interface/environment/ament_prefix_path.sh
[108.741s] -- Symlinking: /home/camilo/ros2_ws/install/sim_ros2_interface/share/sim_ros2_interface/environment/ament_prefix_path.dsv
[108.747s] -- Symlinking: /home/camilo/ros2_ws/install/sim_ros2_interface/share/sim_ros2_interface/environment/path.sh
[108.754s] -- Symlinking: /home/camilo/ros2_ws/install/sim_ros2_interface/share/sim_ros2_interface/environment/path.dsv
[108.759s] -- Symlinking: /home/camilo/ros2_ws/install/sim_ros2_interface/share/sim_ros2_interface/local_setup.bash
[108.766s] -- Symlinking: /home/camilo/ros2_ws/install/sim_ros2_interface/share/sim_ros2_interface/local_setup.sh
[108.772s] -- Symlinking: /home/camilo/ros2_ws/install/sim_ros2_interface/share/sim_ros2_interface/local_setup.zsh
[108.778s] -- Symlinking: /home/camilo/ros2_ws/install/sim_ros2_interface/share/sim_ros2_interface/local_setup.dsv
[108.784s] -- Symlinking: /home/camilo/ros2_ws/install/sim_ros2_interface/share/sim_ros2_interface/package.dsv
[108.790s] -- Symlinking: /home/camilo/ros2_ws/install/sim_ros2_interface/share/ament_index/resource_index/packages/sim_ros2_interface
[108.796s] -- Symlinking: /home/camilo/ros2_ws/install/sim_ros2_interface/share/sim_ros2_interface/cmake/sim_ros2_interfaceConfig.cmake
[108.803s] -- Symlinking: /home/camilo/ros2_ws/install/sim_ros2_interface/share/sim_ros2_interface/cmake/sim_ros2_interfaceConfig-version.cmake
[108.809s] -- Symlinking: /home/camilo/ros2_ws/install/sim_ros2_interface/share/sim_ros2_interface/package.xml
[108.817s] Invoked command in '/home/camilo/ros2_ws/build/sim_ros2_interface' returned '0': CMAKE_PREFIX_PATH=/home/camilo/ros2_ws/install/turtle_bot:/opt/ros/humble /usr/bin/cmake --install /home/camilo/ros2_ws/build/sim_ros2_interface
