-- Found ament_cmake: 1.3.8 (/opt/ros/humble/share/ament_cmake/cmake)
-- Override CMake install command with custom implementation using symlinks instead of copying resources
-- Found ament_cmake_ros: 0.10.0 (/opt/ros/humble/share/ament_cmake_ros/cmake)
-- Found diagnostic_msgs: 4.2.3 (/opt/ros/humble/share/diagnostic_msgs/cmake)
-- Found rosidl_generator_c: 3.1.5 (/opt/ros/humble/share/rosidl_generator_c/cmake)
-- Found rosidl_adapter: 3.1.5 (/opt/ros/humble/share/rosidl_adapter/cmake)
-- Found rosidl_generator_cpp: 3.1.5 (/opt/ros/humble/share/rosidl_generator_cpp/cmake)
-- Using all available rosidl_typesupport_c: rosidl_typesupport_fastrtps_c;rosidl_typesupport_introspection_c
-- Using all available rosidl_typesupport_cpp: rosidl_typesupport_fastrtps_cpp;rosidl_typesupport_introspection_cpp
-- Found geometry_msgs: 4.2.3 (/opt/ros/humble/share/geometry_msgs/cmake)
-- Found lifecycle_msgs: 1.2.1 (/opt/ros/humble/share/lifecycle_msgs/cmake)
-- Found map_msgs: 2.1.0 (/opt/ros/humble/share/map_msgs/cmake)
-- Found pendulum_msgs: 0.20.3 (/opt/ros/humble/share/pendulum_msgs/cmake)
-- Found rosgraph_msgs: 1.2.1 (/opt/ros/humble/share/rosgraph_msgs/cmake)
-- Found shape_msgs: 4.2.3 (/opt/ros/humble/share/shape_msgs/cmake)
-- Found stereo_msgs: 4.2.3 (/opt/ros/humble/share/stereo_msgs/cmake)
-- Found tf2_geometry_msgs: 0.25.6 (/opt/ros/humble/share/tf2_geometry_msgs/cmake)
-- Found eigen3_cmake_module: 0.1.1 (/opt/ros/humble/share/eigen3_cmake_module/cmake)
-- Ensuring Eigen3 include directory is part of orocos-kdl CMake target
-- Found rmw_implementation_cmake: 6.1.1 (/opt/ros/humble/share/rmw_implementation_cmake/cmake)
-- Found rmw_fastrtps_cpp: 6.2.6 (/opt/ros/humble/share/rmw_fastrtps_cpp/cmake)
-- Using RMW implementation 'rmw_fastrtps_cpp' as default
-- Found trajectory_msgs: 4.2.3 (/opt/ros/humble/share/trajectory_msgs/cmake)
-- Found visualization_msgs: 4.2.3 (/opt/ros/humble/share/visualization_msgs/cmake)
-- Found std_srvs: 4.2.3 (/opt/ros/humble/share/std_srvs/cmake)
-- Found example_interfaces: 0.9.3 (/opt/ros/humble/share/example_interfaces/cmake)
-- Found image_transport: 3.1.8 (/opt/ros/humble/share/image_transport/cmake)
-- CoppeliaSim: COPPELIASIM_INCLUDE_DIR: /home/camilo/Downloads/Coppelia/programming/include.
-- CoppeliaSim: COPPELIASIM_ROOT_DIR: /home/camilo/Downloads/Coppelia.
-- Found CoppeliaSim installation at /home/camilo/Downloads/Coppelia.
-- Checking CoppeliaSim header version...
-- CoppeliaSim headers version 4.5.1 rev4
-- Found Boost: /usr/lib/x86_64-linux-gnu/cmake/Boost-1.74.0/BoostConfig.cmake (found version "1.74.0") found components: regex 
-- Found Boost: /usr/lib/x86_64-linux-gnu/cmake/Boost-1.74.0/BoostConfig.cmake (found version "1.74.0")  
-- Adding simStubsGen command...
-- Reading plugin metadata...
-- Plugin: ROS2
-- Configuring done
-- Generating done
-- Build files have been written to: /home/camilo/ros2_ws/build/sim_ros2_interface
[ 10%] [34m[1mGenerating generated/actcli_cancelLastGoal.cpp[0m
[ 12%] [34m[1mGenerating generated/actsrv_action_abort.cpp[0m
[ 12%] [34m[1mGenerating generated/actcli_new.cpp[0m
[ 10%] [34m[1mGenerating generated/actcli_del.cpp[0m
[ 10%] [34m[1mGenerating generated/actcli_sendGoal.cpp[0m
[ 17%] [34m[1mGenerating generated/actsrv_action_execute.cpp[0m
[ 17%] [34m[1mGenerating generated/actsrv_action_canceled.cpp[0m
[ 20%] [34m[1mGenerating generated/actsrv_action_is_active.cpp[0m
[ 22%] [34m[1mGenerating generated/actsrv_action_is_canceling.cpp[0m
[ 25%] [34m[1mGenerating generated/actsrv_action_is_executing.cpp[0m
[ 27%] [34m[1mGenerating generated/actsrv_action_succeed.cpp[0m
[ 30%] [34m[1mGenerating generated/actsrv_del.cpp[0m
[ 32%] [34m[1mGenerating generated/actsrv_new.cpp[0m
[ 35%] [34m[1mGenerating generated/actsrv_action_publish_feedback.cpp[0m
[ 37%] [34m[1mGenerating generated/callbacks.cpp[0m
[ 40%] [34m[1mGenerating generated/callbacks.h[0m
[ 42%] [34m[1mGenerating generated/cli_del.cpp[0m
[ 45%] [34m[1mGenerating generated/cli_call.cpp[0m
[ 47%] [34m[1mGenerating generated/cli_new.cpp[0m
[ 50%] [34m[1mGenerating generated/cli_wait.cpp[0m
[ 52%] [34m[1mGenerating generated/if_const.cpp[0m
[ 55%] [34m[1mGenerating generated/if_list.cpp[0m
[ 57%] [34m[1mGenerating generated/if_new.cpp[0m
[ 60%] [34m[1mGenerating generated/pub_del.cpp[0m
[ 62%] [34m[1mGenerating generated/pub_new.cpp[0m
[ 65%] [34m[1mGenerating generated/pub_publish.cpp[0m
[ 67%] [34m[1mGenerating generated/srv_del.cpp[0m
[ 70%] [34m[1mGenerating generated/srv_new.cpp[0m
[ 72%] [34m[1mGenerating generated/sub_del.cpp[0m
[ 75%] [34m[1mGenerating generated/sub_new.cpp[0m
[ 75%] Built target generate_ros_code
[35m[1mConsolidate compiler generated dependencies of target simExtROS2[0m
[ 77%] [32mBuilding CXX object CMakeFiles/simExtROS2.dir/src/sim_ros2_interface.cpp.o[0m
[ 80%] [32mBuilding CXX object CMakeFiles/simExtROS2.dir/generated/callbacks.cpp.o[0m
[ 82%] [32m[1mLinking CXX shared library libsimExtROS2.so[0m
[100%] Built target simExtROS2
-- Install configuration: "Release"
-- Execute custom install script
-- Symlinking: /home/camilo/Downloads/Coppelia/lua/simROS2-typecheck.lua
-- Up-to-date symlink: /home/camilo/Downloads/Coppelia/lua/simROS2.lua
-- Symlinking: /home/camilo/Downloads/Coppelia/helpFiles/en/simROS2.htm
-- Symlinking: /home/camilo/Downloads/Coppelia/helpFiles/index/simROS2.json
-- Symlinking: /home/camilo/Downloads/Coppelia/libsimExtROS2.so
-- Up-to-date symlink: /home/camilo/ros2_ws/install/sim_ros2_interface/share/ament_index/resource_index/package_run_dependencies/sim_ros2_interface
-- Up-to-date symlink: /home/camilo/ros2_ws/install/sim_ros2_interface/share/ament_index/resource_index/parent_prefix_path/sim_ros2_interface
-- Up-to-date symlink: /home/camilo/ros2_ws/install/sim_ros2_interface/share/sim_ros2_interface/environment/ament_prefix_path.sh
-- Up-to-date symlink: /home/camilo/ros2_ws/install/sim_ros2_interface/share/sim_ros2_interface/environment/ament_prefix_path.dsv
-- Up-to-date symlink: /home/camilo/ros2_ws/install/sim_ros2_interface/share/sim_ros2_interface/environment/path.sh
-- Up-to-date symlink: /home/camilo/ros2_ws/install/sim_ros2_interface/share/sim_ros2_interface/environment/path.dsv
-- Up-to-date symlink: /home/camilo/ros2_ws/install/sim_ros2_interface/share/sim_ros2_interface/local_setup.bash
-- Up-to-date symlink: /home/camilo/ros2_ws/install/sim_ros2_interface/share/sim_ros2_interface/local_setup.sh
-- Up-to-date symlink: /home/camilo/ros2_ws/install/sim_ros2_interface/share/sim_ros2_interface/local_setup.zsh
-- Up-to-date symlink: /home/camilo/ros2_ws/install/sim_ros2_interface/share/sim_ros2_interface/local_setup.dsv
-- Symlinking: /home/camilo/ros2_ws/install/sim_ros2_interface/share/sim_ros2_interface/package.dsv
-- Up-to-date symlink: /home/camilo/ros2_ws/install/sim_ros2_interface/share/ament_index/resource_index/packages/sim_ros2_interface
-- Up-to-date symlink: /home/camilo/ros2_ws/install/sim_ros2_interface/share/sim_ros2_interface/cmake/sim_ros2_interfaceConfig.cmake
-- Up-to-date symlink: /home/camilo/ros2_ws/install/sim_ros2_interface/share/sim_ros2_interface/cmake/sim_ros2_interfaceConfig-version.cmake
-- Up-to-date symlink: /home/camilo/ros2_ws/install/sim_ros2_interface/share/sim_ros2_interface/package.xml
