[0.108s] Invoking command in '/home/camilo/ros2_ws/build/sim_ros2_interface': CMAKE_PREFIX_PATH=${CMAKE_PREFIX_PATH}:/home/camilo/ros2_ws/install/turtle_bot:/opt/ros/humble /usr/bin/cmake /home/camilo/ros2_ws/src/sim_ros2_interface -DCMAKE_INSTALL_PREFIX=/home/camilo/ros2_ws/install/sim_ros2_interface
[0.117s] -- Found ament_cmake: 1.3.8 (/opt/ros/humble/share/ament_cmake/cmake)
[0.218s] -- Override CMake install command with custom implementation using symlinks instead of copying resources
[0.224s] -- Found ament_cmake_ros: 0.10.0 (/opt/ros/humble/share/ament_cmake_ros/cmake)
[0.226s] -- Found diagnostic_msgs: 4.2.3 (/opt/ros/humble/share/diagnostic_msgs/cmake)
[0.247s] -- Found rosidl_generator_c: 3.1.5 (/opt/ros/humble/share/rosidl_generator_c/cmake)
[0.249s] -- Found rosidl_adapter: 3.1.5 (/opt/ros/humble/share/rosidl_adapter/cmake)
[0.254s] -- Found rosidl_generator_cpp: 3.1.5 (/opt/ros/humble/share/rosidl_generator_cpp/cmake)
[0.263s] -- Using all available rosidl_typesupport_c: rosidl_typesupport_fastrtps_c;rosidl_typesupport_introspection_c
[0.276s] -- Using all available rosidl_typesupport_cpp: rosidl_typesupport_fastrtps_cpp;rosidl_typesupport_introspection_cpp
[0.373s] -- Found geometry_msgs: 4.2.3 (/opt/ros/humble/share/geometry_msgs/cmake)
[0.408s] -- Found lifecycle_msgs: 1.2.1 (/opt/ros/humble/share/lifecycle_msgs/cmake)
[0.422s] -- Found map_msgs: 2.1.0 (/opt/ros/humble/share/map_msgs/cmake)
[0.677s] -- Found pendulum_msgs: 0.20.3 (/opt/ros/humble/share/pendulum_msgs/cmake)
[0.702s] -- Found rosgraph_msgs: 1.2.1 (/opt/ros/humble/share/rosgraph_msgs/cmake)
[0.731s] -- Found shape_msgs: 4.2.3 (/opt/ros/humble/share/shape_msgs/cmake)
[0.777s] -- Found stereo_msgs: 4.2.3 (/opt/ros/humble/share/stereo_msgs/cmake)
[0.844s] -- Found tf2_geometry_msgs: 0.25.6 (/opt/ros/humble/share/tf2_geometry_msgs/cmake)
[0.847s] -- Found eigen3_cmake_module: 0.1.1 (/opt/ros/humble/share/eigen3_cmake_module/cmake)
[0.848s] -- Ensuring Eigen3 include directory is part of orocos-kdl CMake target
[0.937s] -- Found rmw_implementation_cmake: 6.1.1 (/opt/ros/humble/share/rmw_implementation_cmake/cmake)
[0.938s] -- Found rmw_fastrtps_cpp: 6.2.6 (/opt/ros/humble/share/rmw_fastrtps_cpp/cmake)
[1.026s] -- Using RMW implementation 'rmw_fastrtps_cpp' as default
[1.333s] -- Found trajectory_msgs: 4.2.3 (/opt/ros/humble/share/trajectory_msgs/cmake)
[1.394s] -- Found visualization_msgs: 4.2.3 (/opt/ros/humble/share/visualization_msgs/cmake)
[1.485s] -- Found std_srvs: 4.2.3 (/opt/ros/humble/share/std_srvs/cmake)
[1.497s] -- Found example_interfaces: 0.9.3 (/opt/ros/humble/share/example_interfaces/cmake)
[1.537s] -- Found image_transport: 3.1.8 (/opt/ros/humble/share/image_transport/cmake)
[1.553s] -- CoppeliaSim: COPPELIASIM_INCLUDE_DIR: /home/camilo/Downloads/Coppelia/programming/include.
[1.553s] -- CoppeliaSim: COPPELIASIM_ROOT_DIR: /home/camilo/Downloads/Coppelia.
[1.553s] -- Found CoppeliaSim installation at /home/camilo/Downloads/Coppelia.
[1.553s] -- Checking CoppeliaSim header version...
[1.796s] -- CoppeliaSim headers version 4.5.1 rev4
[1.800s] -- Found Boost: /usr/lib/x86_64-linux-gnu/cmake/Boost-1.74.0/BoostConfig.cmake (found version "1.74.0") found components: regex 
[1.851s] -- Found Boost: /usr/lib/x86_64-linux-gnu/cmake/Boost-1.74.0/BoostConfig.cmake (found version "1.74.0")  
[1.852s] -- Adding simStubsGen command...
[1.895s] -- Reading plugin metadata...
[2.508s] -- Plugin: ROS2
[2.573s] -- Configuring done
[2.591s] -- Generating done
[2.593s] -- Build files have been written to: /home/camilo/ros2_ws/build/sim_ros2_interface
[2.602s] Invoked command in '/home/camilo/ros2_ws/build/sim_ros2_interface' returned '0': CMAKE_PREFIX_PATH=${CMAKE_PREFIX_PATH}:/home/camilo/ros2_ws/install/turtle_bot:/opt/ros/humble /usr/bin/cmake /home/camilo/ros2_ws/src/sim_ros2_interface -DCMAKE_INSTALL_PREFIX=/home/camilo/ros2_ws/install/sim_ros2_interface
[2.603s] Invoking command in '/home/camilo/ros2_ws/build/sim_ros2_interface': CMAKE_PREFIX_PATH=${CMAKE_PREFIX_PATH}:/home/camilo/ros2_ws/install/turtle_bot:/opt/ros/humble /usr/bin/cmake --build /home/camilo/ros2_ws/build/sim_ros2_interface -- -j8 -l8
[2.647s] [ 10%] [34m[1mGenerating generated/actcli_cancelLastGoal.cpp[0m
[2.647s] [ 12%] [34m[1mGenerating generated/actsrv_action_abort.cpp[0m
[2.647s] [ 12%] [34m[1mGenerating generated/actcli_new.cpp[0m
[2.647s] [ 10%] [34m[1mGenerating generated/actcli_del.cpp[0m
[2.647s] [ 10%] [34m[1mGenerating generated/actcli_sendGoal.cpp[0m
[2.647s] [ 17%] [34m[1mGenerating generated/actsrv_action_execute.cpp[0m
[2.647s] [ 17%] [34m[1mGenerating generated/actsrv_action_canceled.cpp[0m
[2.648s] [ 20%] [34m[1mGenerating generated/actsrv_action_is_active.cpp[0m
[2.916s] [ 22%] [34m[1mGenerating generated/actsrv_action_is_canceling.cpp[0m
[2.916s] [ 25%] [34m[1mGenerating generated/actsrv_action_is_executing.cpp[0m
[2.918s] [ 27%] [34m[1mGenerating generated/actsrv_action_succeed.cpp[0m
[2.922s] [ 30%] [34m[1mGenerating generated/actsrv_del.cpp[0m
[2.925s] [ 32%] [34m[1mGenerating generated/actsrv_new.cpp[0m
[2.925s] [ 35%] [34m[1mGenerating generated/actsrv_action_publish_feedback.cpp[0m
[2.926s] [ 37%] [34m[1mGenerating generated/callbacks.cpp[0m
[2.929s] [ 40%] [34m[1mGenerating generated/callbacks.h[0m
[3.176s] [ 42%] [34m[1mGenerating generated/cli_del.cpp[0m
[3.180s] [ 45%] [34m[1mGenerating generated/cli_call.cpp[0m
[3.185s] [ 47%] [34m[1mGenerating generated/cli_new.cpp[0m
[3.204s] [ 50%] [34m[1mGenerating generated/cli_wait.cpp[0m
[3.204s] [ 52%] [34m[1mGenerating generated/if_const.cpp[0m
[3.209s] [ 55%] [34m[1mGenerating generated/if_list.cpp[0m
[3.215s] [ 57%] [34m[1mGenerating generated/if_new.cpp[0m
[3.218s] [ 60%] [34m[1mGenerating generated/pub_del.cpp[0m
[3.417s] [ 62%] [34m[1mGenerating generated/pub_new.cpp[0m
[3.432s] [ 65%] [34m[1mGenerating generated/pub_publish.cpp[0m
[3.466s] [ 67%] [34m[1mGenerating generated/srv_del.cpp[0m
[3.475s] [ 70%] [34m[1mGenerating generated/srv_new.cpp[0m
[3.479s] [ 72%] [34m[1mGenerating generated/sub_del.cpp[0m
[3.481s] [ 75%] [34m[1mGenerating generated/sub_new.cpp[0m
[3.691s] [ 75%] Built target generate_ros_code
[3.705s] [35m[1mConsolidate compiler generated dependencies of target simExtROS2[0m
[3.738s] [ 77%] [32mBuilding CXX object CMakeFiles/simExtROS2.dir/src/sim_ros2_interface.cpp.o[0m
[3.739s] [ 80%] [32mBuilding CXX object CMakeFiles/simExtROS2.dir/generated/callbacks.cpp.o[0m
[107.135s] [ 82%] [32m[1mLinking CXX shared library libsimExtROS2.so[0m
[108.248s] [100%] Built target simExtROS2
[108.258s] Invoked command in '/home/camilo/ros2_ws/build/sim_ros2_interface' returned '0': CMAKE_PREFIX_PATH=${CMAKE_PREFIX_PATH}:/home/camilo/ros2_ws/install/turtle_bot:/opt/ros/humble /usr/bin/cmake --build /home/camilo/ros2_ws/build/sim_ros2_interface -- -j8 -l8
[108.290s] Invoking command in '/home/camilo/ros2_ws/build/sim_ros2_interface': CMAKE_PREFIX_PATH=${CMAKE_PREFIX_PATH}:/home/camilo/ros2_ws/install/turtle_bot:/opt/ros/humble /usr/bin/cmake --install /home/camilo/ros2_ws/build/sim_ros2_interface
[108.299s] -- Install configuration: "Release"
[108.300s] -- Execute custom install script
[108.300s] -- Symlinking: /home/camilo/Downloads/Coppelia/lua/simROS2-typecheck.lua
[108.309s] -- Up-to-date symlink: /home/camilo/Downloads/Coppelia/lua/simROS2.lua
[108.310s] -- Symlinking: /home/camilo/Downloads/Coppelia/helpFiles/en/simROS2.htm
[108.320s] -- Symlinking: /home/camilo/Downloads/Coppelia/helpFiles/index/simROS2.json
[108.328s] -- Symlinking: /home/camilo/Downloads/Coppelia/libsimExtROS2.so
[108.338s] -- Up-to-date symlink: /home/camilo/ros2_ws/install/sim_ros2_interface/share/ament_index/resource_index/package_run_dependencies/sim_ros2_interface
[108.339s] -- Up-to-date symlink: /home/camilo/ros2_ws/install/sim_ros2_interface/share/ament_index/resource_index/parent_prefix_path/sim_ros2_interface
[108.340s] -- Up-to-date symlink: /home/camilo/ros2_ws/install/sim_ros2_interface/share/sim_ros2_interface/environment/ament_prefix_path.sh
[108.340s] -- Up-to-date symlink: /home/camilo/ros2_ws/install/sim_ros2_interface/share/sim_ros2_interface/environment/ament_prefix_path.dsv
[108.340s] -- Up-to-date symlink: /home/camilo/ros2_ws/install/sim_ros2_interface/share/sim_ros2_interface/environment/path.sh
[108.340s] -- Up-to-date symlink: /home/camilo/ros2_ws/install/sim_ros2_interface/share/sim_ros2_interface/environment/path.dsv
[108.341s] -- Up-to-date symlink: /home/camilo/ros2_ws/install/sim_ros2_interface/share/sim_ros2_interface/local_setup.bash
[108.341s] -- Up-to-date symlink: /home/camilo/ros2_ws/install/sim_ros2_interface/share/sim_ros2_interface/local_setup.sh
[108.341s] -- Up-to-date symlink: /home/camilo/ros2_ws/install/sim_ros2_interface/share/sim_ros2_interface/local_setup.zsh
[108.341s] -- Up-to-date symlink: /home/camilo/ros2_ws/install/sim_ros2_interface/share/sim_ros2_interface/local_setup.dsv
[108.341s] -- Symlinking: /home/camilo/ros2_ws/install/sim_ros2_interface/share/sim_ros2_interface/package.dsv
[108.349s] -- Up-to-date symlink: /home/camilo/ros2_ws/install/sim_ros2_interface/share/ament_index/resource_index/packages/sim_ros2_interface
[108.349s] -- Up-to-date symlink: /home/camilo/ros2_ws/install/sim_ros2_interface/share/sim_ros2_interface/cmake/sim_ros2_interfaceConfig.cmake
[108.349s] -- Up-to-date symlink: /home/camilo/ros2_ws/install/sim_ros2_interface/share/sim_ros2_interface/cmake/sim_ros2_interfaceConfig-version.cmake
[108.349s] -- Up-to-date symlink: /home/camilo/ros2_ws/install/sim_ros2_interface/share/sim_ros2_interface/package.xml
[108.351s] Invoked command in '/home/camilo/ros2_ws/build/sim_ros2_interface' returned '0': CMAKE_PREFIX_PATH=${CMAKE_PREFIX_PATH}:/home/camilo/ros2_ws/install/turtle_bot:/opt/ros/humble /usr/bin/cmake --install /home/camilo/ros2_ws/build/sim_ros2_interface
