[1.622s] Invoking command in '/home/robotica/ros2_ws/src/turtle_bot': PYTHONPATH=/home/robotica/ros2_ws/build/turtle_bot/prefix_override:/home/robotica/ros2_ws/install/turtle_bot/lib/python3.10/site-packages:${PYTHONPATH} /usr/bin/python3 setup.py egg_info --egg-base ../../build/turtle_bot build --build-base /home/robotica/ros2_ws/build/turtle_bot/build install --record /home/robotica/ros2_ws/build/turtle_bot/install.log --single-version-externally-managed
[2.136s] running egg_info
[2.139s] writing ../../build/turtle_bot/turtle_bot.egg-info/PKG-INFO
[2.145s] writing dependency_links to ../../build/turtle_bot/turtle_bot.egg-info/dependency_links.txt
[2.146s] writing entry points to ../../build/turtle_bot/turtle_bot.egg-info/entry_points.txt
[2.148s] writing requirements to ../../build/turtle_bot/turtle_bot.egg-info/requires.txt
[2.149s] writing top-level names to ../../build/turtle_bot/turtle_bot.egg-info/top_level.txt
[2.154s] reading manifest file '../../build/turtle_bot/turtle_bot.egg-info/SOURCES.txt'
[2.155s] writing manifest file '../../build/turtle_bot/turtle_bot.egg-info/SOURCES.txt'
[2.162s] running build
[2.163s] running build_py
[2.165s] copying turtle_bot/turtle_bot_teleop.py -> /home/robotica/ros2_ws/build/turtle_bot/build/lib/turtle_bot
[2.165s] running install
[2.179s] running install_lib
[2.180s] copying /home/robotica/ros2_ws/build/turtle_bot/build/lib/turtle_bot/turtle_bot_teleop.py -> /home/robotica/ros2_ws/install/turtle_bot/lib/python3.10/site-packages/turtle_bot
[2.181s] byte-compiling /home/robotica/ros2_ws/install/turtle_bot/lib/python3.10/site-packages/turtle_bot/turtle_bot_teleop.py to turtle_bot_teleop.cpython-310.pyc
[2.183s] running install_data
[2.184s] running install_egg_info
[2.185s] removing '/home/robotica/ros2_ws/install/turtle_bot/lib/python3.10/site-packages/turtle_bot-0.0.0-py3.10.egg-info' (and everything under it)
[2.186s] Copying ../../build/turtle_bot/turtle_bot.egg-info to /home/robotica/ros2_ws/install/turtle_bot/lib/python3.10/site-packages/turtle_bot-0.0.0-py3.10.egg-info
[2.186s] running install_scripts
[2.229s] Installing turtle_bot_teleop script to /home/robotica/ros2_ws/install/turtle_bot/lib/turtle_bot
[2.232s] writing list of installed files to '/home/robotica/ros2_ws/build/turtle_bot/install.log'
[2.319s] Invoked command in '/home/robotica/ros2_ws/src/turtle_bot' returned '0': PYTHONPATH=/home/robotica/ros2_ws/build/turtle_bot/prefix_override:/home/robotica/ros2_ws/install/turtle_bot/lib/python3.10/site-packages:${PYTHONPATH} /usr/bin/python3 setup.py egg_info --egg-base ../../build/turtle_bot build --build-base /home/robotica/ros2_ws/build/turtle_bot/build install --record /home/robotica/ros2_ws/build/turtle_bot/install.log --single-version-externally-managed
