[0.145s] Invoking command in '/home/camilo/ros2_ws/build/ros2_bubble_rob': CMAKE_PREFIX_PATH=${CMAKE_PREFIX_PATH}:/home/camilo/ros2_ws/install/turtle_bot:/opt/ros/humble /usr/bin/cmake /home/camilo/ros2_ws/src/ros2_bubble_rob -DCMAKE_BUILD_TYPE=Release -DAMENT_CMAKE_SYMLINK_INSTALL=1 -DCMAKE_INSTALL_PREFIX=/home/camilo/ros2_ws/install/ros2_bubble_rob
[0.155s] -- Found ament_cmake: 1.3.8 (/opt/ros/humble/share/ament_cmake/cmake)
[0.256s] -- Override CMake install command with custom implementation using symlinks instead of copying resources
[0.262s] -- Found rclcpp: 16.0.8 (/opt/ros/humble/share/rclcpp/cmake)
[0.285s] -- Found rosidl_generator_c: 3.1.5 (/opt/ros/humble/share/rosidl_generator_c/cmake)
[0.287s] -- Found rosidl_adapter: 3.1.5 (/opt/ros/humble/share/rosidl_adapter/cmake)
[0.292s] -- Found rosidl_generator_cpp: 3.1.5 (/opt/ros/humble/share/rosidl_generator_cpp/cmake)
[0.301s] -- Using all available rosidl_typesupport_c: rosidl_typesupport_fastrtps_c;rosidl_typesupport_introspection_c
[0.314s] -- Using all available rosidl_typesupport_cpp: rosidl_typesupport_fastrtps_cpp;rosidl_typesupport_introspection_cpp
[0.364s] -- Found rmw_implementation_cmake: 6.1.1 (/opt/ros/humble/share/rmw_implementation_cmake/cmake)
[0.365s] -- Found rmw_fastrtps_cpp: 6.2.6 (/opt/ros/humble/share/rmw_fastrtps_cpp/cmake)
[0.459s] -- Using RMW implementation 'rmw_fastrtps_cpp' as default
[0.598s] -- Found ament_lint_auto: 0.12.10 (/opt/ros/humble/share/ament_lint_auto/cmake)
[0.662s] -- Added test 'copyright' to check source files copyright and LICENSE
[0.664s] -- Added test 'cppcheck' to perform static code analysis on C / C++ code
[0.664s] -- Configured cppcheck include dirs: $<BUILD_INTERFACE:/home/camilo/ros2_ws/src/ros2_bubble_rob/include>
[0.664s] -- Configured cppcheck exclude dirs and/or files: 
[0.666s] -- Added test 'cpplint' to check C / C++ code against the Google style
[0.666s] -- Configured cpplint exclude dirs and/or files: 
[0.667s] -- Added test 'lint_cmake' to check CMake code style
[0.669s] -- Added test 'uncrustify' to check C / C++ code style
[0.669s] -- Configured uncrustify additional arguments: 
[0.669s] -- Added test 'xmllint' to check XML markup files
[0.670s] -- Configuring done
[0.678s] -- Generating done
[0.679s] -- Build files have been written to: /home/camilo/ros2_ws/build/ros2_bubble_rob
[0.686s] Invoked command in '/home/camilo/ros2_ws/build/ros2_bubble_rob' returned '0': CMAKE_PREFIX_PATH=${CMAKE_PREFIX_PATH}:/home/camilo/ros2_ws/install/turtle_bot:/opt/ros/humble /usr/bin/cmake /home/camilo/ros2_ws/src/ros2_bubble_rob -DCMAKE_BUILD_TYPE=Release -DAMENT_CMAKE_SYMLINK_INSTALL=1 -DCMAKE_INSTALL_PREFIX=/home/camilo/ros2_ws/install/ros2_bubble_rob
[0.688s] Invoking command in '/home/camilo/ros2_ws/build/ros2_bubble_rob': CMAKE_PREFIX_PATH=${CMAKE_PREFIX_PATH}:/home/camilo/ros2_ws/install/turtle_bot:/opt/ros/humble /usr/bin/cmake --build /home/camilo/ros2_ws/build/ros2_bubble_rob -- -j8 -l8
[0.719s] [35m[1mConsolidate compiler generated dependencies of target ros2BubbleRob[0m
[0.737s] [100%] Built target ros2BubbleRob
[0.746s] Invoked command in '/home/camilo/ros2_ws/build/ros2_bubble_rob' returned '0': CMAKE_PREFIX_PATH=${CMAKE_PREFIX_PATH}:/home/camilo/ros2_ws/install/turtle_bot:/opt/ros/humble /usr/bin/cmake --build /home/camilo/ros2_ws/build/ros2_bubble_rob -- -j8 -l8
[0.771s] Invoking command in '/home/camilo/ros2_ws/build/ros2_bubble_rob': CMAKE_PREFIX_PATH=${CMAKE_PREFIX_PATH}:/home/camilo/ros2_ws/install/turtle_bot:/opt/ros/humble /usr/bin/cmake --install /home/camilo/ros2_ws/build/ros2_bubble_rob
[0.777s] -- Install configuration: "Release"
[0.777s] -- Execute custom install script
[0.777s] -- Up-to-date symlink: /home/camilo/ros2_ws/install/ros2_bubble_rob/share/ament_index/resource_index/package_run_dependencies/ros2_bubble_rob
[0.777s] -- Up-to-date symlink: /home/camilo/ros2_ws/install/ros2_bubble_rob/share/ament_index/resource_index/parent_prefix_path/ros2_bubble_rob
[0.777s] -- Up-to-date symlink: /home/camilo/ros2_ws/install/ros2_bubble_rob/share/ros2_bubble_rob/environment/ament_prefix_path.sh
[0.778s] -- Up-to-date symlink: /home/camilo/ros2_ws/install/ros2_bubble_rob/share/ros2_bubble_rob/environment/ament_prefix_path.dsv
[0.778s] -- Up-to-date symlink: /home/camilo/ros2_ws/install/ros2_bubble_rob/share/ros2_bubble_rob/environment/path.sh
[0.778s] -- Up-to-date symlink: /home/camilo/ros2_ws/install/ros2_bubble_rob/share/ros2_bubble_rob/environment/path.dsv
[0.778s] -- Up-to-date symlink: /home/camilo/ros2_ws/install/ros2_bubble_rob/share/ros2_bubble_rob/local_setup.bash
[0.778s] -- Up-to-date symlink: /home/camilo/ros2_ws/install/ros2_bubble_rob/share/ros2_bubble_rob/local_setup.sh
[0.778s] -- Up-to-date symlink: /home/camilo/ros2_ws/install/ros2_bubble_rob/share/ros2_bubble_rob/local_setup.zsh
[0.778s] -- Up-to-date symlink: /home/camilo/ros2_ws/install/ros2_bubble_rob/share/ros2_bubble_rob/local_setup.dsv
[0.778s] -- Symlinking: /home/camilo/ros2_ws/install/ros2_bubble_rob/share/ros2_bubble_rob/package.dsv
[0.786s] -- Up-to-date symlink: /home/camilo/ros2_ws/install/ros2_bubble_rob/share/ament_index/resource_index/packages/ros2_bubble_rob
[0.786s] -- Up-to-date symlink: /home/camilo/ros2_ws/install/ros2_bubble_rob/share/ros2_bubble_rob/cmake/ros2_bubble_robConfig.cmake
[0.786s] -- Up-to-date symlink: /home/camilo/ros2_ws/install/ros2_bubble_rob/share/ros2_bubble_rob/cmake/ros2_bubble_robConfig-version.cmake
[0.786s] -- Up-to-date symlink: /home/camilo/ros2_ws/install/ros2_bubble_rob/share/ros2_bubble_rob/package.xml
[0.786s] -- Up-to-date: /home/camilo/ros2_ws/install/ros2_bubble_rob/lib/ros2_bubble_rob/ros2BubbleRob
[0.788s] Invoked command in '/home/camilo/ros2_ws/build/ros2_bubble_rob' returned '0': CMAKE_PREFIX_PATH=${CMAKE_PREFIX_PATH}:/home/camilo/ros2_ws/install/turtle_bot:/opt/ros/humble /usr/bin/cmake --install /home/camilo/ros2_ws/build/ros2_bubble_rob
