[1.471s] Invoking command in '/home/robotica/ros2_ws/src/turtle_bot': PYTHONPATH=/home/robotica/ros2_ws/build/turtle_bot/prefix_override:/home/robotica/ros2_ws/install/turtle_bot/lib/python3.10/site-packages:${PYTHONPATH} /usr/bin/python3 setup.py egg_info --egg-base ../../build/turtle_bot build --build-base /home/robotica/ros2_ws/build/turtle_bot/build install --record /home/robotica/ros2_ws/build/turtle_bot/install.log --single-version-externally-managed
[1.937s] running egg_info
[1.938s] writing ../../build/turtle_bot/turtle_bot.egg-info/PKG-INFO
[1.939s] writing dependency_links to ../../build/turtle_bot/turtle_bot.egg-info/dependency_links.txt
[1.940s] writing entry points to ../../build/turtle_bot/turtle_bot.egg-info/entry_points.txt
[1.940s] writing requirements to ../../build/turtle_bot/turtle_bot.egg-info/requires.txt
[1.948s] writing top-level names to ../../build/turtle_bot/turtle_bot.egg-info/top_level.txt
[1.950s] reading manifest file '../../build/turtle_bot/turtle_bot.egg-info/SOURCES.txt'
[1.951s] writing manifest file '../../build/turtle_bot/turtle_bot.egg-info/SOURCES.txt'
[1.952s] running build
[1.952s] running build_py
[1.952s] copying turtle_bot/turtle_bot_teleop.py -> /home/robotica/ros2_ws/build/turtle_bot/build/lib/turtle_bot
[1.953s] running install
[1.953s] running install_lib
[1.954s] copying /home/robotica/ros2_ws/build/turtle_bot/build/lib/turtle_bot/turtle_bot_teleop.py -> /home/robotica/ros2_ws/install/turtle_bot/lib/python3.10/site-packages/turtle_bot
[1.960s] byte-compiling /home/robotica/ros2_ws/install/turtle_bot/lib/python3.10/site-packages/turtle_bot/turtle_bot_teleop.py to turtle_bot_teleop.cpython-310.pyc
[1.962s] running install_data
[1.963s] running install_egg_info
[1.972s] removing '/home/robotica/ros2_ws/install/turtle_bot/lib/python3.10/site-packages/turtle_bot-0.0.0-py3.10.egg-info' (and everything under it)
[1.979s] Copying ../../build/turtle_bot/turtle_bot.egg-info to /home/robotica/ros2_ws/install/turtle_bot/lib/python3.10/site-packages/turtle_bot-0.0.0-py3.10.egg-info
[1.988s] running install_scripts
[2.026s] Installing turtle_bot_teleop script to /home/robotica/ros2_ws/install/turtle_bot/lib/turtle_bot
[2.029s] writing list of installed files to '/home/robotica/ros2_ws/build/turtle_bot/install.log'
[2.101s] Invoked command in '/home/robotica/ros2_ws/src/turtle_bot' returned '0': PYTHONPATH=/home/robotica/ros2_ws/build/turtle_bot/prefix_override:/home/robotica/ros2_ws/install/turtle_bot/lib/python3.10/site-packages:${PYTHONPATH} /usr/bin/python3 setup.py egg_info --egg-base ../../build/turtle_bot build --build-base /home/robotica/ros2_ws/build/turtle_bot/build install --record /home/robotica/ros2_ws/build/turtle_bot/install.log --single-version-externally-managed
