running egg_info
creating ../../build/turtle_bot/turtle_bot.egg-info
writing ../../build/turtle_bot/turtle_bot.egg-info/PKG-INFO
writing dependency_links to ../../build/turtle_bot/turtle_bot.egg-info/dependency_links.txt
writing entry points to ../../build/turtle_bot/turtle_bot.egg-info/entry_points.txt
writing requirements to ../../build/turtle_bot/turtle_bot.egg-info/requires.txt
writing top-level names to ../../build/turtle_bot/turtle_bot.egg-info/top_level.txt
writing manifest file '../../build/turtle_bot/turtle_bot.egg-info/SOURCES.txt'
reading manifest file '../../build/turtle_bot/turtle_bot.egg-info/SOURCES.txt'
writing manifest file '../../build/turtle_bot/turtle_bot.egg-info/SOURCES.txt'
running build
running build_py
creating /home/robotica/ros2_ws/build/turtle_bot/build
creating /home/robotica/ros2_ws/build/turtle_bot/build/lib
creating /home/robotica/ros2_ws/build/turtle_bot/build/lib/turtle_bot
copying turtle_bot/__init__.py -> /home/robotica/ros2_ws/build/turtle_bot/build/lib/turtle_bot
running install
running install_lib
creating /home/robotica/ros2_ws/install/turtle_bot/lib/python3.10/site-packages/turtle_bot
copying /home/robotica/ros2_ws/build/turtle_bot/build/lib/turtle_bot/__init__.py -> /home/robotica/ros2_ws/install/turtle_bot/lib/python3.10/site-packages/turtle_bot
byte-compiling /home/robotica/ros2_ws/install/turtle_bot/lib/python3.10/site-packages/turtle_bot/__init__.py to __init__.cpython-310.pyc
running install_data
creating /home/robotica/ros2_ws/install/turtle_bot/share/ament_index
creating /home/robotica/ros2_ws/install/turtle_bot/share/ament_index/resource_index
creating /home/robotica/ros2_ws/install/turtle_bot/share/ament_index/resource_index/packages
copying resource/turtle_bot -> /home/robotica/ros2_ws/install/turtle_bot/share/ament_index/resource_index/packages
copying package.xml -> /home/robotica/ros2_ws/install/turtle_bot/share/turtle_bot
running install_egg_info
Copying ../../build/turtle_bot/turtle_bot.egg-info to /home/robotica/ros2_ws/install/turtle_bot/lib/python3.10/site-packages/turtle_bot-0.0.0-py3.10.egg-info
running install_scripts
writing list of installed files to '/home/robotica/ros2_ws/build/turtle_bot/install.log'
