[0.922s] Invoking command in '/home/robotica/ros2_ws/src/turtle_bot': PYTHONPATH=/home/robotica/ros2_ws/build/turtle_bot/prefix_override:/home/robotica/ros2_ws/install/turtle_bot/lib/python3.10/site-packages:${PYTHONPATH} /usr/bin/python3 setup.py egg_info --egg-base ../../build/turtle_bot build --build-base /home/robotica/ros2_ws/build/turtle_bot/build install --record /home/robotica/ros2_ws/build/turtle_bot/install.log --single-version-externally-managed
[1.155s] running egg_info
[1.156s] creating ../../build/turtle_bot/turtle_bot.egg-info
[1.156s] writing ../../build/turtle_bot/turtle_bot.egg-info/PKG-INFO
[1.156s] writing dependency_links to ../../build/turtle_bot/turtle_bot.egg-info/dependency_links.txt
[1.157s] writing entry points to ../../build/turtle_bot/turtle_bot.egg-info/entry_points.txt
[1.171s] writing requirements to ../../build/turtle_bot/turtle_bot.egg-info/requires.txt
[1.171s] writing top-level names to ../../build/turtle_bot/turtle_bot.egg-info/top_level.txt
[1.172s] writing manifest file '../../build/turtle_bot/turtle_bot.egg-info/SOURCES.txt'
[1.174s] reading manifest file '../../build/turtle_bot/turtle_bot.egg-info/SOURCES.txt'
[1.175s] writing manifest file '../../build/turtle_bot/turtle_bot.egg-info/SOURCES.txt'
[1.177s] running build
[1.177s] running build_py
[1.177s] creating /home/robotica/ros2_ws/build/turtle_bot/build
[1.178s] creating /home/robotica/ros2_ws/build/turtle_bot/build/lib
[1.178s] creating /home/robotica/ros2_ws/build/turtle_bot/build/lib/turtle_bot
[1.178s] copying turtle_bot/__init__.py -> /home/robotica/ros2_ws/build/turtle_bot/build/lib/turtle_bot
[1.179s] running install
[1.183s] /usr/lib/python3/dist-packages/setuptools/command/install.py:34: SetuptoolsDeprecationWarning: setup.py install is deprecated. Use build and pip and other standards-based tools.
[1.184s]   warnings.warn(
[1.184s] running install_lib
[1.185s] creating /home/robotica/ros2_ws/install/turtle_bot/lib/python3.10/site-packages/turtle_bot
[1.185s] copying /home/robotica/ros2_ws/build/turtle_bot/build/lib/turtle_bot/__init__.py -> /home/robotica/ros2_ws/install/turtle_bot/lib/python3.10/site-packages/turtle_bot
[1.186s] byte-compiling /home/robotica/ros2_ws/install/turtle_bot/lib/python3.10/site-packages/turtle_bot/__init__.py to __init__.cpython-310.pyc
[1.186s] running install_data
[1.187s] creating /home/robotica/ros2_ws/install/turtle_bot/share/ament_index
[1.187s] creating /home/robotica/ros2_ws/install/turtle_bot/share/ament_index/resource_index
[1.187s] creating /home/robotica/ros2_ws/install/turtle_bot/share/ament_index/resource_index/packages
[1.187s] copying resource/turtle_bot -> /home/robotica/ros2_ws/install/turtle_bot/share/ament_index/resource_index/packages
[1.187s] copying package.xml -> /home/robotica/ros2_ws/install/turtle_bot/share/turtle_bot
[1.187s] running install_egg_info
[1.190s] Copying ../../build/turtle_bot/turtle_bot.egg-info to /home/robotica/ros2_ws/install/turtle_bot/lib/python3.10/site-packages/turtle_bot-0.0.0-py3.10.egg-info
[1.191s] running install_scripts
[1.212s] writing list of installed files to '/home/robotica/ros2_ws/build/turtle_bot/install.log'
[1.252s] Invoked command in '/home/robotica/ros2_ws/src/turtle_bot' returned '0': PYTHONPATH=/home/robotica/ros2_ws/build/turtle_bot/prefix_override:/home/robotica/ros2_ws/install/turtle_bot/lib/python3.10/site-packages:${PYTHONPATH} /usr/bin/python3 setup.py egg_info --egg-base ../../build/turtle_bot build --build-base /home/robotica/ros2_ws/build/turtle_bot/build install --record /home/robotica/ros2_ws/build/turtle_bot/install.log --single-version-externally-managed
