[1.011s] Invoking command in '/home/camilo/ros2_ws/src/mcqueen': PYTHONPATH=/home/camilo/ros2_ws/build/mcqueen/prefix_override:/home/camilo/ros2_ws/install/mcqueen/lib/python3.10/site-packages:${PYTHONPATH} /usr/bin/python3 setup.py egg_info --egg-base ../../build/mcqueen build --build-base /home/camilo/ros2_ws/build/mcqueen/build install --record /home/camilo/ros2_ws/build/mcqueen/install.log --single-version-externally-managed
[1.193s] running egg_info
[1.193s] creating ../../build/mcqueen/mcqueen.egg-info
[1.193s] writing ../../build/mcqueen/mcqueen.egg-info/PKG-INFO
[1.194s] writing dependency_links to ../../build/mcqueen/mcqueen.egg-info/dependency_links.txt
[1.194s] writing entry points to ../../build/mcqueen/mcqueen.egg-info/entry_points.txt
[1.194s] writing requirements to ../../build/mcqueen/mcqueen.egg-info/requires.txt
[1.194s] writing top-level names to ../../build/mcqueen/mcqueen.egg-info/top_level.txt
[1.194s] writing manifest file '../../build/mcqueen/mcqueen.egg-info/SOURCES.txt'
[1.195s] reading manifest file '../../build/mcqueen/mcqueen.egg-info/SOURCES.txt'
[1.196s] writing manifest file '../../build/mcqueen/mcqueen.egg-info/SOURCES.txt'
[1.196s] running build
[1.196s] running build_py
[1.197s] creating /home/camilo/ros2_ws/build/mcqueen/build
[1.197s] creating /home/camilo/ros2_ws/build/mcqueen/build/lib
[1.197s] creating /home/camilo/ros2_ws/build/mcqueen/build/lib/mcqueen
[1.197s] copying mcqueen/mcqueen_interface.py -> /home/camilo/ros2_ws/build/mcqueen/build/lib/mcqueen
[1.197s] copying mcqueen/__init__.py -> /home/camilo/ros2_ws/build/mcqueen/build/lib/mcqueen
[1.197s] copying mcqueen/mcqueen_player.py -> /home/camilo/ros2_ws/build/mcqueen/build/lib/mcqueen
[1.197s] copying mcqueen/mcqueen_teleop.py -> /home/camilo/ros2_ws/build/mcqueen/build/lib/mcqueen
[1.197s] running install
[1.197s] running install_lib
[1.198s] creating /home/camilo/ros2_ws/install/mcqueen/lib/python3.10/site-packages/mcqueen
[1.198s] copying /home/camilo/ros2_ws/build/mcqueen/build/lib/mcqueen/mcqueen_interface.py -> /home/camilo/ros2_ws/install/mcqueen/lib/python3.10/site-packages/mcqueen
[1.198s] copying /home/camilo/ros2_ws/build/mcqueen/build/lib/mcqueen/__init__.py -> /home/camilo/ros2_ws/install/mcqueen/lib/python3.10/site-packages/mcqueen
[1.198s] copying /home/camilo/ros2_ws/build/mcqueen/build/lib/mcqueen/mcqueen_player.py -> /home/camilo/ros2_ws/install/mcqueen/lib/python3.10/site-packages/mcqueen
[1.198s] copying /home/camilo/ros2_ws/build/mcqueen/build/lib/mcqueen/mcqueen_teleop.py -> /home/camilo/ros2_ws/install/mcqueen/lib/python3.10/site-packages/mcqueen
[1.199s] byte-compiling /home/camilo/ros2_ws/install/mcqueen/lib/python3.10/site-packages/mcqueen/mcqueen_interface.py to mcqueen_interface.cpython-310.pyc
[1.200s] byte-compiling /home/camilo/ros2_ws/install/mcqueen/lib/python3.10/site-packages/mcqueen/__init__.py to __init__.cpython-310.pyc
[1.200s] byte-compiling /home/camilo/ros2_ws/install/mcqueen/lib/python3.10/site-packages/mcqueen/mcqueen_player.py to mcqueen_player.cpython-310.pyc
[1.201s] byte-compiling /home/camilo/ros2_ws/install/mcqueen/lib/python3.10/site-packages/mcqueen/mcqueen_teleop.py to mcqueen_teleop.cpython-310.pyc
[1.201s] running install_data
[1.202s] creating /home/camilo/ros2_ws/install/mcqueen/share/ament_index
[1.202s] creating /home/camilo/ros2_ws/install/mcqueen/share/ament_index/resource_index
[1.202s] creating /home/camilo/ros2_ws/install/mcqueen/share/ament_index/resource_index/packages
[1.202s] copying resource/mcqueen -> /home/camilo/ros2_ws/install/mcqueen/share/ament_index/resource_index/packages
[1.202s] copying package.xml -> /home/camilo/ros2_ws/install/mcqueen/share/mcqueen
[1.202s] running install_egg_info
[1.204s] Copying ../../build/mcqueen/mcqueen.egg-info to /home/camilo/ros2_ws/install/mcqueen/lib/python3.10/site-packages/mcqueen-0.0.0-py3.10.egg-info
[1.205s] running install_scripts
[1.221s] Installing mcqueen_interface script to /home/camilo/ros2_ws/install/mcqueen/lib/mcqueen
[1.221s] Installing mcqueen_player script to /home/camilo/ros2_ws/install/mcqueen/lib/mcqueen
[1.222s] Installing mcqueen_teleop script to /home/camilo/ros2_ws/install/mcqueen/lib/mcqueen
[1.222s] writing list of installed files to '/home/camilo/ros2_ws/build/mcqueen/install.log'
[1.277s] Invoked command in '/home/camilo/ros2_ws/src/mcqueen' returned '0': PYTHONPATH=/home/camilo/ros2_ws/build/mcqueen/prefix_override:/home/camilo/ros2_ws/install/mcqueen/lib/python3.10/site-packages:${PYTHONPATH} /usr/bin/python3 setup.py egg_info --egg-base ../../build/mcqueen build --build-base /home/camilo/ros2_ws/build/mcqueen/build install --record /home/camilo/ros2_ws/build/mcqueen/install.log --single-version-externally-managed
