[1.948s] DEBUG:colcon:Command line arguments: ['/usr/bin/colcon', 'build']
[1.948s] DEBUG:colcon:Parsed command line arguments: Namespace(log_base=None, log_level=None, verb_name='build', build_base='build', install_base='install', merge_install=False, symlink_install=False, test_result_base=None, continue_on_error=False, executor='parallel', parallel_workers=1, event_handlers=None, ignore_user_meta=False, metas=['./colcon.meta'], base_paths=['.'], packages_ignore=None, packages_ignore_regex=None, paths=None, packages_up_to=None, packages_up_to_regex=None, packages_above=None, packages_above_and_dependencies=None, packages_above_depth=None, packages_select_by_dep=None, packages_skip_by_dep=None, packages_skip_up_to=None, packages_select_build_failed=False, packages_skip_build_finished=False, packages_select_test_failures=False, packages_skip_test_passed=False, packages_select=None, packages_skip=None, packages_select_regex=None, packages_skip_regex=None, packages_start=None, packages_end=None, allow_overriding=[], cmake_args=None, cmake_target=None, cmake_target_skip_unavailable=False, cmake_clean_cache=False, cmake_clean_first=False, cmake_force_configure=False, ament_cmake_args=None, catkin_cmake_args=None, catkin_skip_building_tests=False, verb_parser=<colcon_defaults.argument_parser.defaults.DefaultArgumentsDecorator object at 0x7f9b63172b00>, verb_extension=<colcon_core.verb.build.BuildVerb object at 0x7f9b63182230>, main=<bound method BuildVerb.main of <colcon_core.verb.build.BuildVerb object at 0x7f9b63182230>>)
[2.041s] Level 1:colcon.colcon_core.package_discovery:discover_packages(colcon_meta) check parameters
[2.041s] Level 1:colcon.colcon_core.package_discovery:discover_packages(recursive) check parameters
[2.041s] Level 1:colcon.colcon_core.package_discovery:discover_packages(ignore) check parameters
[2.041s] Level 1:colcon.colcon_core.package_discovery:discover_packages(path) check parameters
[2.041s] Level 1:colcon.colcon_core.package_discovery:discover_packages(colcon_meta) discover
[2.041s] Level 1:colcon.colcon_core.package_discovery:discover_packages(recursive) discover
[2.041s] INFO:colcon.colcon_core.package_discovery:Crawling recursively for packages in '/home/robotica/ros2_ws'
[2.042s] Level 1:colcon.colcon_core.package_identification:_identify(.) by extensions ['ignore', 'ignore_ament_install']
[2.042s] Level 1:colcon.colcon_core.package_identification:_identify(.) by extension 'ignore'
[2.045s] Level 1:colcon.colcon_core.package_identification:_identify(.) by extension 'ignore_ament_install'
[2.045s] Level 1:colcon.colcon_core.package_identification:_identify(.) by extensions ['colcon_pkg']
[2.045s] Level 1:colcon.colcon_core.package_identification:_identify(.) by extension 'colcon_pkg'
[2.045s] Level 1:colcon.colcon_core.package_identification:_identify(.) by extensions ['colcon_meta']
[2.046s] Level 1:colcon.colcon_core.package_identification:_identify(.) by extension 'colcon_meta'
[2.046s] Level 1:colcon.colcon_core.package_identification:_identify(.) by extensions ['ros']
[2.046s] Level 1:colcon.colcon_core.package_identification:_identify(.) by extension 'ros'
[2.073s] Level 1:colcon.colcon_core.package_identification:_identify(.) by extensions ['cmake', 'python']
[2.073s] Level 1:colcon.colcon_core.package_identification:_identify(.) by extension 'cmake'
[2.073s] Level 1:colcon.colcon_core.package_identification:_identify(.) by extension 'python'
[2.073s] Level 1:colcon.colcon_core.package_identification:_identify(.) by extensions ['python_setup_py']
[2.073s] Level 1:colcon.colcon_core.package_identification:_identify(.) by extension 'python_setup_py'
[2.073s] Level 1:colcon.colcon_core.package_identification:_identify(build) by extensions ['ignore', 'ignore_ament_install']
[2.074s] Level 1:colcon.colcon_core.package_identification:_identify(build) by extension 'ignore'
[2.074s] Level 1:colcon.colcon_core.package_identification:_identify(build) ignored
[2.074s] Level 1:colcon.colcon_core.package_identification:_identify(install) by extensions ['ignore', 'ignore_ament_install']
[2.074s] Level 1:colcon.colcon_core.package_identification:_identify(install) by extension 'ignore'
[2.074s] Level 1:colcon.colcon_core.package_identification:_identify(install) ignored
[2.074s] Level 1:colcon.colcon_core.package_identification:_identify(log) by extensions ['ignore', 'ignore_ament_install']
[2.075s] Level 1:colcon.colcon_core.package_identification:_identify(log) by extension 'ignore'
[2.075s] Level 1:colcon.colcon_core.package_identification:_identify(log) ignored
[2.075s] Level 1:colcon.colcon_core.package_identification:_identify(src) by extensions ['ignore', 'ignore_ament_install']
[2.075s] Level 1:colcon.colcon_core.package_identification:_identify(src) by extension 'ignore'
[2.075s] Level 1:colcon.colcon_core.package_identification:_identify(src) by extension 'ignore_ament_install'
[2.075s] Level 1:colcon.colcon_core.package_identification:_identify(src) by extensions ['colcon_pkg']
[2.076s] Level 1:colcon.colcon_core.package_identification:_identify(src) by extension 'colcon_pkg'
[2.076s] Level 1:colcon.colcon_core.package_identification:_identify(src) by extensions ['colcon_meta']
[2.076s] Level 1:colcon.colcon_core.package_identification:_identify(src) by extension 'colcon_meta'
[2.076s] Level 1:colcon.colcon_core.package_identification:_identify(src) by extensions ['ros']
[2.076s] Level 1:colcon.colcon_core.package_identification:_identify(src) by extension 'ros'
[2.076s] Level 1:colcon.colcon_core.package_identification:_identify(src) by extensions ['cmake', 'python']
[2.076s] Level 1:colcon.colcon_core.package_identification:_identify(src) by extension 'cmake'
[2.076s] Level 1:colcon.colcon_core.package_identification:_identify(src) by extension 'python'
[2.076s] Level 1:colcon.colcon_core.package_identification:_identify(src) by extensions ['python_setup_py']
[2.077s] Level 1:colcon.colcon_core.package_identification:_identify(src) by extension 'python_setup_py'
[2.077s] Level 1:colcon.colcon_core.package_identification:_identify(src/turtle_bot) by extensions ['ignore', 'ignore_ament_install']
[2.077s] Level 1:colcon.colcon_core.package_identification:_identify(src/turtle_bot) by extension 'ignore'
[2.077s] Level 1:colcon.colcon_core.package_identification:_identify(src/turtle_bot) by extension 'ignore_ament_install'
[2.077s] Level 1:colcon.colcon_core.package_identification:_identify(src/turtle_bot) by extensions ['colcon_pkg']
[2.077s] Level 1:colcon.colcon_core.package_identification:_identify(src/turtle_bot) by extension 'colcon_pkg'
[2.077s] Level 1:colcon.colcon_core.package_identification:_identify(src/turtle_bot) by extensions ['colcon_meta']
[2.077s] Level 1:colcon.colcon_core.package_identification:_identify(src/turtle_bot) by extension 'colcon_meta'
[2.077s] Level 1:colcon.colcon_core.package_identification:_identify(src/turtle_bot) by extensions ['ros']
[2.077s] Level 1:colcon.colcon_core.package_identification:_identify(src/turtle_bot) by extension 'ros'
[2.080s] DEBUG:colcon.colcon_core.package_identification:Package 'src/turtle_bot' with type 'ros.ament_python' and name 'turtle_bot'
[2.089s] Level 1:colcon.colcon_core.package_discovery:discover_packages(recursive) using defaults
[2.089s] Level 1:colcon.colcon_core.package_discovery:discover_packages(ignore) discover
[2.089s] Level 1:colcon.colcon_core.package_discovery:discover_packages(ignore) using defaults
[2.089s] Level 1:colcon.colcon_core.package_discovery:discover_packages(path) discover
[2.089s] Level 1:colcon.colcon_core.package_discovery:discover_packages(path) using defaults
[2.254s] Level 1:colcon.colcon_core.package_discovery:discover_packages(prefix_path) check parameters
[2.257s] Level 1:colcon.colcon_core.package_discovery:discover_packages(prefix_path) discover
[2.302s] DEBUG:colcon.colcon_installed_package_information.package_discovery:Found 1 installed packages in /home/robotica/ros2_ws/install
[2.332s] DEBUG:colcon.colcon_installed_package_information.package_discovery:Found 270 installed packages in /opt/ros/humble
[2.336s] Level 1:colcon.colcon_core.package_discovery:discover_packages(prefix_path) using defaults
[2.486s] Level 5:colcon.colcon_core.verb:set package 'turtle_bot' build argument 'cmake_args' from command line to 'None'
[2.495s] Level 5:colcon.colcon_core.verb:set package 'turtle_bot' build argument 'cmake_target' from command line to 'None'
[2.496s] Level 5:colcon.colcon_core.verb:set package 'turtle_bot' build argument 'cmake_target_skip_unavailable' from command line to 'False'
[2.496s] Level 5:colcon.colcon_core.verb:set package 'turtle_bot' build argument 'cmake_clean_cache' from command line to 'False'
[2.496s] Level 5:colcon.colcon_core.verb:set package 'turtle_bot' build argument 'cmake_clean_first' from command line to 'False'
[2.496s] Level 5:colcon.colcon_core.verb:set package 'turtle_bot' build argument 'cmake_force_configure' from command line to 'False'
[2.496s] Level 5:colcon.colcon_core.verb:set package 'turtle_bot' build argument 'ament_cmake_args' from command line to 'None'
[2.496s] Level 5:colcon.colcon_core.verb:set package 'turtle_bot' build argument 'catkin_cmake_args' from command line to 'None'
[2.496s] Level 5:colcon.colcon_core.verb:set package 'turtle_bot' build argument 'catkin_skip_building_tests' from command line to 'False'
[2.496s] DEBUG:colcon.colcon_core.verb:Building package 'turtle_bot' with the following arguments: {'ament_cmake_args': None, 'build_base': '/home/robotica/ros2_ws/build/turtle_bot', 'catkin_cmake_args': None, 'catkin_skip_building_tests': False, 'cmake_args': None, 'cmake_clean_cache': False, 'cmake_clean_first': False, 'cmake_force_configure': False, 'cmake_target': None, 'cmake_target_skip_unavailable': False, 'install_base': '/home/robotica/ros2_ws/install/turtle_bot', 'merge_install': False, 'path': '/home/robotica/ros2_ws/src/turtle_bot', 'symlink_install': False, 'test_result_base': None}
[2.523s] INFO:colcon.colcon_core.executor:Executing jobs using 'parallel' executor
[2.548s] DEBUG:colcon.colcon_parallel_executor.executor.parallel:run_until_complete
[2.548s] INFO:colcon.colcon_ros.task.ament_python.build:Building ROS package in '/home/robotica/ros2_ws/src/turtle_bot' with build type 'ament_python'
[2.548s] Level 1:colcon.colcon_core.shell:create_environment_hook('turtle_bot', 'ament_prefix_path')
[2.568s] INFO:colcon.colcon_core.plugin_system:Skipping extension 'colcon_core.shell.bat': Not used on non-Windows systems
[2.568s] INFO:colcon.colcon_core.shell:Creating environment hook '/home/robotica/ros2_ws/install/turtle_bot/share/turtle_bot/hook/ament_prefix_path.ps1'
[2.574s] INFO:colcon.colcon_core.shell:Creating environment descriptor '/home/robotica/ros2_ws/install/turtle_bot/share/turtle_bot/hook/ament_prefix_path.dsv'
[2.581s] INFO:colcon.colcon_core.shell:Creating environment hook '/home/robotica/ros2_ws/install/turtle_bot/share/turtle_bot/hook/ament_prefix_path.sh'
[2.614s] INFO:colcon.colcon_core.shell:Skip shell extension 'powershell' for command environment: Not usable outside of PowerShell
[2.625s] DEBUG:colcon.colcon_core.shell:Skip shell extension 'dsv' for command environment
[3.498s] INFO:colcon.colcon_core.task.python.build:Building Python package in '/home/robotica/ros2_ws/src/turtle_bot'
[3.518s] INFO:colcon.colcon_core.shell:Skip shell extension 'powershell' for command environment: Not usable outside of PowerShell
[3.518s] DEBUG:colcon.colcon_core.shell:Skip shell extension 'dsv' for command environment
[4.495s] DEBUG:colcon.colcon_core.event_handler.log_command:Invoking command in '/home/robotica/ros2_ws/src/turtle_bot': PYTHONPATH=/home/robotica/ros2_ws/build/turtle_bot/prefix_override:/home/robotica/ros2_ws/install/turtle_bot/lib/python3.10/site-packages:${PYTHONPATH} /usr/bin/python3 setup.py egg_info --egg-base ../../build/turtle_bot build --build-base /home/robotica/ros2_ws/build/turtle_bot/build install --record /home/robotica/ros2_ws/build/turtle_bot/install.log --single-version-externally-managed
[5.473s] DEBUG:colcon.colcon_core.event_handler.log_command:Invoked command in '/home/robotica/ros2_ws/src/turtle_bot' returned '0': PYTHONPATH=/home/robotica/ros2_ws/build/turtle_bot/prefix_override:/home/robotica/ros2_ws/install/turtle_bot/lib/python3.10/site-packages:${PYTHONPATH} /usr/bin/python3 setup.py egg_info --egg-base ../../build/turtle_bot build --build-base /home/robotica/ros2_ws/build/turtle_bot/build install --record /home/robotica/ros2_ws/build/turtle_bot/install.log --single-version-externally-managed
[5.501s] Level 1:colcon.colcon_core.environment:checking '/home/robotica/ros2_ws/install/turtle_bot' for CMake module files
[5.505s] Level 1:colcon.colcon_core.environment:checking '/home/robotica/ros2_ws/install/turtle_bot' for CMake config files
[5.506s] Level 1:colcon.colcon_core.environment:checking '/home/robotica/ros2_ws/install/turtle_bot/lib'
[5.506s] Level 1:colcon.colcon_core.environment:checking '/home/robotica/ros2_ws/install/turtle_bot/bin'
[5.507s] Level 1:colcon.colcon_core.environment:checking '/home/robotica/ros2_ws/install/turtle_bot/lib/pkgconfig/turtle_bot.pc'
[5.507s] Level 1:colcon.colcon_core.environment:checking '/home/robotica/ros2_ws/install/turtle_bot/lib/python3.10/site-packages'
[5.507s] Level 1:colcon.colcon_core.shell:create_environment_hook('turtle_bot', 'pythonpath')
[5.518s] INFO:colcon.colcon_core.shell:Creating environment hook '/home/robotica/ros2_ws/install/turtle_bot/share/turtle_bot/hook/pythonpath.ps1'
[5.527s] INFO:colcon.colcon_core.shell:Creating environment descriptor '/home/robotica/ros2_ws/install/turtle_bot/share/turtle_bot/hook/pythonpath.dsv'
[5.539s] INFO:colcon.colcon_core.shell:Creating environment hook '/home/robotica/ros2_ws/install/turtle_bot/share/turtle_bot/hook/pythonpath.sh'
[5.551s] Level 1:colcon.colcon_core.environment:checking '/home/robotica/ros2_ws/install/turtle_bot/bin'
[5.551s] Level 1:colcon.colcon_core.environment:create_environment_scripts_only(turtle_bot)
[5.580s] INFO:colcon.colcon_core.shell:Creating package script '/home/robotica/ros2_ws/install/turtle_bot/share/turtle_bot/package.ps1'
[5.583s] INFO:colcon.colcon_core.shell:Creating package descriptor '/home/robotica/ros2_ws/install/turtle_bot/share/turtle_bot/package.dsv'
[5.586s] INFO:colcon.colcon_core.shell:Creating package script '/home/robotica/ros2_ws/install/turtle_bot/share/turtle_bot/package.sh'
[5.591s] INFO:colcon.colcon_core.shell:Creating package script '/home/robotica/ros2_ws/install/turtle_bot/share/turtle_bot/package.bash'
[5.597s] INFO:colcon.colcon_core.shell:Creating package script '/home/robotica/ros2_ws/install/turtle_bot/share/turtle_bot/package.zsh'
[5.599s] Level 1:colcon.colcon_core.environment:create_file_with_runtime_dependencies(/home/robotica/ros2_ws/install/turtle_bot/share/colcon-core/packages/turtle_bot)
[5.601s] DEBUG:colcon.colcon_parallel_executor.executor.parallel:closing loop
[5.605s] DEBUG:colcon.colcon_parallel_executor.executor.parallel:loop closed
[5.606s] DEBUG:colcon.colcon_parallel_executor.executor.parallel:run_until_complete finished with '0'
[5.606s] DEBUG:colcon.colcon_core.event_reactor:joining thread
[5.647s] INFO:colcon.colcon_core.plugin_system:Skipping extension 'colcon_notification.desktop_notification.terminal_notifier': Not used on non-Darwin systems
[5.664s] INFO:colcon.colcon_core.plugin_system:Skipping extension 'colcon_notification.desktop_notification.win32': Not used on non-Windows systems
[5.664s] INFO:colcon.colcon_notification.desktop_notification:Sending desktop notification using 'notify2'
[5.687s] DEBUG:colcon.colcon_core.event_reactor:joined thread
[5.709s] INFO:colcon.colcon_core.shell:Creating prefix script '/home/robotica/ros2_ws/install/local_setup.ps1'
[5.719s] INFO:colcon.colcon_core.shell:Creating prefix util module '/home/robotica/ros2_ws/install/_local_setup_util_ps1.py'
[5.724s] INFO:colcon.colcon_core.shell:Creating prefix chain script '/home/robotica/ros2_ws/install/setup.ps1'
[5.778s] INFO:colcon.colcon_core.shell:Creating prefix script '/home/robotica/ros2_ws/install/local_setup.sh'
[5.779s] INFO:colcon.colcon_core.shell:Creating prefix util module '/home/robotica/ros2_ws/install/_local_setup_util_sh.py'
[5.784s] INFO:colcon.colcon_core.shell:Creating prefix chain script '/home/robotica/ros2_ws/install/setup.sh'
[5.839s] INFO:colcon.colcon_core.shell:Creating prefix script '/home/robotica/ros2_ws/install/local_setup.bash'
[5.852s] INFO:colcon.colcon_core.shell:Creating prefix chain script '/home/robotica/ros2_ws/install/setup.bash'
[5.882s] INFO:colcon.colcon_core.shell:Creating prefix script '/home/robotica/ros2_ws/install/local_setup.zsh'
[5.893s] INFO:colcon.colcon_core.shell:Creating prefix chain script '/home/robotica/ros2_ws/install/setup.zsh'
