running egg_info
creating build/mcqueen/mcqueen.egg-info
writing build/mcqueen/mcqueen.egg-info/PKG-INFO
writing dependency_links to build/mcqueen/mcqueen.egg-info/dependency_links.txt
writing entry points to build/mcqueen/mcqueen.egg-info/entry_points.txt
writing requirements to build/mcqueen/mcqueen.egg-info/requires.txt
writing top-level names to build/mcqueen/mcqueen.egg-info/top_level.txt
writing manifest file 'build/mcqueen/mcqueen.egg-info/SOURCES.txt'
reading manifest file 'build/mcqueen/mcqueen.egg-info/SOURCES.txt'
writing manifest file 'build/mcqueen/mcqueen.egg-info/SOURCES.txt'
running build
running build_py
creating /home/camilo/ros2_ws/src/mcqueen/build/mcqueen/build
creating /home/camilo/ros2_ws/src/mcqueen/build/mcqueen/build/lib
creating /home/camilo/ros2_ws/src/mcqueen/build/mcqueen/build/lib/mcqueen
copying mcqueen/mcqueen_interface.py -> /home/camilo/ros2_ws/src/mcqueen/build/mcqueen/build/lib/mcqueen
copying mcqueen/__init__.py -> /home/camilo/ros2_ws/src/mcqueen/build/mcqueen/build/lib/mcqueen
copying mcqueen/mcqueen_player.py -> /home/camilo/ros2_ws/src/mcqueen/build/mcqueen/build/lib/mcqueen
copying mcqueen/mcqueen_teleop.py -> /home/camilo/ros2_ws/src/mcqueen/build/mcqueen/build/lib/mcqueen
running install
running install_lib
creating /home/camilo/ros2_ws/src/mcqueen/install/mcqueen/lib/python3.10/site-packages/mcqueen
copying /home/camilo/ros2_ws/src/mcqueen/build/mcqueen/build/lib/mcqueen/mcqueen_interface.py -> /home/camilo/ros2_ws/src/mcqueen/install/mcqueen/lib/python3.10/site-packages/mcqueen
copying /home/camilo/ros2_ws/src/mcqueen/build/mcqueen/build/lib/mcqueen/__init__.py -> /home/camilo/ros2_ws/src/mcqueen/install/mcqueen/lib/python3.10/site-packages/mcqueen
copying /home/camilo/ros2_ws/src/mcqueen/build/mcqueen/build/lib/mcqueen/mcqueen_player.py -> /home/camilo/ros2_ws/src/mcqueen/install/mcqueen/lib/python3.10/site-packages/mcqueen
copying /home/camilo/ros2_ws/src/mcqueen/build/mcqueen/build/lib/mcqueen/mcqueen_teleop.py -> /home/camilo/ros2_ws/src/mcqueen/install/mcqueen/lib/python3.10/site-packages/mcqueen
byte-compiling /home/camilo/ros2_ws/src/mcqueen/install/mcqueen/lib/python3.10/site-packages/mcqueen/mcqueen_interface.py to mcqueen_interface.cpython-310.pyc
byte-compiling /home/camilo/ros2_ws/src/mcqueen/install/mcqueen/lib/python3.10/site-packages/mcqueen/__init__.py to __init__.cpython-310.pyc
byte-compiling /home/camilo/ros2_ws/src/mcqueen/install/mcqueen/lib/python3.10/site-packages/mcqueen/mcqueen_player.py to mcqueen_player.cpython-310.pyc
byte-compiling /home/camilo/ros2_ws/src/mcqueen/install/mcqueen/lib/python3.10/site-packages/mcqueen/mcqueen_teleop.py to mcqueen_teleop.cpython-310.pyc
running install_data
creating /home/camilo/ros2_ws/src/mcqueen/install/mcqueen/share/ament_index
creating /home/camilo/ros2_ws/src/mcqueen/install/mcqueen/share/ament_index/resource_index
creating /home/camilo/ros2_ws/src/mcqueen/install/mcqueen/share/ament_index/resource_index/packages
copying resource/mcqueen -> /home/camilo/ros2_ws/src/mcqueen/install/mcqueen/share/ament_index/resource_index/packages
copying package.xml -> /home/camilo/ros2_ws/src/mcqueen/install/mcqueen/share/mcqueen
running install_egg_info
Copying build/mcqueen/mcqueen.egg-info to /home/camilo/ros2_ws/src/mcqueen/install/mcqueen/lib/python3.10/site-packages/mcqueen-0.0.0-py3.10.egg-info
running install_scripts
Installing mcqueen_interface script to /home/camilo/ros2_ws/src/mcqueen/install/mcqueen/lib/mcqueen
Installing mcqueen_player script to /home/camilo/ros2_ws/src/mcqueen/install/mcqueen/lib/mcqueen
Installing mcqueen_teleop script to /home/camilo/ros2_ws/src/mcqueen/install/mcqueen/lib/mcqueen
writing list of installed files to '/home/camilo/ros2_ws/src/mcqueen/build/mcqueen/install.log'
