[0.535s] Invoking command in '/home/camilo/ros2_ws/src/mcqueen': PYTHONPATH=/home/camilo/ros2_ws/src/mcqueen/build/mcqueen/prefix_override:/home/camilo/ros2_ws/src/mcqueen/install/mcqueen/lib/python3.10/site-packages:${PYTHONPATH} /usr/bin/python3 setup.py egg_info --egg-base build/mcqueen build --build-base /home/camilo/ros2_ws/src/mcqueen/build/mcqueen/build install --record /home/camilo/ros2_ws/src/mcqueen/build/mcqueen/install.log --single-version-externally-managed
[0.707s] running egg_info
[0.707s] creating build/mcqueen/mcqueen.egg-info
[0.707s] writing build/mcqueen/mcqueen.egg-info/PKG-INFO
[0.708s] writing dependency_links to build/mcqueen/mcqueen.egg-info/dependency_links.txt
[0.708s] writing entry points to build/mcqueen/mcqueen.egg-info/entry_points.txt
[0.708s] writing requirements to build/mcqueen/mcqueen.egg-info/requires.txt
[0.708s] writing top-level names to build/mcqueen/mcqueen.egg-info/top_level.txt
[0.708s] writing manifest file 'build/mcqueen/mcqueen.egg-info/SOURCES.txt'
[0.709s] reading manifest file 'build/mcqueen/mcqueen.egg-info/SOURCES.txt'
[0.710s] writing manifest file 'build/mcqueen/mcqueen.egg-info/SOURCES.txt'
[0.710s] running build
[0.710s] running build_py
[0.710s] creating /home/camilo/ros2_ws/src/mcqueen/build/mcqueen/build
[0.710s] creating /home/camilo/ros2_ws/src/mcqueen/build/mcqueen/build/lib
[0.711s] creating /home/camilo/ros2_ws/src/mcqueen/build/mcqueen/build/lib/mcqueen
[0.711s] copying mcqueen/mcqueen_interface.py -> /home/camilo/ros2_ws/src/mcqueen/build/mcqueen/build/lib/mcqueen
[0.711s] copying mcqueen/__init__.py -> /home/camilo/ros2_ws/src/mcqueen/build/mcqueen/build/lib/mcqueen
[0.711s] copying mcqueen/mcqueen_player.py -> /home/camilo/ros2_ws/src/mcqueen/build/mcqueen/build/lib/mcqueen
[0.711s] copying mcqueen/mcqueen_teleop.py -> /home/camilo/ros2_ws/src/mcqueen/build/mcqueen/build/lib/mcqueen
[0.711s] running install
[0.711s] running install_lib
[0.711s] creating /home/camilo/ros2_ws/src/mcqueen/install/mcqueen/lib/python3.10/site-packages/mcqueen
[0.711s] copying /home/camilo/ros2_ws/src/mcqueen/build/mcqueen/build/lib/mcqueen/mcqueen_interface.py -> /home/camilo/ros2_ws/src/mcqueen/install/mcqueen/lib/python3.10/site-packages/mcqueen
[0.711s] copying /home/camilo/ros2_ws/src/mcqueen/build/mcqueen/build/lib/mcqueen/__init__.py -> /home/camilo/ros2_ws/src/mcqueen/install/mcqueen/lib/python3.10/site-packages/mcqueen
[0.712s] copying /home/camilo/ros2_ws/src/mcqueen/build/mcqueen/build/lib/mcqueen/mcqueen_player.py -> /home/camilo/ros2_ws/src/mcqueen/install/mcqueen/lib/python3.10/site-packages/mcqueen
[0.712s] copying /home/camilo/ros2_ws/src/mcqueen/build/mcqueen/build/lib/mcqueen/mcqueen_teleop.py -> /home/camilo/ros2_ws/src/mcqueen/install/mcqueen/lib/python3.10/site-packages/mcqueen
[0.712s] byte-compiling /home/camilo/ros2_ws/src/mcqueen/install/mcqueen/lib/python3.10/site-packages/mcqueen/mcqueen_interface.py to mcqueen_interface.cpython-310.pyc
[0.713s] byte-compiling /home/camilo/ros2_ws/src/mcqueen/install/mcqueen/lib/python3.10/site-packages/mcqueen/__init__.py to __init__.cpython-310.pyc
[0.714s] byte-compiling /home/camilo/ros2_ws/src/mcqueen/install/mcqueen/lib/python3.10/site-packages/mcqueen/mcqueen_player.py to mcqueen_player.cpython-310.pyc
[0.714s] byte-compiling /home/camilo/ros2_ws/src/mcqueen/install/mcqueen/lib/python3.10/site-packages/mcqueen/mcqueen_teleop.py to mcqueen_teleop.cpython-310.pyc
[0.714s] running install_data
[0.715s] creating /home/camilo/ros2_ws/src/mcqueen/install/mcqueen/share/ament_index
[0.715s] creating /home/camilo/ros2_ws/src/mcqueen/install/mcqueen/share/ament_index/resource_index
[0.715s] creating /home/camilo/ros2_ws/src/mcqueen/install/mcqueen/share/ament_index/resource_index/packages
[0.715s] copying resource/mcqueen -> /home/camilo/ros2_ws/src/mcqueen/install/mcqueen/share/ament_index/resource_index/packages
[0.715s] copying package.xml -> /home/camilo/ros2_ws/src/mcqueen/install/mcqueen/share/mcqueen
[0.715s] running install_egg_info
[0.716s] Copying build/mcqueen/mcqueen.egg-info to /home/camilo/ros2_ws/src/mcqueen/install/mcqueen/lib/python3.10/site-packages/mcqueen-0.0.0-py3.10.egg-info
[0.717s] running install_scripts
[0.731s] Installing mcqueen_interface script to /home/camilo/ros2_ws/src/mcqueen/install/mcqueen/lib/mcqueen
[0.731s] Installing mcqueen_player script to /home/camilo/ros2_ws/src/mcqueen/install/mcqueen/lib/mcqueen
[0.731s] Installing mcqueen_teleop script to /home/camilo/ros2_ws/src/mcqueen/install/mcqueen/lib/mcqueen
[0.732s] writing list of installed files to '/home/camilo/ros2_ws/src/mcqueen/build/mcqueen/install.log'
[0.752s] Invoked command in '/home/camilo/ros2_ws/src/mcqueen' returned '0': PYTHONPATH=/home/camilo/ros2_ws/src/mcqueen/build/mcqueen/prefix_override:/home/camilo/ros2_ws/src/mcqueen/install/mcqueen/lib/python3.10/site-packages:${PYTHONPATH} /usr/bin/python3 setup.py egg_info --egg-base build/mcqueen build --build-base /home/camilo/ros2_ws/src/mcqueen/build/mcqueen/build install --record /home/camilo/ros2_ws/src/mcqueen/build/mcqueen/install.log --single-version-externally-managed
