[2.228s] Invoking command in '/home/robotica/ros2_ws/src/turtle_bot': PYTHONPATH=/home/robotica/ros2_ws/build/turtle_bot/prefix_override:/home/robotica/ros2_ws/install/turtle_bot/lib/python3.10/site-packages:${PYTHONPATH} /usr/bin/python3 setup.py egg_info --egg-base ../../build/turtle_bot build --build-base /home/robotica/ros2_ws/build/turtle_bot/build install --record /home/robotica/ros2_ws/build/turtle_bot/install.log --single-version-externally-managed
[2.988s] running egg_info
[2.989s] writing ../../build/turtle_bot/turtle_bot.egg-info/PKG-INFO
[2.998s] writing dependency_links to ../../build/turtle_bot/turtle_bot.egg-info/dependency_links.txt
[3.000s] writing entry points to ../../build/turtle_bot/turtle_bot.egg-info/entry_points.txt
[3.001s] writing requirements to ../../build/turtle_bot/turtle_bot.egg-info/requires.txt
[3.002s] writing top-level names to ../../build/turtle_bot/turtle_bot.egg-info/top_level.txt
[3.008s] reading manifest file '../../build/turtle_bot/turtle_bot.egg-info/SOURCES.txt'
[3.010s] writing manifest file '../../build/turtle_bot/turtle_bot.egg-info/SOURCES.txt'
[3.018s] running build
[3.029s] running build_py
[3.029s] copying turtle_bot/turtle_bot_teleop.py -> /home/robotica/ros2_ws/build/turtle_bot/build/lib/turtle_bot
[3.030s] running install
[3.030s] running install_lib
[3.031s] copying /home/robotica/ros2_ws/build/turtle_bot/build/lib/turtle_bot/turtle_bot_teleop.py -> /home/robotica/ros2_ws/install/turtle_bot/lib/python3.10/site-packages/turtle_bot
[3.032s] byte-compiling /home/robotica/ros2_ws/install/turtle_bot/lib/python3.10/site-packages/turtle_bot/turtle_bot_teleop.py to turtle_bot_teleop.cpython-310.pyc
[3.034s] running install_data
[3.035s] running install_egg_info
[3.040s] removing '/home/robotica/ros2_ws/install/turtle_bot/lib/python3.10/site-packages/turtle_bot-0.0.0-py3.10.egg-info' (and everything under it)
[3.050s] Copying ../../build/turtle_bot/turtle_bot.egg-info to /home/robotica/ros2_ws/install/turtle_bot/lib/python3.10/site-packages/turtle_bot-0.0.0-py3.10.egg-info
[3.052s] running install_scripts
[3.133s] Installing turtle_bot_teleop script to /home/robotica/ros2_ws/install/turtle_bot/lib/turtle_bot
[3.134s] writing list of installed files to '/home/robotica/ros2_ws/build/turtle_bot/install.log'
[3.236s] Invoked command in '/home/robotica/ros2_ws/src/turtle_bot' returned '0': PYTHONPATH=/home/robotica/ros2_ws/build/turtle_bot/prefix_override:/home/robotica/ros2_ws/install/turtle_bot/lib/python3.10/site-packages:${PYTHONPATH} /usr/bin/python3 setup.py egg_info --egg-base ../../build/turtle_bot build --build-base /home/robotica/ros2_ws/build/turtle_bot/build install --record /home/robotica/ros2_ws/build/turtle_bot/install.log --single-version-externally-managed
