[0.108s] Invoking command in '/home/camilo/ros2_ws/build/sim_ros2_interface': CMAKE_PREFIX_PATH=${CMAKE_PREFIX_PATH}:/home/camilo/ros2_ws/install/turtle_bot:/opt/ros/humble /usr/bin/cmake --build /home/camilo/ros2_ws/build/sim_ros2_interface -- -j8 -l8
[0.129s] -- Found ament_cmake: 1.3.8 (/opt/ros/humble/share/ament_cmake/cmake)
[0.228s] -- Override CMake install command with custom implementation using symlinks instead of copying resources
[0.239s] -- Found ament_cmake_ros: 0.10.0 (/opt/ros/humble/share/ament_cmake_ros/cmake)
[0.243s] -- Found diagnostic_msgs: 4.2.3 (/opt/ros/humble/share/diagnostic_msgs/cmake)
[0.266s] -- Found rosidl_generator_c: 3.1.5 (/opt/ros/humble/share/rosidl_generator_c/cmake)
[0.270s] -- Found rosidl_adapter: 3.1.5 (/opt/ros/humble/share/rosidl_adapter/cmake)
[0.275s] -- Found rosidl_generator_cpp: 3.1.5 (/opt/ros/humble/share/rosidl_generator_cpp/cmake)
[0.285s] -- Using all available rosidl_typesupport_c: rosidl_typesupport_fastrtps_c;rosidl_typesupport_introspection_c
[0.299s] -- Using all available rosidl_typesupport_cpp: rosidl_typesupport_fastrtps_cpp;rosidl_typesupport_introspection_cpp
[0.393s] -- Found geometry_msgs: 4.2.3 (/opt/ros/humble/share/geometry_msgs/cmake)
[0.431s] -- Found lifecycle_msgs: 1.2.1 (/opt/ros/humble/share/lifecycle_msgs/cmake)
[0.445s] -- Found map_msgs: 2.1.0 (/opt/ros/humble/share/map_msgs/cmake)
[0.690s] -- Found pendulum_msgs: 0.20.3 (/opt/ros/humble/share/pendulum_msgs/cmake)
[0.714s] -- Found rosgraph_msgs: 1.2.1 (/opt/ros/humble/share/rosgraph_msgs/cmake)
[0.742s] -- Found shape_msgs: 4.2.3 (/opt/ros/humble/share/shape_msgs/cmake)
[0.784s] -- Found stereo_msgs: 4.2.3 (/opt/ros/humble/share/stereo_msgs/cmake)
[0.850s] -- Found tf2_geometry_msgs: 0.25.6 (/opt/ros/humble/share/tf2_geometry_msgs/cmake)
[0.854s] -- Found eigen3_cmake_module: 0.1.1 (/opt/ros/humble/share/eigen3_cmake_module/cmake)
[0.856s] -- Ensuring Eigen3 include directory is part of orocos-kdl CMake target
[0.958s] -- Found rmw_implementation_cmake: 6.1.1 (/opt/ros/humble/share/rmw_implementation_cmake/cmake)
[0.960s] -- Found rmw_fastrtps_cpp: 6.2.6 (/opt/ros/humble/share/rmw_fastrtps_cpp/cmake)
[1.053s] -- Using RMW implementation 'rmw_fastrtps_cpp' as default
[1.370s] -- Found trajectory_msgs: 4.2.3 (/opt/ros/humble/share/trajectory_msgs/cmake)
[1.435s] -- Found visualization_msgs: 4.2.3 (/opt/ros/humble/share/visualization_msgs/cmake)
[1.528s] -- Found std_srvs: 4.2.3 (/opt/ros/humble/share/std_srvs/cmake)
[1.542s] -- Found example_interfaces: 0.9.3 (/opt/ros/humble/share/example_interfaces/cmake)
[1.586s] -- Found image_transport: 3.1.8 (/opt/ros/humble/share/image_transport/cmake)
[1.606s] -- CoppeliaSim: COPPELIASIM_INCLUDE_DIR: /home/camilo/Downloads/Coppelia/programming/include.
[1.606s] -- CoppeliaSim: COPPELIASIM_ROOT_DIR: /home/camilo/Downloads/Coppelia.
[1.606s] -- Found CoppeliaSim installation at /home/camilo/Downloads/Coppelia.
[1.606s] -- Checking CoppeliaSim header version...
[1.867s] -- CoppeliaSim headers version 4.5.1 rev4
[1.873s] -- Found Boost: /usr/lib/x86_64-linux-gnu/cmake/Boost-1.74.0/BoostConfig.cmake (found version "1.74.0") found components: regex 
[1.926s] -- Found Boost: /usr/lib/x86_64-linux-gnu/cmake/Boost-1.74.0/BoostConfig.cmake (found version "1.74.0")  
[1.927s] -- Adding simStubsGen command...
[1.974s] -- Reading plugin metadata...
[2.003s] warning: missing python package "xmlschema"; input file callbacks.xml will not be validated.
[2.027s] warning: missing python package "xmlschema"; input file callbacks.xml will not be validated.
[2.037s] -- Plugin: ROS2
[2.102s] -- Configuring done
[2.120s] -- Generating done
[2.121s] -- Build files have been written to: /home/camilo/ros2_ws/build/sim_ros2_interface
[2.153s] [ 10%] [34m[1mGenerating generated/actcli_new.cpp[0m
[2.153s] [ 10%] [34m[1mGenerating generated/actcli_sendGoal.cpp[0m
[2.153s] [ 10%] [34m[1mGenerating generated/actcli_del.cpp[0m
[2.153s] [ 12%] [34m[1mGenerating generated/actsrv_action_abort.cpp[0m
[2.153s] [ 15%] [34m[1mGenerating generated/actsrv_action_canceled.cpp[0m
[2.153s] [ 17%] [34m[1mGenerating generated/actsrv_action_execute.cpp[0m
[2.153s] [ 10%] [34m[1mGenerating generated/actcli_cancelLastGoal.cpp[0m
[2.153s] [ 20%] [34m[1mGenerating generated/actsrv_action_is_active.cpp[0m
[2.438s] [ 27%] [34m[1mGenerating generated/actsrv_action_is_canceling.cpp[0m
[2.438s] [ 30%] [34m[1mGenerating generated/actsrv_action_publish_feedback.cpp[0m
[2.438s] [ 30%] [34m[1mGenerating generated/actsrv_action_succeed.cpp[0m
[2.438s] [ 32%] [34m[1mGenerating generated/actsrv_del.cpp[0m
[2.438s] [ 27%] [34m[1mGenerating generated/actsrv_action_is_executing.cpp[0m
[2.438s] [ 35%] [34m[1mGenerating generated/actsrv_new.cpp[0m
[2.438s] [ 37%] [34m[1mGenerating generated/callbacks.cpp[0m
[2.439s] [ 40%] [34m[1mGenerating generated/callbacks.h[0m
[2.709s] [ 42%] [34m[1mGenerating generated/cli_call.cpp[0m
[2.711s] [ 47%] [34m[1mGenerating generated/cli_new.cpp[0m
[2.711s] [ 47%] [34m[1mGenerating generated/cli_del.cpp[0m
[2.711s] [ 50%] [34m[1mGenerating generated/cli_wait.cpp[0m
[2.712s] [ 52%] [34m[1mGenerating generated/if_list.cpp[0m
[2.718s] [ 55%] [34m[1mGenerating generated/if_new.cpp[0m
[2.718s] [ 57%] [34m[1mGenerating generated/if_const.cpp[0m
[2.720s] [ 60%] [34m[1mGenerating generated/pub_del.cpp[0m
[2.980s] [ 65%] [34m[1mGenerating generated/pub_publish.cpp[0m
[2.980s] [ 65%] [34m[1mGenerating generated/pub_new.cpp[0m
[2.982s] [ 67%] [34m[1mGenerating generated/srv_del.cpp[0m
[2.983s] [ 72%] [34m[1mGenerating generated/sub_del.cpp[0m
[2.983s] [ 72%] [34m[1mGenerating generated/srv_new.cpp[0m
[2.983s] [ 75%] [34m[1mGenerating generated/sub_new.cpp[0m
[3.215s] [ 75%] Built target generate_ros_code
[3.223s] [ 77%] [34m[1mGenerating generated/stubs.cpp, generated/stubs.h, generated/plugin.h, generated/stubsPlusPlus.cpp, generated/index.json, generated/reference.html, generated/lua_calltips.cpp, generated/simROS2-typecheck.lua[0m
[3.247s] /home/camilo/Downloads/Coppelia/programming/include/simStubsGen/generate.py --verbose --xml-file /home/camilo/ros2_ws/src/sim_ros2_interface/meta/callbacks.xml --gen-all /home/camilo/ros2_ws/build/sim_ros2_interface/generated --lua-file /home/camilo/ros2_ws/src/sim_ros2_interface/simROS2.lua
[3.248s] warning: missing python package "xmlschema"; input file callbacks.xml will not be validated.
[3.250s] /usr/bin/python3 /home/camilo/Downloads/Coppelia/programming/include/simStubsGen/generate_lua_xml.py /home/camilo/ros2_ws/src/sim_ros2_interface/meta/callbacks.xml /home/camilo/ros2_ws/src/sim_ros2_interface/simROS2.lua /home/camilo/ros2_ws/build/sim_ros2_interface/generated/lua.xml
[3.272s] warning: missing python package "xmlschema"; input file callbacks.xml will not be validated.
[3.279s] /usr/bin/python3 /home/camilo/Downloads/Coppelia/programming/include/simStubsGen/merge_xml.py /home/camilo/ros2_ws/src/sim_ros2_interface/meta/callbacks.xml /home/camilo/ros2_ws/build/sim_ros2_interface/generated/lua.xml /home/camilo/ros2_ws/build/sim_ros2_interface/generated/reference.xml
[3.305s] xsltproc -o /home/camilo/ros2_ws/build/sim_ros2_interface/generated/reference.html /home/camilo/Downloads/Coppelia/programming/include/simStubsGen/xsl/reference.xsl /home/camilo/ros2_ws/build/sim_ros2_interface/generated/reference.xml
[3.306s] error: program "xsltproc" is missing (hint: try "sudo apt install xsltproc")
[3.310s] gmake[2]: *** [CMakeFiles/simExtROS2.dir/build.make:96: generated/stubs.cpp] Error 1
[3.310s] gmake[1]: *** [CMakeFiles/Makefile2:163: CMakeFiles/simExtROS2.dir/all] Error 2
[3.310s] gmake: *** [Makefile:146: all] Error 2
[3.313s] Invoked command in '/home/camilo/ros2_ws/build/sim_ros2_interface' returned '2': CMAKE_PREFIX_PATH=${CMAKE_PREFIX_PATH}:/home/camilo/ros2_ws/install/turtle_bot:/opt/ros/humble /usr/bin/cmake --build /home/camilo/ros2_ws/build/sim_ros2_interface -- -j8 -l8
