[  2%] [34m[1mGenerating generated/actcli_sendGoal.cpp[0m
[  7%] [34m[1mGenerating generated/actcli_cancelLastGoal.cpp[0m
[  7%] [34m[1mGenerating generated/actcli_new.cpp[0m
[ 10%] [34m[1mGenerating generated/actcli_del.cpp[0m
[ 12%] [34m[1mGenerating generated/actsrv_action_abort.cpp[0m
[ 17%] [34m[1mGenerating generated/actsrv_action_is_active.cpp[0m
[ 17%] [34m[1mGenerating generated/actsrv_action_canceled.cpp[0m
[ 20%] [34m[1mGenerating generated/actsrv_action_execute.cpp[0m
[ 22%] [34m[1mGenerating generated/actsrv_action_is_canceling.cpp[0m
[ 25%] [34m[1mGenerating generated/actsrv_action_is_executing.cpp[0m
[ 27%] [34m[1mGenerating generated/actsrv_action_publish_feedback.cpp[0m
[ 30%] [34m[1mGenerating generated/actsrv_action_succeed.cpp[0m
[ 32%] [34m[1mGenerating generated/actsrv_del.cpp[0m
[ 35%] [34m[1mGenerating generated/actsrv_new.cpp[0m
[ 37%] [34m[1mGenerating generated/callbacks.cpp[0m
[ 40%] [34m[1mGenerating generated/callbacks.h[0m
[ 42%] [34m[1mGenerating generated/cli_call.cpp[0m
[ 45%] [34m[1mGenerating generated/cli_del.cpp[0m
[ 47%] [34m[1mGenerating generated/cli_new.cpp[0m
[ 50%] [34m[1mGenerating generated/cli_wait.cpp[0m
[ 52%] [34m[1mGenerating generated/if_const.cpp[0m
[ 55%] [34m[1mGenerating generated/if_list.cpp[0m
[ 57%] [34m[1mGenerating generated/if_new.cpp[0m
[ 60%] [34m[1mGenerating generated/pub_del.cpp[0m
[ 62%] [34m[1mGenerating generated/pub_new.cpp[0m
[ 65%] [34m[1mGenerating generated/pub_publish.cpp[0m
[ 67%] [34m[1mGenerating generated/srv_del.cpp[0m
[ 70%] [34m[1mGenerating generated/srv_new.cpp[0m
[ 72%] [34m[1mGenerating generated/sub_del.cpp[0m
[ 75%] [34m[1mGenerating generated/sub_new.cpp[0m
[ 75%] Built target generate_ros_code
[35m[1mConsolidate compiler generated dependencies of target simExtROS2[0m
[ 77%] [32mBuilding CXX object CMakeFiles/simExtROS2.dir/src/sim_ros2_interface.cpp.o[0m
[ 80%] [32mBuilding CXX object CMakeFiles/simExtROS2.dir/generated/callbacks.cpp.o[0m
[ 82%] [32m[1mLinking CXX shared library libsimExtROS2.so[0m
[100%] Built target simExtROS2
-- Install configuration: "Release"
-- Execute custom install script
-- Up-to-date symlink: /home/camilo/Downloads/Coppelia/lua/simROS2-typecheck.lua
-- Up-to-date symlink: /home/camilo/Downloads/Coppelia/lua/simROS2.lua
-- Up-to-date symlink: /home/camilo/Downloads/Coppelia/helpFiles/en/simROS2.htm
-- Up-to-date symlink: /home/camilo/Downloads/Coppelia/helpFiles/index/simROS2.json
-- Up-to-date symlink: /home/camilo/Downloads/Coppelia/libsimExtROS2.so
-- Up-to-date symlink: /home/camilo/ros2_ws/install/sim_ros2_interface/share/ament_index/resource_index/package_run_dependencies/sim_ros2_interface
-- Up-to-date symlink: /home/camilo/ros2_ws/install/sim_ros2_interface/share/ament_index/resource_index/parent_prefix_path/sim_ros2_interface
-- Up-to-date symlink: /home/camilo/ros2_ws/install/sim_ros2_interface/share/sim_ros2_interface/environment/ament_prefix_path.sh
-- Up-to-date symlink: /home/camilo/ros2_ws/install/sim_ros2_interface/share/sim_ros2_interface/environment/ament_prefix_path.dsv
-- Up-to-date symlink: /home/camilo/ros2_ws/install/sim_ros2_interface/share/sim_ros2_interface/environment/path.sh
-- Up-to-date symlink: /home/camilo/ros2_ws/install/sim_ros2_interface/share/sim_ros2_interface/environment/path.dsv
-- Up-to-date symlink: /home/camilo/ros2_ws/install/sim_ros2_interface/share/sim_ros2_interface/local_setup.bash
-- Up-to-date symlink: /home/camilo/ros2_ws/install/sim_ros2_interface/share/sim_ros2_interface/local_setup.sh
-- Up-to-date symlink: /home/camilo/ros2_ws/install/sim_ros2_interface/share/sim_ros2_interface/local_setup.zsh
-- Up-to-date symlink: /home/camilo/ros2_ws/install/sim_ros2_interface/share/sim_ros2_interface/local_setup.dsv
-- Symlinking: /home/camilo/ros2_ws/install/sim_ros2_interface/share/sim_ros2_interface/package.dsv
-- Up-to-date symlink: /home/camilo/ros2_ws/install/sim_ros2_interface/share/ament_index/resource_index/packages/sim_ros2_interface
-- Up-to-date symlink: /home/camilo/ros2_ws/install/sim_ros2_interface/share/sim_ros2_interface/cmake/sim_ros2_interfaceConfig.cmake
-- Up-to-date symlink: /home/camilo/ros2_ws/install/sim_ros2_interface/share/sim_ros2_interface/cmake/sim_ros2_interfaceConfig-version.cmake
-- Up-to-date symlink: /home/camilo/ros2_ws/install/sim_ros2_interface/share/sim_ros2_interface/package.xml
