/home/camilo/ros2_ws/install/turtle_bot/lib/python3.10/site-packages/turtle_bot/turtle_bot_interface.py
/home/camilo/ros2_ws/install/turtle_bot/lib/python3.10/site-packages/turtle_bot/turtle_bot_player.py
/home/camilo/ros2_ws/install/turtle_bot/lib/python3.10/site-packages/turtle_bot/__init__.py
/home/camilo/ros2_ws/install/turtle_bot/lib/python3.10/site-packages/turtle_bot/turtle_bot_teleop.py
/home/camilo/ros2_ws/install/turtle_bot/lib/python3.10/site-packages/turtle_bot/__pycache__/turtle_bot_interface.cpython-310.pyc
/home/camilo/ros2_ws/install/turtle_bot/lib/python3.10/site-packages/turtle_bot/__pycache__/turtle_bot_player.cpython-310.pyc
/home/camilo/ros2_ws/install/turtle_bot/lib/python3.10/site-packages/turtle_bot/__pycache__/__init__.cpython-310.pyc
/home/camilo/ros2_ws/install/turtle_bot/lib/python3.10/site-packages/turtle_bot/__pycache__/turtle_bot_teleop.cpython-310.pyc
/home/camilo/ros2_ws/install/turtle_bot/share/ament_index/resource_index/packages/turtle_bot
/home/camilo/ros2_ws/install/turtle_bot/share/turtle_bot/package.xml
/home/camilo/ros2_ws/install/turtle_bot/lib/python3.10/site-packages/turtle_bot-0.0.0-py3.10.egg-info/top_level.txt
/home/camilo/ros2_ws/install/turtle_bot/lib/python3.10/site-packages/turtle_bot-0.0.0-py3.10.egg-info/PKG-INFO
/home/camilo/ros2_ws/install/turtle_bot/lib/python3.10/site-packages/turtle_bot-0.0.0-py3.10.egg-info/entry_points.txt
/home/camilo/ros2_ws/install/turtle_bot/lib/python3.10/site-packages/turtle_bot-0.0.0-py3.10.egg-info/requires.txt
/home/camilo/ros2_ws/install/turtle_bot/lib/python3.10/site-packages/turtle_bot-0.0.0-py3.10.egg-info/SOURCES.txt
/home/camilo/ros2_ws/install/turtle_bot/lib/python3.10/site-packages/turtle_bot-0.0.0-py3.10.egg-info/zip-safe
/home/camilo/ros2_ws/install/turtle_bot/lib/python3.10/site-packages/turtle_bot-0.0.0-py3.10.egg-info/dependency_links.txt
/home/camilo/ros2_ws/install/turtle_bot/lib/turtle_bot/turtle_bot_interface
/home/camilo/ros2_ws/install/turtle_bot/lib/turtle_bot/turtle_bot_player
/home/camilo/ros2_ws/install/turtle_bot/lib/turtle_bot/turtle_bot_teleop
