[0.972s] Invoking command in '/home/camilo/ros2_ws/src/mcqueen': PYTHONPATH=/home/camilo/ros2_ws/build/mcqueen/prefix_override:/home/camilo/ros2_ws/install/mcqueen/lib/python3.10/site-packages:${PYTHONPATH} /usr/bin/python3 setup.py egg_info --egg-base ../../build/mcqueen build --build-base /home/camilo/ros2_ws/build/mcqueen/build install --record /home/camilo/ros2_ws/build/mcqueen/install.log --single-version-externally-managed
[1.151s] running egg_info
[1.151s] writing ../../build/mcqueen/mcqueen.egg-info/PKG-INFO
[1.151s] writing dependency_links to ../../build/mcqueen/mcqueen.egg-info/dependency_links.txt
[1.151s] writing entry points to ../../build/mcqueen/mcqueen.egg-info/entry_points.txt
[1.151s] writing requirements to ../../build/mcqueen/mcqueen.egg-info/requires.txt
[1.151s] writing top-level names to ../../build/mcqueen/mcqueen.egg-info/top_level.txt
[1.153s] reading manifest file '../../build/mcqueen/mcqueen.egg-info/SOURCES.txt'
[1.154s] writing manifest file '../../build/mcqueen/mcqueen.egg-info/SOURCES.txt'
[1.154s] running build
[1.154s] running build_py
[1.154s] running install
[1.155s] running install_lib
[1.155s] running install_data
[1.156s] running install_egg_info
[1.157s] removing '/home/camilo/ros2_ws/install/mcqueen/lib/python3.10/site-packages/mcqueen-0.0.0-py3.10.egg-info' (and everything under it)
[1.158s] Copying ../../build/mcqueen/mcqueen.egg-info to /home/camilo/ros2_ws/install/mcqueen/lib/python3.10/site-packages/mcqueen-0.0.0-py3.10.egg-info
[1.158s] running install_scripts
[1.174s] Installing mcqueen_interface script to /home/camilo/ros2_ws/install/mcqueen/lib/mcqueen
[1.174s] Installing mcqueen_player script to /home/camilo/ros2_ws/install/mcqueen/lib/mcqueen
[1.174s] Installing mcqueen_teleop script to /home/camilo/ros2_ws/install/mcqueen/lib/mcqueen
[1.174s] writing list of installed files to '/home/camilo/ros2_ws/build/mcqueen/install.log'
[1.200s] Invoked command in '/home/camilo/ros2_ws/src/mcqueen' returned '0': PYTHONPATH=/home/camilo/ros2_ws/build/mcqueen/prefix_override:/home/camilo/ros2_ws/install/mcqueen/lib/python3.10/site-packages:${PYTHONPATH} /usr/bin/python3 setup.py egg_info --egg-base ../../build/mcqueen build --build-base /home/camilo/ros2_ws/build/mcqueen/build install --record /home/camilo/ros2_ws/build/mcqueen/install.log --single-version-externally-managed
