[0.510s] Invoking command in '/home/camilo/ros2_ws/src/turtle_bot': PYTHONPATH=/home/camilo/ros2_ws/build/turtle_bot/prefix_override:/home/camilo/ros2_ws/install/turtle_bot/lib/python3.10/site-packages:${PYTHONPATH} /usr/bin/python3 setup.py egg_info --egg-base ../../build/turtle_bot build --build-base /home/camilo/ros2_ws/build/turtle_bot/build install --record /home/camilo/ros2_ws/build/turtle_bot/install.log --single-version-externally-managed
[0.674s] running egg_info
[0.674s] writing ../../build/turtle_bot/turtle_bot.egg-info/PKG-INFO
[0.674s] writing dependency_links to ../../build/turtle_bot/turtle_bot.egg-info/dependency_links.txt
[0.674s] writing entry points to ../../build/turtle_bot/turtle_bot.egg-info/entry_points.txt
[0.674s] writing requirements to ../../build/turtle_bot/turtle_bot.egg-info/requires.txt
[0.674s] writing top-level names to ../../build/turtle_bot/turtle_bot.egg-info/top_level.txt
[0.676s] reading manifest file '../../build/turtle_bot/turtle_bot.egg-info/SOURCES.txt'
[0.676s] writing manifest file '../../build/turtle_bot/turtle_bot.egg-info/SOURCES.txt'
[0.676s] running build
[0.677s] running build_py
[0.677s] copying turtle_bot/turtle_bot_player.py -> /home/camilo/ros2_ws/build/turtle_bot/build/lib/turtle_bot
[0.677s] running install
[0.678s] /usr/lib/python3/dist-packages/setuptools/command/install.py:34: SetuptoolsDeprecationWarning: setup.py install is deprecated. Use build and pip and other standards-based tools.
[0.678s]   warnings.warn(
[0.678s] running install_lib
[0.679s] copying /home/camilo/ros2_ws/build/turtle_bot/build/lib/turtle_bot/turtle_bot_player.py -> /home/camilo/ros2_ws/install/turtle_bot/lib/python3.10/site-packages/turtle_bot
[0.679s] byte-compiling /home/camilo/ros2_ws/install/turtle_bot/lib/python3.10/site-packages/turtle_bot/turtle_bot_player.py to turtle_bot_player.cpython-310.pyc
[0.680s] running install_data
[0.680s] running install_egg_info
[0.681s] removing '/home/camilo/ros2_ws/install/turtle_bot/lib/python3.10/site-packages/turtle_bot-0.0.0-py3.10.egg-info' (and everything under it)
[0.681s] Copying ../../build/turtle_bot/turtle_bot.egg-info to /home/camilo/ros2_ws/install/turtle_bot/lib/python3.10/site-packages/turtle_bot-0.0.0-py3.10.egg-info
[0.682s] running install_scripts
[0.698s] Installing turtle_bot_interface script to /home/camilo/ros2_ws/install/turtle_bot/lib/turtle_bot
[0.698s] Installing turtle_bot_player script to /home/camilo/ros2_ws/install/turtle_bot/lib/turtle_bot
[0.698s] Installing turtle_bot_teleop script to /home/camilo/ros2_ws/install/turtle_bot/lib/turtle_bot
[0.698s] writing list of installed files to '/home/camilo/ros2_ws/build/turtle_bot/install.log'
[0.716s] Invoked command in '/home/camilo/ros2_ws/src/turtle_bot' returned '0': PYTHONPATH=/home/camilo/ros2_ws/build/turtle_bot/prefix_override:/home/camilo/ros2_ws/install/turtle_bot/lib/python3.10/site-packages:${PYTHONPATH} /usr/bin/python3 setup.py egg_info --egg-base ../../build/turtle_bot build --build-base /home/camilo/ros2_ws/build/turtle_bot/build install --record /home/camilo/ros2_ws/build/turtle_bot/install.log --single-version-externally-managed
